[0.709s] Invoking command in '/home/vd/my_ws/src/py_srvcli': PYTHONPATH=/home/vd/my_ws/build/py_srvcli/prefix_override:/usr/lib/python3/dist-packages/colcon_core/task/python/colcon_distutils_commands:/home/vd/my_ws/install/py_srvcli/lib/python3.10/site-packages:${PYTHONPATH} /usr/bin/python3 -W ignore:setup.py install is deprecated -W ignore:easy_install command is deprecated setup.py egg_info --egg-base ../../build/py_srvcli build --build-base /home/vd/my_ws/build/py_srvcli/build install --record /home/vd/my_ws/build/py_srvcli/install.log --single-version-externally-managed install_data
[0.889s] running egg_info
[0.890s] writing ../../build/py_srvcli/py_srvcli.egg-info/PKG-INFO
[0.890s] writing dependency_links to ../../build/py_srvcli/py_srvcli.egg-info/dependency_links.txt
[0.890s] writing entry points to ../../build/py_srvcli/py_srvcli.egg-info/entry_points.txt
[0.890s] writing requirements to ../../build/py_srvcli/py_srvcli.egg-info/requires.txt
[0.891s] writing top-level names to ../../build/py_srvcli/py_srvcli.egg-info/top_level.txt
[0.892s] reading manifest file '../../build/py_srvcli/py_srvcli.egg-info/SOURCES.txt'
[0.892s] adding license file 'LICENSE'
[0.892s] writing manifest file '../../build/py_srvcli/py_srvcli.egg-info/SOURCES.txt'
[0.892s] running build
[0.892s] running build_py
[0.893s] copying py_srvcli/ActionClient.py -> /home/vd/my_ws/build/py_srvcli/build/lib/py_srvcli
[0.893s] copying py_srvcli/ActionServer.py -> /home/vd/my_ws/build/py_srvcli/build/lib/py_srvcli
[0.893s] running install
[0.893s] running install_lib
[0.894s] copying /home/vd/my_ws/build/py_srvcli/build/lib/py_srvcli/ActionClient.py -> /home/vd/my_ws/install/py_srvcli/lib/python3.10/site-packages/py_srvcli
[0.894s] copying /home/vd/my_ws/build/py_srvcli/build/lib/py_srvcli/ActionServer.py -> /home/vd/my_ws/install/py_srvcli/lib/python3.10/site-packages/py_srvcli
[0.894s] byte-compiling /home/vd/my_ws/install/py_srvcli/lib/python3.10/site-packages/py_srvcli/ActionClient.py to ActionClient.cpython-310.pyc
[0.895s] byte-compiling /home/vd/my_ws/install/py_srvcli/lib/python3.10/site-packages/py_srvcli/ActionServer.py to ActionServer.cpython-310.pyc
[0.895s] running install_data
[0.895s] running install_egg_info
[0.897s] removing '/home/vd/my_ws/install/py_srvcli/lib/python3.10/site-packages/py_srvcli-0.0.0-py3.10.egg-info' (and everything under it)
[0.897s] Copying ../../build/py_srvcli/py_srvcli.egg-info to /home/vd/my_ws/install/py_srvcli/lib/python3.10/site-packages/py_srvcli-0.0.0-py3.10.egg-info
[0.897s] running install_scripts
[0.912s] Installing Act_Client script to /home/vd/my_ws/install/py_srvcli/lib/py_srvcli
[0.912s] Installing Act_Server script to /home/vd/my_ws/install/py_srvcli/lib/py_srvcli
[0.912s] Installing client script to /home/vd/my_ws/install/py_srvcli/lib/py_srvcli
[0.912s] Installing server script to /home/vd/my_ws/install/py_srvcli/lib/py_srvcli
[0.913s] writing list of installed files to '/home/vd/my_ws/build/py_srvcli/install.log'
[0.946s] Invoked command in '/home/vd/my_ws/src/py_srvcli' returned '0': PYTHONPATH=/home/vd/my_ws/build/py_srvcli/prefix_override:/usr/lib/python3/dist-packages/colcon_core/task/python/colcon_distutils_commands:/home/vd/my_ws/install/py_srvcli/lib/python3.10/site-packages:${PYTHONPATH} /usr/bin/python3 -W ignore:setup.py install is deprecated -W ignore:easy_install command is deprecated setup.py egg_info --egg-base ../../build/py_srvcli build --build-base /home/vd/my_ws/build/py_srvcli/build install --record /home/vd/my_ws/build/py_srvcli/install.log --single-version-externally-managed install_data
