[0.012s] Invoking command in '/home/vd/my_ws/build/sensor_cpp_interface': CMAKE_PREFIX_PATH=${CMAKE_PREFIX_PATH}:/home/vd/ros_gazebo_workspace/dev_ws/install/my_pkg:/home/vd/ros2ws/install/py_pubsub:/opt/ros/humble /usr/bin/cmake --build /home/vd/my_ws/build/sensor_cpp_interface -- -j4 -l4
[0.094s] [  2%] Built target sensor_cpp_interface__cpp
[0.099s] [ 12%] Built target sensor_cpp_interface__rosidl_generator_c
[0.114s] [ 12%] Built target ament_cmake_python_copy_sensor_cpp_interface
[0.127s] [ 23%] Built target sensor_cpp_interface__rosidl_typesupport_cpp
[0.130s] [ 34%] Built target sensor_cpp_interface__rosidl_typesupport_fastrtps_cpp
[0.133s] [ 44%] Built target sensor_cpp_interface__rosidl_typesupport_introspection_cpp
[0.152s] [ 55%] Built target sensor_cpp_interface__rosidl_typesupport_fastrtps_c
[0.160s] [ 65%] Built target sensor_cpp_interface__rosidl_typesupport_introspection_c
[0.163s] [ 76%] Built target sensor_cpp_interface__rosidl_typesupport_c
[0.185s] [ 76%] Built target sensor_cpp_interface
[0.208s] [ 78%] Built target sensor_cpp_interface__py
[0.237s] [ 87%] Built target sensor_cpp_interface__rosidl_generator_py
[0.268s] [ 91%] Built target sensor_cpp_interface__rosidl_typesupport_fastrtps_c__pyext
[0.269s] [ 95%] Built target sensor_cpp_interface__rosidl_typesupport_c__pyext
[0.274s] [100%] Built target sensor_cpp_interface__rosidl_typesupport_introspection_c__pyext
[0.369s] running egg_info
[0.369s] writing sensor_cpp_interface.egg-info/PKG-INFO
[0.369s] writing dependency_links to sensor_cpp_interface.egg-info/dependency_links.txt
[0.369s] writing top-level names to sensor_cpp_interface.egg-info/top_level.txt
[0.371s] reading manifest file 'sensor_cpp_interface.egg-info/SOURCES.txt'
[0.372s] writing manifest file 'sensor_cpp_interface.egg-info/SOURCES.txt'
[0.393s] [100%] Built target ament_cmake_python_build_sensor_cpp_interface_egg
[0.403s] Invoked command in '/home/vd/my_ws/build/sensor_cpp_interface' returned '0': CMAKE_PREFIX_PATH=${CMAKE_PREFIX_PATH}:/home/vd/ros_gazebo_workspace/dev_ws/install/my_pkg:/home/vd/ros2ws/install/py_pubsub:/opt/ros/humble /usr/bin/cmake --build /home/vd/my_ws/build/sensor_cpp_interface -- -j4 -l4
[0.411s] Invoking command in '/home/vd/my_ws/build/sensor_cpp_interface': CMAKE_PREFIX_PATH=${CMAKE_PREFIX_PATH}:/home/vd/ros_gazebo_workspace/dev_ws/install/my_pkg:/home/vd/ros2ws/install/py_pubsub:/opt/ros/humble /usr/bin/cmake --install /home/vd/my_ws/build/sensor_cpp_interface
[0.417s] -- Install configuration: ""
[0.418s] -- Up-to-date: /home/vd/my_ws/install/sensor_cpp_interface/share/ament_index/resource_index/rosidl_interfaces/sensor_cpp_interface
[0.418s] -- Up-to-date: /home/vd/my_ws/install/sensor_cpp_interface/include/sensor_cpp_interface/sensor_cpp_interface
[0.418s] -- Up-to-date: /home/vd/my_ws/install/sensor_cpp_interface/include/sensor_cpp_interface/sensor_cpp_interface/action
[0.419s] -- Up-to-date: /home/vd/my_ws/install/sensor_cpp_interface/include/sensor_cpp_interface/sensor_cpp_interface/action/detail
[0.419s] -- Up-to-date: /home/vd/my_ws/install/sensor_cpp_interface/include/sensor_cpp_interface/sensor_cpp_interface/action/detail/fib__struct.h
[0.419s] -- Up-to-date: /home/vd/my_ws/install/sensor_cpp_interface/include/sensor_cpp_interface/sensor_cpp_interface/action/detail/fib__type_support.h
[0.419s] -- Up-to-date: /home/vd/my_ws/install/sensor_cpp_interface/include/sensor_cpp_interface/sensor_cpp_interface/action/detail/fib__functions.h
[0.419s] -- Up-to-date: /home/vd/my_ws/install/sensor_cpp_interface/include/sensor_cpp_interface/sensor_cpp_interface/action/detail/fib__functions.c
[0.419s] -- Up-to-date: /home/vd/my_ws/install/sensor_cpp_interface/include/sensor_cpp_interface/sensor_cpp_interface/action/fib.h
[0.419s] -- Up-to-date: /home/vd/my_ws/install/sensor_cpp_interface/include/sensor_cpp_interface/sensor_cpp_interface/msg
[0.419s] -- Up-to-date: /home/vd/my_ws/install/sensor_cpp_interface/include/sensor_cpp_interface/sensor_cpp_interface/msg/rosidl_generator_c__visibility_control.h
[0.419s] -- Up-to-date: /home/vd/my_ws/install/sensor_cpp_interface/include/sensor_cpp_interface/sensor_cpp_interface/msg/sensor_data.h
[0.419s] -- Up-to-date: /home/vd/my_ws/install/sensor_cpp_interface/include/sensor_cpp_interface/sensor_cpp_interface/msg/detail
[0.419s] -- Up-to-date: /home/vd/my_ws/install/sensor_cpp_interface/include/sensor_cpp_interface/sensor_cpp_interface/msg/detail/sensor_data__functions.c
[0.419s] -- Up-to-date: /home/vd/my_ws/install/sensor_cpp_interface/include/sensor_cpp_interface/sensor_cpp_interface/msg/detail/sensor_data__struct.h
[0.419s] -- Up-to-date: /home/vd/my_ws/install/sensor_cpp_interface/include/sensor_cpp_interface/sensor_cpp_interface/msg/detail/sensor_data__type_support.h
[0.419s] -- Up-to-date: /home/vd/my_ws/install/sensor_cpp_interface/include/sensor_cpp_interface/sensor_cpp_interface/msg/detail/sensor_data__functions.h
[0.419s] -- Up-to-date: /home/vd/my_ws/install/sensor_cpp_interface/include/sensor_cpp_interface/sensor_cpp_interface/srv
[0.419s] -- Up-to-date: /home/vd/my_ws/install/sensor_cpp_interface/include/sensor_cpp_interface/sensor_cpp_interface/srv/addition.h
[0.420s] -- Up-to-date: /home/vd/my_ws/install/sensor_cpp_interface/include/sensor_cpp_interface/sensor_cpp_interface/srv/detail
[0.420s] -- Up-to-date: /home/vd/my_ws/install/sensor_cpp_interface/include/sensor_cpp_interface/sensor_cpp_interface/srv/detail/addition__type_support.h
[0.420s] -- Up-to-date: /home/vd/my_ws/install/sensor_cpp_interface/include/sensor_cpp_interface/sensor_cpp_interface/srv/detail/addition__functions.c
[0.420s] -- Up-to-date: /home/vd/my_ws/install/sensor_cpp_interface/include/sensor_cpp_interface/sensor_cpp_interface/srv/detail/addition__functions.h
[0.420s] -- Up-to-date: /home/vd/my_ws/install/sensor_cpp_interface/include/sensor_cpp_interface/sensor_cpp_interface/srv/detail/addition__struct.h
[0.420s] -- Up-to-date: /home/vd/my_ws/install/sensor_cpp_interface/share/sensor_cpp_interface/environment/library_path.sh
[0.420s] -- Up-to-date: /home/vd/my_ws/install/sensor_cpp_interface/share/sensor_cpp_interface/environment/library_path.dsv
[0.421s] -- Up-to-date: /home/vd/my_ws/install/sensor_cpp_interface/lib/libsensor_cpp_interface__rosidl_generator_c.so
[0.421s] -- Up-to-date: /home/vd/my_ws/install/sensor_cpp_interface/include/sensor_cpp_interface/sensor_cpp_interface
[0.421s] -- Up-to-date: /home/vd/my_ws/install/sensor_cpp_interface/include/sensor_cpp_interface/sensor_cpp_interface/action
[0.421s] -- Up-to-date: /home/vd/my_ws/install/sensor_cpp_interface/include/sensor_cpp_interface/sensor_cpp_interface/action/detail
[0.421s] -- Up-to-date: /home/vd/my_ws/install/sensor_cpp_interface/include/sensor_cpp_interface/sensor_cpp_interface/action/detail/fib__rosidl_typesupport_fastrtps_c.h
[0.421s] -- Up-to-date: /home/vd/my_ws/install/sensor_cpp_interface/include/sensor_cpp_interface/sensor_cpp_interface/msg
[0.421s] -- Up-to-date: /home/vd/my_ws/install/sensor_cpp_interface/include/sensor_cpp_interface/sensor_cpp_interface/msg/rosidl_typesupport_fastrtps_c__visibility_control.h
[0.421s] -- Up-to-date: /home/vd/my_ws/install/sensor_cpp_interface/include/sensor_cpp_interface/sensor_cpp_interface/msg/detail
[0.421s] -- Up-to-date: /home/vd/my_ws/install/sensor_cpp_interface/include/sensor_cpp_interface/sensor_cpp_interface/msg/detail/sensor_data__rosidl_typesupport_fastrtps_c.h
[0.421s] -- Up-to-date: /home/vd/my_ws/install/sensor_cpp_interface/include/sensor_cpp_interface/sensor_cpp_interface/srv
[0.421s] -- Up-to-date: /home/vd/my_ws/install/sensor_cpp_interface/include/sensor_cpp_interface/sensor_cpp_interface/srv/detail
[0.421s] -- Up-to-date: /home/vd/my_ws/install/sensor_cpp_interface/include/sensor_cpp_interface/sensor_cpp_interface/srv/detail/addition__rosidl_typesupport_fastrtps_c.h
[0.422s] -- Up-to-date: /home/vd/my_ws/install/sensor_cpp_interface/lib/libsensor_cpp_interface__rosidl_typesupport_fastrtps_c.so
[0.422s] -- Up-to-date: /home/vd/my_ws/install/sensor_cpp_interface/include/sensor_cpp_interface/sensor_cpp_interface
[0.422s] -- Up-to-date: /home/vd/my_ws/install/sensor_cpp_interface/include/sensor_cpp_interface/sensor_cpp_interface/action
[0.422s] -- Up-to-date: /home/vd/my_ws/install/sensor_cpp_interface/include/sensor_cpp_interface/sensor_cpp_interface/action/detail
[0.422s] -- Up-to-date: /home/vd/my_ws/install/sensor_cpp_interface/include/sensor_cpp_interface/sensor_cpp_interface/action/detail/fib__rosidl_typesupport_introspection_c.h
[0.422s] -- Up-to-date: /home/vd/my_ws/install/sensor_cpp_interface/include/sensor_cpp_interface/sensor_cpp_interface/action/detail/fib__type_support.c
[0.422s] -- Up-to-date: /home/vd/my_ws/install/sensor_cpp_interface/include/sensor_cpp_interface/sensor_cpp_interface/msg
[0.422s] -- Up-to-date: /home/vd/my_ws/install/sensor_cpp_interface/include/sensor_cpp_interface/sensor_cpp_interface/msg/rosidl_typesupport_introspection_c__visibility_control.h
[0.422s] -- Up-to-date: /home/vd/my_ws/install/sensor_cpp_interface/include/sensor_cpp_interface/sensor_cpp_interface/msg/detail
[0.422s] -- Up-to-date: /home/vd/my_ws/install/sensor_cpp_interface/include/sensor_cpp_interface/sensor_cpp_interface/msg/detail/sensor_data__rosidl_typesupport_introspection_c.h
[0.422s] -- Up-to-date: /home/vd/my_ws/install/sensor_cpp_interface/include/sensor_cpp_interface/sensor_cpp_interface/msg/detail/sensor_data__type_support.c
[0.422s] -- Up-to-date: /home/vd/my_ws/install/sensor_cpp_interface/include/sensor_cpp_interface/sensor_cpp_interface/srv
[0.422s] -- Up-to-date: /home/vd/my_ws/install/sensor_cpp_interface/include/sensor_cpp_interface/sensor_cpp_interface/srv/detail
[0.422s] -- Up-to-date: /home/vd/my_ws/install/sensor_cpp_interface/include/sensor_cpp_interface/sensor_cpp_interface/srv/detail/addition__rosidl_typesupport_introspection_c.h
[0.423s] -- Up-to-date: /home/vd/my_ws/install/sensor_cpp_interface/include/sensor_cpp_interface/sensor_cpp_interface/srv/detail/addition__type_support.c
[0.423s] -- Up-to-date: /home/vd/my_ws/install/sensor_cpp_interface/lib/libsensor_cpp_interface__rosidl_typesupport_introspection_c.so
[0.423s] -- Up-to-date: /home/vd/my_ws/install/sensor_cpp_interface/lib/libsensor_cpp_interface__rosidl_typesupport_c.so
[0.423s] -- Up-to-date: /home/vd/my_ws/install/sensor_cpp_interface/include/sensor_cpp_interface/sensor_cpp_interface
[0.423s] -- Up-to-date: /home/vd/my_ws/install/sensor_cpp_interface/include/sensor_cpp_interface/sensor_cpp_interface/action
[0.423s] -- Up-to-date: /home/vd/my_ws/install/sensor_cpp_interface/include/sensor_cpp_interface/sensor_cpp_interface/action/fib.hpp
[0.423s] -- Up-to-date: /home/vd/my_ws/install/sensor_cpp_interface/include/sensor_cpp_interface/sensor_cpp_interface/action/detail
[0.423s] -- Up-to-date: /home/vd/my_ws/install/sensor_cpp_interface/include/sensor_cpp_interface/sensor_cpp_interface/action/detail/fib__builder.hpp
[0.423s] -- Up-to-date: /home/vd/my_ws/install/sensor_cpp_interface/include/sensor_cpp_interface/sensor_cpp_interface/action/detail/fib__traits.hpp
[0.423s] -- Up-to-date: /home/vd/my_ws/install/sensor_cpp_interface/include/sensor_cpp_interface/sensor_cpp_interface/action/detail/fib__struct.hpp
[0.423s] -- Up-to-date: /home/vd/my_ws/install/sensor_cpp_interface/include/sensor_cpp_interface/sensor_cpp_interface/msg
[0.423s] -- Up-to-date: /home/vd/my_ws/install/sensor_cpp_interface/include/sensor_cpp_interface/sensor_cpp_interface/msg/detail
[0.423s] -- Up-to-date: /home/vd/my_ws/install/sensor_cpp_interface/include/sensor_cpp_interface/sensor_cpp_interface/msg/detail/sensor_data__struct.hpp
[0.423s] -- Up-to-date: /home/vd/my_ws/install/sensor_cpp_interface/include/sensor_cpp_interface/sensor_cpp_interface/msg/detail/sensor_data__traits.hpp
[0.423s] -- Up-to-date: /home/vd/my_ws/install/sensor_cpp_interface/include/sensor_cpp_interface/sensor_cpp_interface/msg/detail/sensor_data__builder.hpp
[0.423s] -- Up-to-date: /home/vd/my_ws/install/sensor_cpp_interface/include/sensor_cpp_interface/sensor_cpp_interface/msg/sensor_data.hpp
[0.424s] -- Up-to-date: /home/vd/my_ws/install/sensor_cpp_interface/include/sensor_cpp_interface/sensor_cpp_interface/srv
[0.424s] -- Up-to-date: /home/vd/my_ws/install/sensor_cpp_interface/include/sensor_cpp_interface/sensor_cpp_interface/srv/addition.hpp
[0.424s] -- Up-to-date: /home/vd/my_ws/install/sensor_cpp_interface/include/sensor_cpp_interface/sensor_cpp_interface/srv/detail
[0.424s] -- Up-to-date: /home/vd/my_ws/install/sensor_cpp_interface/include/sensor_cpp_interface/sensor_cpp_interface/srv/detail/addition__builder.hpp
[0.424s] -- Up-to-date: /home/vd/my_ws/install/sensor_cpp_interface/include/sensor_cpp_interface/sensor_cpp_interface/srv/detail/addition__struct.hpp
[0.424s] -- Up-to-date: /home/vd/my_ws/install/sensor_cpp_interface/include/sensor_cpp_interface/sensor_cpp_interface/srv/detail/addition__traits.hpp
[0.424s] -- Up-to-date: /home/vd/my_ws/install/sensor_cpp_interface/include/sensor_cpp_interface/sensor_cpp_interface
[0.424s] -- Up-to-date: /home/vd/my_ws/install/sensor_cpp_interface/include/sensor_cpp_interface/sensor_cpp_interface/action
[0.424s] -- Up-to-date: /home/vd/my_ws/install/sensor_cpp_interface/include/sensor_cpp_interface/sensor_cpp_interface/action/detail
[0.424s] -- Up-to-date: /home/vd/my_ws/install/sensor_cpp_interface/include/sensor_cpp_interface/sensor_cpp_interface/action/detail/dds_fastrtps
[0.424s] -- Up-to-date: /home/vd/my_ws/install/sensor_cpp_interface/include/sensor_cpp_interface/sensor_cpp_interface/action/detail/fib__rosidl_typesupport_fastrtps_cpp.hpp
[0.424s] -- Up-to-date: /home/vd/my_ws/install/sensor_cpp_interface/include/sensor_cpp_interface/sensor_cpp_interface/msg
[0.424s] -- Up-to-date: /home/vd/my_ws/install/sensor_cpp_interface/include/sensor_cpp_interface/sensor_cpp_interface/msg/rosidl_typesupport_fastrtps_cpp__visibility_control.h
[0.424s] -- Up-to-date: /home/vd/my_ws/install/sensor_cpp_interface/include/sensor_cpp_interface/sensor_cpp_interface/msg/detail
[0.424s] -- Up-to-date: /home/vd/my_ws/install/sensor_cpp_interface/include/sensor_cpp_interface/sensor_cpp_interface/msg/detail/dds_fastrtps
[0.424s] -- Up-to-date: /home/vd/my_ws/install/sensor_cpp_interface/include/sensor_cpp_interface/sensor_cpp_interface/msg/detail/sensor_data__rosidl_typesupport_fastrtps_cpp.hpp
[0.424s] -- Up-to-date: /home/vd/my_ws/install/sensor_cpp_interface/include/sensor_cpp_interface/sensor_cpp_interface/srv
[0.424s] -- Up-to-date: /home/vd/my_ws/install/sensor_cpp_interface/include/sensor_cpp_interface/sensor_cpp_interface/srv/detail
[0.425s] -- Up-to-date: /home/vd/my_ws/install/sensor_cpp_interface/include/sensor_cpp_interface/sensor_cpp_interface/srv/detail/dds_fastrtps
[0.425s] -- Up-to-date: /home/vd/my_ws/install/sensor_cpp_interface/include/sensor_cpp_interface/sensor_cpp_interface/srv/detail/addition__rosidl_typesupport_fastrtps_cpp.hpp
[0.425s] -- Up-to-date: /home/vd/my_ws/install/sensor_cpp_interface/lib/libsensor_cpp_interface__rosidl_typesupport_fastrtps_cpp.so
[0.425s] -- Up-to-date: /home/vd/my_ws/install/sensor_cpp_interface/include/sensor_cpp_interface/sensor_cpp_interface
[0.425s] -- Up-to-date: /home/vd/my_ws/install/sensor_cpp_interface/include/sensor_cpp_interface/sensor_cpp_interface/action
[0.425s] -- Up-to-date: /home/vd/my_ws/install/sensor_cpp_interface/include/sensor_cpp_interface/sensor_cpp_interface/action/detail
[0.425s] -- Up-to-date: /home/vd/my_ws/install/sensor_cpp_interface/include/sensor_cpp_interface/sensor_cpp_interface/action/detail/fib__rosidl_typesupport_introspection_cpp.hpp
[0.425s] -- Up-to-date: /home/vd/my_ws/install/sensor_cpp_interface/include/sensor_cpp_interface/sensor_cpp_interface/action/detail/fib__type_support.cpp
[0.425s] -- Up-to-date: /home/vd/my_ws/install/sensor_cpp_interface/include/sensor_cpp_interface/sensor_cpp_interface/msg
[0.425s] -- Up-to-date: /home/vd/my_ws/install/sensor_cpp_interface/include/sensor_cpp_interface/sensor_cpp_interface/msg/detail
[0.425s] -- Up-to-date: /home/vd/my_ws/install/sensor_cpp_interface/include/sensor_cpp_interface/sensor_cpp_interface/msg/detail/sensor_data__rosidl_typesupport_introspection_cpp.hpp
[0.425s] -- Up-to-date: /home/vd/my_ws/install/sensor_cpp_interface/include/sensor_cpp_interface/sensor_cpp_interface/msg/detail/sensor_data__type_support.cpp
[0.425s] -- Up-to-date: /home/vd/my_ws/install/sensor_cpp_interface/include/sensor_cpp_interface/sensor_cpp_interface/srv
[0.425s] -- Up-to-date: /home/vd/my_ws/install/sensor_cpp_interface/include/sensor_cpp_interface/sensor_cpp_interface/srv/detail
[0.425s] -- Up-to-date: /home/vd/my_ws/install/sensor_cpp_interface/include/sensor_cpp_interface/sensor_cpp_interface/srv/detail/addition__rosidl_typesupport_introspection_cpp.hpp
[0.425s] -- Up-to-date: /home/vd/my_ws/install/sensor_cpp_interface/include/sensor_cpp_interface/sensor_cpp_interface/srv/detail/addition__type_support.cpp
[0.426s] -- Up-to-date: /home/vd/my_ws/install/sensor_cpp_interface/lib/libsensor_cpp_interface__rosidl_typesupport_introspection_cpp.so
[0.426s] -- Up-to-date: /home/vd/my_ws/install/sensor_cpp_interface/lib/libsensor_cpp_interface__rosidl_typesupport_cpp.so
[0.426s] -- Up-to-date: /home/vd/my_ws/install/sensor_cpp_interface/share/sensor_cpp_interface/environment/pythonpath.sh
[0.426s] -- Up-to-date: /home/vd/my_ws/install/sensor_cpp_interface/share/sensor_cpp_interface/environment/pythonpath.dsv
[0.427s] -- Up-to-date: /home/vd/my_ws/install/sensor_cpp_interface/local/lib/python3.10/dist-packages/sensor_cpp_interface-0.0.0-py3.10.egg-info
[0.427s] -- Installing: /home/vd/my_ws/install/sensor_cpp_interface/local/lib/python3.10/dist-packages/sensor_cpp_interface-0.0.0-py3.10.egg-info/SOURCES.txt
[0.427s] -- Installing: /home/vd/my_ws/install/sensor_cpp_interface/local/lib/python3.10/dist-packages/sensor_cpp_interface-0.0.0-py3.10.egg-info/PKG-INFO
[0.427s] -- Installing: /home/vd/my_ws/install/sensor_cpp_interface/local/lib/python3.10/dist-packages/sensor_cpp_interface-0.0.0-py3.10.egg-info/top_level.txt
[0.428s] -- Installing: /home/vd/my_ws/install/sensor_cpp_interface/local/lib/python3.10/dist-packages/sensor_cpp_interface-0.0.0-py3.10.egg-info/dependency_links.txt
[0.428s] -- Up-to-date: /home/vd/my_ws/install/sensor_cpp_interface/local/lib/python3.10/dist-packages/sensor_cpp_interface
[0.428s] -- Up-to-date: /home/vd/my_ws/install/sensor_cpp_interface/local/lib/python3.10/dist-packages/sensor_cpp_interface/sensor_cpp_interface_s__rosidl_typesupport_c.cpython-310-x86_64-linux-gnu.so
[0.428s] -- Up-to-date: /home/vd/my_ws/install/sensor_cpp_interface/local/lib/python3.10/dist-packages/sensor_cpp_interface/sensor_cpp_interface_s__rosidl_typesupport_introspection_c.cpython-310-x86_64-linux-gnu.so
[0.428s] -- Up-to-date: /home/vd/my_ws/install/sensor_cpp_interface/local/lib/python3.10/dist-packages/sensor_cpp_interface/_sensor_cpp_interface_s.ep.rosidl_typesupport_c.c
[0.428s] -- Up-to-date: /home/vd/my_ws/install/sensor_cpp_interface/local/lib/python3.10/dist-packages/sensor_cpp_interface/_sensor_cpp_interface_s.ep.rosidl_typesupport_fastrtps_c.c
[0.428s] -- Up-to-date: /home/vd/my_ws/install/sensor_cpp_interface/local/lib/python3.10/dist-packages/sensor_cpp_interface/libsensor_cpp_interface__rosidl_generator_py.so
[0.428s] -- Up-to-date: /home/vd/my_ws/install/sensor_cpp_interface/local/lib/python3.10/dist-packages/sensor_cpp_interface/_sensor_cpp_interface_s.ep.rosidl_typesupport_introspection_c.c
[0.428s] -- Up-to-date: /home/vd/my_ws/install/sensor_cpp_interface/local/lib/python3.10/dist-packages/sensor_cpp_interface/action
[0.428s] -- Up-to-date: /home/vd/my_ws/install/sensor_cpp_interface/local/lib/python3.10/dist-packages/sensor_cpp_interface/action/_fib_s.c
[0.429s] -- Up-to-date: /home/vd/my_ws/install/sensor_cpp_interface/local/lib/python3.10/dist-packages/sensor_cpp_interface/action/__init__.py
[0.429s] -- Up-to-date: /home/vd/my_ws/install/sensor_cpp_interface/local/lib/python3.10/dist-packages/sensor_cpp_interface/action/_fib.py
[0.429s] -- Up-to-date: /home/vd/my_ws/install/sensor_cpp_interface/local/lib/python3.10/dist-packages/sensor_cpp_interface/__init__.py
[0.429s] -- Up-to-date: /home/vd/my_ws/install/sensor_cpp_interface/local/lib/python3.10/dist-packages/sensor_cpp_interface/msg
[0.429s] -- Up-to-date: /home/vd/my_ws/install/sensor_cpp_interface/local/lib/python3.10/dist-packages/sensor_cpp_interface/msg/_sensor_data_s.c
[0.429s] -- Up-to-date: /home/vd/my_ws/install/sensor_cpp_interface/local/lib/python3.10/dist-packages/sensor_cpp_interface/msg/_sensor_data.py
[0.429s] -- Up-to-date: /home/vd/my_ws/install/sensor_cpp_interface/local/lib/python3.10/dist-packages/sensor_cpp_interface/msg/__init__.py
[0.429s] -- Up-to-date: /home/vd/my_ws/install/sensor_cpp_interface/local/lib/python3.10/dist-packages/sensor_cpp_interface/sensor_cpp_interface_s__rosidl_typesupport_fastrtps_c.cpython-310-x86_64-linux-gnu.so
[0.429s] -- Up-to-date: /home/vd/my_ws/install/sensor_cpp_interface/local/lib/python3.10/dist-packages/sensor_cpp_interface/srv
[0.429s] -- Up-to-date: /home/vd/my_ws/install/sensor_cpp_interface/local/lib/python3.10/dist-packages/sensor_cpp_interface/srv/_addition_s.c
[0.429s] -- Up-to-date: /home/vd/my_ws/install/sensor_cpp_interface/local/lib/python3.10/dist-packages/sensor_cpp_interface/srv/__init__.py
[0.429s] -- Up-to-date: /home/vd/my_ws/install/sensor_cpp_interface/local/lib/python3.10/dist-packages/sensor_cpp_interface/srv/_addition.py
[0.465s] Listing '/home/vd/my_ws/install/sensor_cpp_interface/local/lib/python3.10/dist-packages/sensor_cpp_interface'...
[0.465s] Listing '/home/vd/my_ws/install/sensor_cpp_interface/local/lib/python3.10/dist-packages/sensor_cpp_interface/action'...
[0.465s] Listing '/home/vd/my_ws/install/sensor_cpp_interface/local/lib/python3.10/dist-packages/sensor_cpp_interface/msg'...
[0.465s] Listing '/home/vd/my_ws/install/sensor_cpp_interface/local/lib/python3.10/dist-packages/sensor_cpp_interface/srv'...
[0.470s] -- Up-to-date: /home/vd/my_ws/install/sensor_cpp_interface/local/lib/python3.10/dist-packages/sensor_cpp_interface/sensor_cpp_interface_s__rosidl_typesupport_fastrtps_c.cpython-310-x86_64-linux-gnu.so
[0.471s] -- Up-to-date: /home/vd/my_ws/install/sensor_cpp_interface/local/lib/python3.10/dist-packages/sensor_cpp_interface/sensor_cpp_interface_s__rosidl_typesupport_introspection_c.cpython-310-x86_64-linux-gnu.so
[0.471s] -- Up-to-date: /home/vd/my_ws/install/sensor_cpp_interface/local/lib/python3.10/dist-packages/sensor_cpp_interface/sensor_cpp_interface_s__rosidl_typesupport_c.cpython-310-x86_64-linux-gnu.so
[0.472s] -- Up-to-date: /home/vd/my_ws/install/sensor_cpp_interface/lib/libsensor_cpp_interface__rosidl_generator_py.so
[0.472s] -- Up-to-date: /home/vd/my_ws/install/sensor_cpp_interface/share/sensor_cpp_interface/msg/SensorData.idl
[0.472s] -- Up-to-date: /home/vd/my_ws/install/sensor_cpp_interface/share/sensor_cpp_interface/srv/Addition.idl
[0.472s] -- Up-to-date: /home/vd/my_ws/install/sensor_cpp_interface/share/sensor_cpp_interface/action/Fib.idl
[0.473s] -- Up-to-date: /home/vd/my_ws/install/sensor_cpp_interface/share/sensor_cpp_interface/msg/SensorData.msg
[0.473s] -- Up-to-date: /home/vd/my_ws/install/sensor_cpp_interface/share/sensor_cpp_interface/srv/Addition.srv
[0.473s] -- Up-to-date: /home/vd/my_ws/install/sensor_cpp_interface/share/sensor_cpp_interface/srv/Addition_Request.msg
[0.473s] -- Up-to-date: /home/vd/my_ws/install/sensor_cpp_interface/share/sensor_cpp_interface/srv/Addition_Response.msg
[0.473s] -- Up-to-date: /home/vd/my_ws/install/sensor_cpp_interface/share/sensor_cpp_interface/action/Fib.action
[0.473s] -- Up-to-date: /home/vd/my_ws/install/sensor_cpp_interface/share/ament_index/resource_index/package_run_dependencies/sensor_cpp_interface
[0.473s] -- Up-to-date: /home/vd/my_ws/install/sensor_cpp_interface/share/ament_index/resource_index/parent_prefix_path/sensor_cpp_interface
[0.473s] -- Installing: /home/vd/my_ws/install/sensor_cpp_interface/share/sensor_cpp_interface/environment/ament_prefix_path.sh
[0.473s] -- Up-to-date: /home/vd/my_ws/install/sensor_cpp_interface/share/sensor_cpp_interface/environment/ament_prefix_path.dsv
[0.473s] -- Installing: /home/vd/my_ws/install/sensor_cpp_interface/share/sensor_cpp_interface/environment/path.sh
[0.474s] -- Up-to-date: /home/vd/my_ws/install/sensor_cpp_interface/share/sensor_cpp_interface/environment/path.dsv
[0.474s] -- Up-to-date: /home/vd/my_ws/install/sensor_cpp_interface/share/sensor_cpp_interface/local_setup.bash
[0.474s] -- Up-to-date: /home/vd/my_ws/install/sensor_cpp_interface/share/sensor_cpp_interface/local_setup.sh
[0.474s] -- Up-to-date: /home/vd/my_ws/install/sensor_cpp_interface/share/sensor_cpp_interface/local_setup.zsh
[0.474s] -- Up-to-date: /home/vd/my_ws/install/sensor_cpp_interface/share/sensor_cpp_interface/local_setup.dsv
[0.474s] -- Installing: /home/vd/my_ws/install/sensor_cpp_interface/share/sensor_cpp_interface/package.dsv
[0.474s] -- Up-to-date: /home/vd/my_ws/install/sensor_cpp_interface/share/ament_index/resource_index/packages/sensor_cpp_interface
[0.475s] -- Up-to-date: /home/vd/my_ws/install/sensor_cpp_interface/share/sensor_cpp_interface/cmake/export_sensor_cpp_interface__rosidl_generator_cExport.cmake
[0.475s] -- Up-to-date: /home/vd/my_ws/install/sensor_cpp_interface/share/sensor_cpp_interface/cmake/export_sensor_cpp_interface__rosidl_generator_cExport-noconfig.cmake
[0.476s] -- Up-to-date: /home/vd/my_ws/install/sensor_cpp_interface/share/sensor_cpp_interface/cmake/export_sensor_cpp_interface__rosidl_typesupport_fastrtps_cExport.cmake
[0.476s] -- Up-to-date: /home/vd/my_ws/install/sensor_cpp_interface/share/sensor_cpp_interface/cmake/export_sensor_cpp_interface__rosidl_typesupport_fastrtps_cExport-noconfig.cmake
[0.476s] -- Up-to-date: /home/vd/my_ws/install/sensor_cpp_interface/share/sensor_cpp_interface/cmake/sensor_cpp_interface__rosidl_typesupport_introspection_cExport.cmake
[0.476s] -- Up-to-date: /home/vd/my_ws/install/sensor_cpp_interface/share/sensor_cpp_interface/cmake/sensor_cpp_interface__rosidl_typesupport_introspection_cExport-noconfig.cmake
[0.476s] -- Up-to-date: /home/vd/my_ws/install/sensor_cpp_interface/share/sensor_cpp_interface/cmake/sensor_cpp_interface__rosidl_typesupport_cExport.cmake
[0.476s] -- Up-to-date: /home/vd/my_ws/install/sensor_cpp_interface/share/sensor_cpp_interface/cmake/sensor_cpp_interface__rosidl_typesupport_cExport-noconfig.cmake
[0.477s] -- Up-to-date: /home/vd/my_ws/install/sensor_cpp_interface/share/sensor_cpp_interface/cmake/export_sensor_cpp_interface__rosidl_generator_cppExport.cmake
[0.477s] -- Up-to-date: /home/vd/my_ws/install/sensor_cpp_interface/share/sensor_cpp_interface/cmake/export_sensor_cpp_interface__rosidl_typesupport_fastrtps_cppExport.cmake
[0.477s] -- Up-to-date: /home/vd/my_ws/install/sensor_cpp_interface/share/sensor_cpp_interface/cmake/export_sensor_cpp_interface__rosidl_typesupport_fastrtps_cppExport-noconfig.cmake
[0.478s] -- Up-to-date: /home/vd/my_ws/install/sensor_cpp_interface/share/sensor_cpp_interface/cmake/sensor_cpp_interface__rosidl_typesupport_introspection_cppExport.cmake
[0.478s] -- Up-to-date: /home/vd/my_ws/install/sensor_cpp_interface/share/sensor_cpp_interface/cmake/sensor_cpp_interface__rosidl_typesupport_introspection_cppExport-noconfig.cmake
[0.478s] -- Up-to-date: /home/vd/my_ws/install/sensor_cpp_interface/share/sensor_cpp_interface/cmake/sensor_cpp_interface__rosidl_typesupport_cppExport.cmake
[0.478s] -- Up-to-date: /home/vd/my_ws/install/sensor_cpp_interface/share/sensor_cpp_interface/cmake/sensor_cpp_interface__rosidl_typesupport_cppExport-noconfig.cmake
[0.478s] -- Up-to-date: /home/vd/my_ws/install/sensor_cpp_interface/share/sensor_cpp_interface/cmake/export_sensor_cpp_interface__rosidl_generator_pyExport.cmake
[0.478s] -- Up-to-date: /home/vd/my_ws/install/sensor_cpp_interface/share/sensor_cpp_interface/cmake/export_sensor_cpp_interface__rosidl_generator_pyExport-noconfig.cmake
[0.479s] -- Up-to-date: /home/vd/my_ws/install/sensor_cpp_interface/share/sensor_cpp_interface/cmake/rosidl_cmake-extras.cmake
[0.479s] -- Up-to-date: /home/vd/my_ws/install/sensor_cpp_interface/share/sensor_cpp_interface/cmake/ament_cmake_export_dependencies-extras.cmake
[0.479s] -- Up-to-date: /home/vd/my_ws/install/sensor_cpp_interface/share/sensor_cpp_interface/cmake/ament_cmake_export_include_directories-extras.cmake
[0.479s] -- Up-to-date: /home/vd/my_ws/install/sensor_cpp_interface/share/sensor_cpp_interface/cmake/ament_cmake_export_libraries-extras.cmake
[0.479s] -- Up-to-date: /home/vd/my_ws/install/sensor_cpp_interface/share/sensor_cpp_interface/cmake/ament_cmake_export_targets-extras.cmake
[0.479s] -- Up-to-date: /home/vd/my_ws/install/sensor_cpp_interface/share/sensor_cpp_interface/cmake/rosidl_cmake_export_typesupport_targets-extras.cmake
[0.479s] -- Up-to-date: /home/vd/my_ws/install/sensor_cpp_interface/share/sensor_cpp_interface/cmake/rosidl_cmake_export_typesupport_libraries-extras.cmake
[0.479s] -- Up-to-date: /home/vd/my_ws/install/sensor_cpp_interface/share/sensor_cpp_interface/cmake/sensor_cpp_interfaceConfig.cmake
[0.479s] -- Up-to-date: /home/vd/my_ws/install/sensor_cpp_interface/share/sensor_cpp_interface/cmake/sensor_cpp_interfaceConfig-version.cmake
[0.479s] -- Up-to-date: /home/vd/my_ws/install/sensor_cpp_interface/share/sensor_cpp_interface/package.xml
[0.481s] Invoked command in '/home/vd/my_ws/build/sensor_cpp_interface' returned '0': CMAKE_PREFIX_PATH=${CMAKE_PREFIX_PATH}:/home/vd/ros_gazebo_workspace/dev_ws/install/my_pkg:/home/vd/ros2ws/install/py_pubsub:/opt/ros/humble /usr/bin/cmake --install /home/vd/my_ws/build/sensor_cpp_interface
