running egg_info
writing ../../build/py_srvcli/py_srvcli.egg-info/PKG-INFO
writing dependency_links to ../../build/py_srvcli/py_srvcli.egg-info/dependency_links.txt
writing entry points to ../../build/py_srvcli/py_srvcli.egg-info/entry_points.txt
writing requirements to ../../build/py_srvcli/py_srvcli.egg-info/requires.txt
writing top-level names to ../../build/py_srvcli/py_srvcli.egg-info/top_level.txt
reading manifest file '../../build/py_srvcli/py_srvcli.egg-info/SOURCES.txt'
adding license file 'LICENSE'
writing manifest file '../../build/py_srvcli/py_srvcli.egg-info/SOURCES.txt'
running build
running build_py
copying py_srvcli/service_node.py -> /home/vd/my_ws/build/py_srvcli/build/lib/py_srvcli
copying py_srvcli/ActionClient.py -> /home/vd/my_ws/build/py_srvcli/build/lib/py_srvcli
copying py_srvcli/ActionServer.py -> /home/vd/my_ws/build/py_srvcli/build/lib/py_srvcli
running install
running install_lib
copying /home/vd/my_ws/build/py_srvcli/build/lib/py_srvcli/service_node.py -> /home/vd/my_ws/install/py_srvcli/lib/python3.10/site-packages/py_srvcli
copying /home/vd/my_ws/build/py_srvcli/build/lib/py_srvcli/ActionClient.py -> /home/vd/my_ws/install/py_srvcli/lib/python3.10/site-packages/py_srvcli
copying /home/vd/my_ws/build/py_srvcli/build/lib/py_srvcli/ActionServer.py -> /home/vd/my_ws/install/py_srvcli/lib/python3.10/site-packages/py_srvcli
byte-compiling /home/vd/my_ws/install/py_srvcli/lib/python3.10/site-packages/py_srvcli/service_node.py to service_node.cpython-310.pyc
byte-compiling /home/vd/my_ws/install/py_srvcli/lib/python3.10/site-packages/py_srvcli/ActionClient.py to ActionClient.cpython-310.pyc
byte-compiling /home/vd/my_ws/install/py_srvcli/lib/python3.10/site-packages/py_srvcli/ActionServer.py to ActionServer.cpython-310.pyc
running install_data
running install_egg_info
removing '/home/vd/my_ws/install/py_srvcli/lib/python3.10/site-packages/py_srvcli-0.0.0-py3.10.egg-info' (and everything under it)
Copying ../../build/py_srvcli/py_srvcli.egg-info to /home/vd/my_ws/install/py_srvcli/lib/python3.10/site-packages/py_srvcli-0.0.0-py3.10.egg-info
running install_scripts
Installing client script to /home/vd/my_ws/install/py_srvcli/lib/py_srvcli
Installing server script to /home/vd/my_ws/install/py_srvcli/lib/py_srvcli
writing list of installed files to '/home/vd/my_ws/build/py_srvcli/install.log'
