[0.492s] Invoking command in '/home/vd/my_ws/src/py_srvcli': PYTHONPATH=/home/vd/my_ws/src/py_srvcli/build/py_srvcli/prefix_override:/usr/lib/python3/dist-packages/colcon_core/task/python/colcon_distutils_commands:/home/vd/my_ws/src/py_srvcli/install/py_srvcli/lib/python3.10/site-packages:${PYTHONPATH} /usr/bin/python3 -W ignore:setup.py install is deprecated -W ignore:easy_install command is deprecated setup.py egg_info --egg-base build/py_srvcli build --build-base /home/vd/my_ws/src/py_srvcli/build/py_srvcli/build install --record /home/vd/my_ws/src/py_srvcli/build/py_srvcli/install.log --single-version-externally-managed install_data
[0.668s] running egg_info
[0.669s] creating build/py_srvcli/py_srvcli.egg-info
[0.669s] writing build/py_srvcli/py_srvcli.egg-info/PKG-INFO
[0.669s] writing dependency_links to build/py_srvcli/py_srvcli.egg-info/dependency_links.txt
[0.669s] writing entry points to build/py_srvcli/py_srvcli.egg-info/entry_points.txt
[0.669s] writing requirements to build/py_srvcli/py_srvcli.egg-info/requires.txt
[0.669s] writing top-level names to build/py_srvcli/py_srvcli.egg-info/top_level.txt
[0.669s] writing manifest file 'build/py_srvcli/py_srvcli.egg-info/SOURCES.txt'
[0.670s] reading manifest file 'build/py_srvcli/py_srvcli.egg-info/SOURCES.txt'
[0.670s] adding license file 'LICENSE'
[0.671s] writing manifest file 'build/py_srvcli/py_srvcli.egg-info/SOURCES.txt'
[0.671s] running build
[0.671s] running build_py
[0.671s] creating /home/vd/my_ws/src/py_srvcli/build/py_srvcli/build
[0.671s] creating /home/vd/my_ws/src/py_srvcli/build/py_srvcli/build/lib
[0.671s] creating /home/vd/my_ws/src/py_srvcli/build/py_srvcli/build/lib/py_srvcli
[0.671s] copying py_srvcli/service_node.py -> /home/vd/my_ws/src/py_srvcli/build/py_srvcli/build/lib/py_srvcli
[0.671s] copying py_srvcli/__init__.py -> /home/vd/my_ws/src/py_srvcli/build/py_srvcli/build/lib/py_srvcli
[0.671s] copying py_srvcli/client_node.py -> /home/vd/my_ws/src/py_srvcli/build/py_srvcli/build/lib/py_srvcli
[0.671s] running install
[0.672s] running install_lib
[0.672s] creating /home/vd/my_ws/src/py_srvcli/install/py_srvcli/lib/python3.10/site-packages/py_srvcli
[0.672s] copying /home/vd/my_ws/src/py_srvcli/build/py_srvcli/build/lib/py_srvcli/service_node.py -> /home/vd/my_ws/src/py_srvcli/install/py_srvcli/lib/python3.10/site-packages/py_srvcli
[0.672s] copying /home/vd/my_ws/src/py_srvcli/build/py_srvcli/build/lib/py_srvcli/__init__.py -> /home/vd/my_ws/src/py_srvcli/install/py_srvcli/lib/python3.10/site-packages/py_srvcli
[0.672s] copying /home/vd/my_ws/src/py_srvcli/build/py_srvcli/build/lib/py_srvcli/client_node.py -> /home/vd/my_ws/src/py_srvcli/install/py_srvcli/lib/python3.10/site-packages/py_srvcli
[0.673s] byte-compiling /home/vd/my_ws/src/py_srvcli/install/py_srvcli/lib/python3.10/site-packages/py_srvcli/service_node.py to service_node.cpython-310.pyc
[0.673s] byte-compiling /home/vd/my_ws/src/py_srvcli/install/py_srvcli/lib/python3.10/site-packages/py_srvcli/__init__.py to __init__.cpython-310.pyc
[0.673s] byte-compiling /home/vd/my_ws/src/py_srvcli/install/py_srvcli/lib/python3.10/site-packages/py_srvcli/client_node.py to client_node.cpython-310.pyc
[0.673s] running install_data
[0.673s] creating /home/vd/my_ws/src/py_srvcli/install/py_srvcli/share/ament_index
[0.673s] creating /home/vd/my_ws/src/py_srvcli/install/py_srvcli/share/ament_index/resource_index
[0.673s] creating /home/vd/my_ws/src/py_srvcli/install/py_srvcli/share/ament_index/resource_index/packages
[0.674s] copying resource/py_srvcli -> /home/vd/my_ws/src/py_srvcli/install/py_srvcli/share/ament_index/resource_index/packages
[0.674s] copying package.xml -> /home/vd/my_ws/src/py_srvcli/install/py_srvcli/share/py_srvcli
[0.674s] running install_egg_info
[0.675s] Copying build/py_srvcli/py_srvcli.egg-info to /home/vd/my_ws/src/py_srvcli/install/py_srvcli/lib/python3.10/site-packages/py_srvcli-0.0.0-py3.10.egg-info
[0.675s] running install_scripts
[0.690s] Installing msgpublisher script to /home/vd/my_ws/src/py_srvcli/install/py_srvcli/lib/py_srvcli
[0.690s] Installing msgsubscriber script to /home/vd/my_ws/src/py_srvcli/install/py_srvcli/lib/py_srvcli
[0.690s] writing list of installed files to '/home/vd/my_ws/src/py_srvcli/build/py_srvcli/install.log'
[0.712s] Invoked command in '/home/vd/my_ws/src/py_srvcli' returned '0': PYTHONPATH=/home/vd/my_ws/src/py_srvcli/build/py_srvcli/prefix_override:/usr/lib/python3/dist-packages/colcon_core/task/python/colcon_distutils_commands:/home/vd/my_ws/src/py_srvcli/install/py_srvcli/lib/python3.10/site-packages:${PYTHONPATH} /usr/bin/python3 -W ignore:setup.py install is deprecated -W ignore:easy_install command is deprecated setup.py egg_info --egg-base build/py_srvcli build --build-base /home/vd/my_ws/src/py_srvcli/build/py_srvcli/build install --record /home/vd/my_ws/src/py_srvcli/build/py_srvcli/install.log --single-version-externally-managed install_data
