[0.705s] Invoking command in '/home/vd/my_ws/src/py_srvcli': AMENT_PREFIX_PATH=/home/vd/my_ws/install/sensor_cpp_interface:${AMENT_PREFIX_PATH} CMAKE_PREFIX_PATH=/home/vd/my_ws/install/sensor_cpp_interface:${CMAKE_PREFIX_PATH} LD_LIBRARY_PATH=/home/vd/my_ws/install/sensor_cpp_interface/lib:${LD_LIBRARY_PATH} PYTHONPATH=/home/vd/my_ws/build/py_srvcli/prefix_override:/usr/lib/python3/dist-packages/colcon_core/task/python/colcon_distutils_commands:/home/vd/my_ws/install/py_srvcli/lib/python3.10/site-packages:/home/vd/my_ws/install/sensor_cpp_interface/local/lib/python3.10/dist-packages:${PYTHONPATH} /usr/bin/python3 -W ignore:setup.py install is deprecated -W ignore:easy_install command is deprecated setup.py egg_info --egg-base ../../build/py_srvcli build --build-base /home/vd/my_ws/build/py_srvcli/build install --record /home/vd/my_ws/build/py_srvcli/install.log --single-version-externally-managed install_data
[0.883s] running egg_info
[0.884s] writing ../../build/py_srvcli/py_srvcli.egg-info/PKG-INFO
[0.884s] writing dependency_links to ../../build/py_srvcli/py_srvcli.egg-info/dependency_links.txt
[0.884s] writing entry points to ../../build/py_srvcli/py_srvcli.egg-info/entry_points.txt
[0.884s] writing requirements to ../../build/py_srvcli/py_srvcli.egg-info/requires.txt
[0.884s] writing top-level names to ../../build/py_srvcli/py_srvcli.egg-info/top_level.txt
[0.886s] reading manifest file '../../build/py_srvcli/py_srvcli.egg-info/SOURCES.txt'
[0.886s] adding license file 'LICENSE'
[0.887s] writing manifest file '../../build/py_srvcli/py_srvcli.egg-info/SOURCES.txt'
[0.887s] running build
[0.887s] running build_py
[0.887s] copying py_srvcli/service_node.py -> /home/vd/my_ws/build/py_srvcli/build/lib/py_srvcli
[0.887s] copying py_srvcli/ActionClient.py -> /home/vd/my_ws/build/py_srvcli/build/lib/py_srvcli
[0.887s] running install
[0.888s] running install_lib
[0.888s] copying /home/vd/my_ws/build/py_srvcli/build/lib/py_srvcli/service_node.py -> /home/vd/my_ws/install/py_srvcli/lib/python3.10/site-packages/py_srvcli
[0.889s] copying /home/vd/my_ws/build/py_srvcli/build/lib/py_srvcli/ActionClient.py -> /home/vd/my_ws/install/py_srvcli/lib/python3.10/site-packages/py_srvcli
[0.889s] byte-compiling /home/vd/my_ws/install/py_srvcli/lib/python3.10/site-packages/py_srvcli/service_node.py to service_node.cpython-310.pyc
[0.889s] byte-compiling /home/vd/my_ws/install/py_srvcli/lib/python3.10/site-packages/py_srvcli/ActionClient.py to ActionClient.cpython-310.pyc
[0.890s] running install_data
[0.890s] running install_egg_info
[0.891s] removing '/home/vd/my_ws/install/py_srvcli/lib/python3.10/site-packages/py_srvcli-0.0.0-py3.10.egg-info' (and everything under it)
[0.892s] Copying ../../build/py_srvcli/py_srvcli.egg-info to /home/vd/my_ws/install/py_srvcli/lib/python3.10/site-packages/py_srvcli-0.0.0-py3.10.egg-info
[0.892s] running install_scripts
[0.908s] Installing client script to /home/vd/my_ws/install/py_srvcli/lib/py_srvcli
[0.908s] Installing server script to /home/vd/my_ws/install/py_srvcli/lib/py_srvcli
[0.908s] writing list of installed files to '/home/vd/my_ws/build/py_srvcli/install.log'
[0.945s] Invoked command in '/home/vd/my_ws/src/py_srvcli' returned '0': AMENT_PREFIX_PATH=/home/vd/my_ws/install/sensor_cpp_interface:${AMENT_PREFIX_PATH} CMAKE_PREFIX_PATH=/home/vd/my_ws/install/sensor_cpp_interface:${CMAKE_PREFIX_PATH} LD_LIBRARY_PATH=/home/vd/my_ws/install/sensor_cpp_interface/lib:${LD_LIBRARY_PATH} PYTHONPATH=/home/vd/my_ws/build/py_srvcli/prefix_override:/usr/lib/python3/dist-packages/colcon_core/task/python/colcon_distutils_commands:/home/vd/my_ws/install/py_srvcli/lib/python3.10/site-packages:/home/vd/my_ws/install/sensor_cpp_interface/local/lib/python3.10/dist-packages:${PYTHONPATH} /usr/bin/python3 -W ignore:setup.py install is deprecated -W ignore:easy_install command is deprecated setup.py egg_info --egg-base ../../build/py_srvcli build --build-base /home/vd/my_ws/build/py_srvcli/build install --record /home/vd/my_ws/build/py_srvcli/install.log --single-version-externally-managed install_data
