[0.090s] DEBUG:colcon:Command line arguments: ['/usr/bin/colcon', 'build']
[0.090s] DEBUG:colcon:Parsed command line arguments: Namespace(log_base=None, log_level=None, verb_name='build', build_base='build', install_base='install', merge_install=False, symlink_install=False, test_result_base=None, continue_on_error=False, executor='parallel', parallel_workers=4, event_handlers=None, ignore_user_meta=False, metas=['./colcon.meta'], base_paths=['.'], packages_ignore=None, packages_ignore_regex=None, paths=None, packages_up_to=None, packages_up_to_regex=None, packages_above=None, packages_above_and_dependencies=None, packages_above_depth=None, packages_select_by_dep=None, packages_skip_by_dep=None, packages_skip_up_to=None, packages_select_build_failed=False, packages_skip_build_finished=False, packages_select_test_failures=False, packages_skip_test_passed=False, packages_select=None, packages_skip=None, packages_select_regex=None, packages_skip_regex=None, packages_start=None, packages_end=None, allow_overriding=[], cmake_args=None, cmake_target=None, cmake_target_skip_unavailable=False, cmake_clean_cache=False, cmake_clean_first=False, cmake_force_configure=False, ament_cmake_args=None, catkin_cmake_args=None, catkin_skip_building_tests=False, mixin_files=None, mixin=None, verb_parser=<colcon_mixin.mixin.mixin_argument.MixinArgumentDecorator object at 0x7e91d2ae1fc0>, verb_extension=<colcon_core.verb.build.BuildVerb object at 0x7e91d2a98fd0>, main=<bound method BuildVerb.main of <colcon_core.verb.build.BuildVerb object at 0x7e91d2a98fd0>>, mixin_verb=('build',))
[0.225s] Level 1:colcon.colcon_core.package_discovery:discover_packages(colcon_meta) check parameters
[0.225s] Level 1:colcon.colcon_core.package_discovery:discover_packages(recursive) check parameters
[0.226s] Level 1:colcon.colcon_core.package_discovery:discover_packages(ignore) check parameters
[0.226s] Level 1:colcon.colcon_core.package_discovery:discover_packages(path) check parameters
[0.226s] Level 1:colcon.colcon_core.package_discovery:discover_packages(colcon_meta) discover
[0.226s] Level 1:colcon.colcon_core.package_discovery:discover_packages(recursive) discover
[0.226s] INFO:colcon.colcon_core.package_discovery:Crawling recursively for packages in '/home/vd/my_ws'
[0.226s] Level 1:colcon.colcon_core.package_identification:_identify(.) by extensions ['ignore', 'ignore_ament_install']
[0.226s] Level 1:colcon.colcon_core.package_identification:_identify(.) by extension 'ignore'
[0.226s] Level 1:colcon.colcon_core.package_identification:_identify(.) by extension 'ignore_ament_install'
[0.226s] Level 1:colcon.colcon_core.package_identification:_identify(.) by extensions ['colcon_pkg']
[0.226s] Level 1:colcon.colcon_core.package_identification:_identify(.) by extension 'colcon_pkg'
[0.226s] Level 1:colcon.colcon_core.package_identification:_identify(.) by extensions ['colcon_meta']
[0.226s] Level 1:colcon.colcon_core.package_identification:_identify(.) by extension 'colcon_meta'
[0.226s] Level 1:colcon.colcon_core.package_identification:_identify(.) by extensions ['ros']
[0.226s] Level 1:colcon.colcon_core.package_identification:_identify(.) by extension 'ros'
[0.234s] Level 1:colcon.colcon_core.package_identification:_identify(.) by extensions ['cmake', 'python']
[0.234s] Level 1:colcon.colcon_core.package_identification:_identify(.) by extension 'cmake'
[0.234s] Level 1:colcon.colcon_core.package_identification:_identify(.) by extension 'python'
[0.234s] Level 1:colcon.colcon_core.package_identification:_identify(.) by extensions ['python_setup_py']
[0.234s] Level 1:colcon.colcon_core.package_identification:_identify(.) by extension 'python_setup_py'
[0.234s] Level 1:colcon.colcon_core.package_identification:_identify(build) by extensions ['ignore', 'ignore_ament_install']
[0.234s] Level 1:colcon.colcon_core.package_identification:_identify(build) by extension 'ignore'
[0.234s] Level 1:colcon.colcon_core.package_identification:_identify(build) ignored
[0.234s] Level 1:colcon.colcon_core.package_identification:_identify(install) by extensions ['ignore', 'ignore_ament_install']
[0.234s] Level 1:colcon.colcon_core.package_identification:_identify(install) by extension 'ignore'
[0.234s] Level 1:colcon.colcon_core.package_identification:_identify(install) ignored
[0.234s] Level 1:colcon.colcon_core.package_identification:_identify(log) by extensions ['ignore', 'ignore_ament_install']
[0.234s] Level 1:colcon.colcon_core.package_identification:_identify(log) by extension 'ignore'
[0.234s] Level 1:colcon.colcon_core.package_identification:_identify(log) ignored
[0.234s] Level 1:colcon.colcon_core.package_identification:_identify(src) by extensions ['ignore', 'ignore_ament_install']
[0.234s] Level 1:colcon.colcon_core.package_identification:_identify(src) by extension 'ignore'
[0.234s] Level 1:colcon.colcon_core.package_identification:_identify(src) by extension 'ignore_ament_install'
[0.234s] Level 1:colcon.colcon_core.package_identification:_identify(src) by extensions ['colcon_pkg']
[0.234s] Level 1:colcon.colcon_core.package_identification:_identify(src) by extension 'colcon_pkg'
[0.234s] Level 1:colcon.colcon_core.package_identification:_identify(src) by extensions ['colcon_meta']
[0.234s] Level 1:colcon.colcon_core.package_identification:_identify(src) by extension 'colcon_meta'
[0.235s] Level 1:colcon.colcon_core.package_identification:_identify(src) by extensions ['ros']
[0.235s] Level 1:colcon.colcon_core.package_identification:_identify(src) by extension 'ros'
[0.235s] Level 1:colcon.colcon_core.package_identification:_identify(src) by extensions ['cmake', 'python']
[0.235s] Level 1:colcon.colcon_core.package_identification:_identify(src) by extension 'cmake'
[0.235s] Level 1:colcon.colcon_core.package_identification:_identify(src) by extension 'python'
[0.235s] Level 1:colcon.colcon_core.package_identification:_identify(src) by extensions ['python_setup_py']
[0.235s] Level 1:colcon.colcon_core.package_identification:_identify(src) by extension 'python_setup_py'
[0.235s] Level 1:colcon.colcon_core.package_identification:_identify(src/py_srvcli) by extensions ['ignore', 'ignore_ament_install']
[0.235s] Level 1:colcon.colcon_core.package_identification:_identify(src/py_srvcli) by extension 'ignore'
[0.235s] Level 1:colcon.colcon_core.package_identification:_identify(src/py_srvcli) by extension 'ignore_ament_install'
[0.235s] Level 1:colcon.colcon_core.package_identification:_identify(src/py_srvcli) by extensions ['colcon_pkg']
[0.235s] Level 1:colcon.colcon_core.package_identification:_identify(src/py_srvcli) by extension 'colcon_pkg'
[0.235s] Level 1:colcon.colcon_core.package_identification:_identify(src/py_srvcli) by extensions ['colcon_meta']
[0.235s] Level 1:colcon.colcon_core.package_identification:_identify(src/py_srvcli) by extension 'colcon_meta'
[0.235s] Level 1:colcon.colcon_core.package_identification:_identify(src/py_srvcli) by extensions ['ros']
[0.235s] Level 1:colcon.colcon_core.package_identification:_identify(src/py_srvcli) by extension 'ros'
[0.237s] DEBUG:colcon.colcon_core.package_identification:Package 'src/py_srvcli' with type 'ros.ament_python' and name 'py_srvcli'
[0.237s] Level 1:colcon.colcon_core.package_identification:_identify(src/sensor_cpp_interface) by extensions ['ignore', 'ignore_ament_install']
[0.237s] Level 1:colcon.colcon_core.package_identification:_identify(src/sensor_cpp_interface) by extension 'ignore'
[0.237s] Level 1:colcon.colcon_core.package_identification:_identify(src/sensor_cpp_interface) by extension 'ignore_ament_install'
[0.237s] Level 1:colcon.colcon_core.package_identification:_identify(src/sensor_cpp_interface) by extensions ['colcon_pkg']
[0.237s] Level 1:colcon.colcon_core.package_identification:_identify(src/sensor_cpp_interface) by extension 'colcon_pkg'
[0.237s] Level 1:colcon.colcon_core.package_identification:_identify(src/sensor_cpp_interface) by extensions ['colcon_meta']
[0.237s] Level 1:colcon.colcon_core.package_identification:_identify(src/sensor_cpp_interface) by extension 'colcon_meta'
[0.237s] Level 1:colcon.colcon_core.package_identification:_identify(src/sensor_cpp_interface) by extensions ['ros']
[0.237s] Level 1:colcon.colcon_core.package_identification:_identify(src/sensor_cpp_interface) by extension 'ros'
[0.237s] DEBUG:colcon.colcon_core.package_identification:Package 'src/sensor_cpp_interface' with type 'ros.ament_cmake' and name 'sensor_cpp_interface'
[0.237s] Level 1:colcon.colcon_core.package_identification:_identify(src/sensor_py_pkg) by extensions ['ignore', 'ignore_ament_install']
[0.238s] Level 1:colcon.colcon_core.package_identification:_identify(src/sensor_py_pkg) by extension 'ignore'
[0.238s] Level 1:colcon.colcon_core.package_identification:_identify(src/sensor_py_pkg) by extension 'ignore_ament_install'
[0.238s] Level 1:colcon.colcon_core.package_identification:_identify(src/sensor_py_pkg) by extensions ['colcon_pkg']
[0.238s] Level 1:colcon.colcon_core.package_identification:_identify(src/sensor_py_pkg) by extension 'colcon_pkg'
[0.238s] Level 1:colcon.colcon_core.package_identification:_identify(src/sensor_py_pkg) by extensions ['colcon_meta']
[0.238s] Level 1:colcon.colcon_core.package_identification:_identify(src/sensor_py_pkg) by extension 'colcon_meta'
[0.238s] Level 1:colcon.colcon_core.package_identification:_identify(src/sensor_py_pkg) by extensions ['ros']
[0.238s] Level 1:colcon.colcon_core.package_identification:_identify(src/sensor_py_pkg) by extension 'ros'
[0.238s] DEBUG:colcon.colcon_core.package_identification:Package 'src/sensor_py_pkg' with type 'ros.ament_python' and name 'sensor_py_pkg'
[0.238s] Level 1:colcon.colcon_core.package_discovery:discover_packages(recursive) using defaults
[0.238s] Level 1:colcon.colcon_core.package_discovery:discover_packages(ignore) discover
[0.238s] Level 1:colcon.colcon_core.package_discovery:discover_packages(ignore) using defaults
[0.238s] Level 1:colcon.colcon_core.package_discovery:discover_packages(path) discover
[0.238s] Level 1:colcon.colcon_core.package_discovery:discover_packages(path) using defaults
[0.253s] Level 1:colcon.colcon_core.package_discovery:discover_packages(prefix_path) check parameters
[0.253s] Level 1:colcon.colcon_core.package_discovery:discover_packages(prefix_path) discover
[0.254s] DEBUG:colcon.colcon_installed_package_information.package_discovery:Found 3 installed packages in /home/vd/my_ws/install
[0.255s] DEBUG:colcon.colcon_installed_package_information.package_discovery:Found 2 installed packages in /home/vd/ros2ws/install
[0.255s] DEBUG:colcon.colcon_installed_package_information.package_discovery:Found 270 installed packages in /opt/ros/humble
[0.256s] Level 1:colcon.colcon_core.package_discovery:discover_packages(prefix_path) using defaults
[0.280s] Level 5:colcon.colcon_core.verb:set package 'sensor_cpp_interface' build argument 'cmake_args' from command line to 'None'
[0.280s] Level 5:colcon.colcon_core.verb:set package 'sensor_cpp_interface' build argument 'cmake_target' from command line to 'None'
[0.280s] Level 5:colcon.colcon_core.verb:set package 'sensor_cpp_interface' build argument 'cmake_target_skip_unavailable' from command line to 'False'
[0.280s] Level 5:colcon.colcon_core.verb:set package 'sensor_cpp_interface' build argument 'cmake_clean_cache' from command line to 'False'
[0.280s] Level 5:colcon.colcon_core.verb:set package 'sensor_cpp_interface' build argument 'cmake_clean_first' from command line to 'False'
[0.280s] Level 5:colcon.colcon_core.verb:set package 'sensor_cpp_interface' build argument 'cmake_force_configure' from command line to 'False'
[0.280s] Level 5:colcon.colcon_core.verb:set package 'sensor_cpp_interface' build argument 'ament_cmake_args' from command line to 'None'
[0.280s] Level 5:colcon.colcon_core.verb:set package 'sensor_cpp_interface' build argument 'catkin_cmake_args' from command line to 'None'
[0.280s] Level 5:colcon.colcon_core.verb:set package 'sensor_cpp_interface' build argument 'catkin_skip_building_tests' from command line to 'False'
[0.280s] DEBUG:colcon.colcon_core.verb:Building package 'sensor_cpp_interface' with the following arguments: {'ament_cmake_args': None, 'build_base': '/home/vd/my_ws/build/sensor_cpp_interface', 'catkin_cmake_args': None, 'catkin_skip_building_tests': False, 'cmake_args': None, 'cmake_clean_cache': False, 'cmake_clean_first': False, 'cmake_force_configure': False, 'cmake_target': None, 'cmake_target_skip_unavailable': False, 'install_base': '/home/vd/my_ws/install/sensor_cpp_interface', 'merge_install': False, 'path': '/home/vd/my_ws/src/sensor_cpp_interface', 'symlink_install': False, 'test_result_base': None}
[0.280s] Level 5:colcon.colcon_core.verb:set package 'py_srvcli' build argument 'cmake_args' from command line to 'None'
[0.280s] Level 5:colcon.colcon_core.verb:set package 'py_srvcli' build argument 'cmake_target' from command line to 'None'
[0.280s] Level 5:colcon.colcon_core.verb:set package 'py_srvcli' build argument 'cmake_target_skip_unavailable' from command line to 'False'
[0.280s] Level 5:colcon.colcon_core.verb:set package 'py_srvcli' build argument 'cmake_clean_cache' from command line to 'False'
[0.280s] Level 5:colcon.colcon_core.verb:set package 'py_srvcli' build argument 'cmake_clean_first' from command line to 'False'
[0.280s] Level 5:colcon.colcon_core.verb:set package 'py_srvcli' build argument 'cmake_force_configure' from command line to 'False'
[0.280s] Level 5:colcon.colcon_core.verb:set package 'py_srvcli' build argument 'ament_cmake_args' from command line to 'None'
[0.280s] Level 5:colcon.colcon_core.verb:set package 'py_srvcli' build argument 'catkin_cmake_args' from command line to 'None'
[0.280s] Level 5:colcon.colcon_core.verb:set package 'py_srvcli' build argument 'catkin_skip_building_tests' from command line to 'False'
[0.280s] DEBUG:colcon.colcon_core.verb:Building package 'py_srvcli' with the following arguments: {'ament_cmake_args': None, 'build_base': '/home/vd/my_ws/build/py_srvcli', 'catkin_cmake_args': None, 'catkin_skip_building_tests': False, 'cmake_args': None, 'cmake_clean_cache': False, 'cmake_clean_first': False, 'cmake_force_configure': False, 'cmake_target': None, 'cmake_target_skip_unavailable': False, 'install_base': '/home/vd/my_ws/install/py_srvcli', 'merge_install': False, 'path': '/home/vd/my_ws/src/py_srvcli', 'symlink_install': False, 'test_result_base': None}
[0.281s] Level 5:colcon.colcon_core.verb:set package 'sensor_py_pkg' build argument 'cmake_args' from command line to 'None'
[0.281s] Level 5:colcon.colcon_core.verb:set package 'sensor_py_pkg' build argument 'cmake_target' from command line to 'None'
[0.281s] Level 5:colcon.colcon_core.verb:set package 'sensor_py_pkg' build argument 'cmake_target_skip_unavailable' from command line to 'False'
[0.281s] Level 5:colcon.colcon_core.verb:set package 'sensor_py_pkg' build argument 'cmake_clean_cache' from command line to 'False'
[0.281s] Level 5:colcon.colcon_core.verb:set package 'sensor_py_pkg' build argument 'cmake_clean_first' from command line to 'False'
[0.281s] Level 5:colcon.colcon_core.verb:set package 'sensor_py_pkg' build argument 'cmake_force_configure' from command line to 'False'
[0.281s] Level 5:colcon.colcon_core.verb:set package 'sensor_py_pkg' build argument 'ament_cmake_args' from command line to 'None'
[0.281s] Level 5:colcon.colcon_core.verb:set package 'sensor_py_pkg' build argument 'catkin_cmake_args' from command line to 'None'
[0.281s] Level 5:colcon.colcon_core.verb:set package 'sensor_py_pkg' build argument 'catkin_skip_building_tests' from command line to 'False'
[0.281s] DEBUG:colcon.colcon_core.verb:Building package 'sensor_py_pkg' with the following arguments: {'ament_cmake_args': None, 'build_base': '/home/vd/my_ws/build/sensor_py_pkg', 'catkin_cmake_args': None, 'catkin_skip_building_tests': False, 'cmake_args': None, 'cmake_clean_cache': False, 'cmake_clean_first': False, 'cmake_force_configure': False, 'cmake_target': None, 'cmake_target_skip_unavailable': False, 'install_base': '/home/vd/my_ws/install/sensor_py_pkg', 'merge_install': False, 'path': '/home/vd/my_ws/src/sensor_py_pkg', 'symlink_install': False, 'test_result_base': None}
[0.281s] INFO:colcon.colcon_core.executor:Executing jobs using 'parallel' executor
[0.281s] DEBUG:colcon.colcon_parallel_executor.executor.parallel:run_until_complete
[0.282s] INFO:colcon.colcon_ros.task.ament_cmake.build:Building ROS package in '/home/vd/my_ws/src/sensor_cpp_interface' with build type 'ament_cmake'
[0.282s] INFO:colcon.colcon_cmake.task.cmake.build:Building CMake package in '/home/vd/my_ws/src/sensor_cpp_interface'
[0.283s] INFO:colcon.colcon_core.plugin_system:Skipping extension 'colcon_core.shell.bat': Not used on non-Windows systems
[0.283s] INFO:colcon.colcon_core.shell:Skip shell extension 'powershell' for command environment: Not usable outside of PowerShell
[0.283s] DEBUG:colcon.colcon_core.shell:Skip shell extension 'dsv' for command environment
[0.289s] DEBUG:colcon.colcon_core.event_handler.log_command:Invoking command in '/home/vd/my_ws/build/sensor_cpp_interface': CMAKE_PREFIX_PATH=${CMAKE_PREFIX_PATH}:/home/vd/my_ws/install/sensor_py_pkg:/home/vd/my_ws/install/py_srvcli:/home/vd/ros2ws/install/py_pubsub:/opt/ros/humble /usr/bin/cmake --build /home/vd/my_ws/build/sensor_cpp_interface -- -j4 -l4
[0.606s] DEBUG:colcon.colcon_core.event_handler.log_command:Invoked command in '/home/vd/my_ws/build/sensor_cpp_interface' returned '0': CMAKE_PREFIX_PATH=${CMAKE_PREFIX_PATH}:/home/vd/my_ws/install/sensor_py_pkg:/home/vd/my_ws/install/py_srvcli:/home/vd/ros2ws/install/py_pubsub:/opt/ros/humble /usr/bin/cmake --build /home/vd/my_ws/build/sensor_cpp_interface -- -j4 -l4
[0.615s] DEBUG:colcon.colcon_core.event_handler.log_command:Invoking command in '/home/vd/my_ws/build/sensor_cpp_interface': CMAKE_PREFIX_PATH=${CMAKE_PREFIX_PATH}:/home/vd/my_ws/install/sensor_py_pkg:/home/vd/my_ws/install/py_srvcli:/home/vd/ros2ws/install/py_pubsub:/opt/ros/humble /usr/bin/cmake --install /home/vd/my_ws/build/sensor_cpp_interface
[0.657s] Level 1:colcon.colcon_core.environment:create_environment_scripts_only(sensor_cpp_interface)
[0.658s] DEBUG:colcon.colcon_core.event_handler.log_command:Invoked command in '/home/vd/my_ws/build/sensor_cpp_interface' returned '0': CMAKE_PREFIX_PATH=${CMAKE_PREFIX_PATH}:/home/vd/my_ws/install/sensor_py_pkg:/home/vd/my_ws/install/py_srvcli:/home/vd/ros2ws/install/py_pubsub:/opt/ros/humble /usr/bin/cmake --install /home/vd/my_ws/build/sensor_cpp_interface
[0.659s] Level 1:colcon.colcon_core.environment:checking '/home/vd/my_ws/install/sensor_cpp_interface' for CMake module files
[0.660s] Level 1:colcon.colcon_core.environment:checking '/home/vd/my_ws/install/sensor_cpp_interface' for CMake config files
[0.660s] Level 1:colcon.colcon_core.shell:create_environment_hook('sensor_cpp_interface', 'cmake_prefix_path')
[0.660s] INFO:colcon.colcon_core.shell:Creating environment hook '/home/vd/my_ws/install/sensor_cpp_interface/share/sensor_cpp_interface/hook/cmake_prefix_path.ps1'
[0.660s] INFO:colcon.colcon_core.shell:Creating environment descriptor '/home/vd/my_ws/install/sensor_cpp_interface/share/sensor_cpp_interface/hook/cmake_prefix_path.dsv'
[0.661s] INFO:colcon.colcon_core.shell:Creating environment hook '/home/vd/my_ws/install/sensor_cpp_interface/share/sensor_cpp_interface/hook/cmake_prefix_path.sh'
[0.661s] Level 1:colcon.colcon_core.environment:checking '/home/vd/my_ws/install/sensor_cpp_interface/lib'
[0.661s] Level 1:colcon.colcon_core.shell:create_environment_hook('sensor_cpp_interface', 'ld_library_path_lib')
[0.662s] INFO:colcon.colcon_core.shell:Creating environment hook '/home/vd/my_ws/install/sensor_cpp_interface/share/sensor_cpp_interface/hook/ld_library_path_lib.ps1'
[0.662s] INFO:colcon.colcon_core.shell:Creating environment descriptor '/home/vd/my_ws/install/sensor_cpp_interface/share/sensor_cpp_interface/hook/ld_library_path_lib.dsv'
[0.662s] INFO:colcon.colcon_core.shell:Creating environment hook '/home/vd/my_ws/install/sensor_cpp_interface/share/sensor_cpp_interface/hook/ld_library_path_lib.sh'
[0.662s] Level 1:colcon.colcon_core.environment:checking '/home/vd/my_ws/install/sensor_cpp_interface/bin'
[0.662s] Level 1:colcon.colcon_core.environment:checking '/home/vd/my_ws/install/sensor_cpp_interface/lib/pkgconfig/sensor_cpp_interface.pc'
[0.662s] Level 1:colcon.colcon_core.environment:checking '/home/vd/my_ws/install/sensor_cpp_interface/lib/python3.10/site-packages'
[0.663s] Level 1:colcon.colcon_core.environment:checking '/home/vd/my_ws/install/sensor_cpp_interface/bin'
[0.663s] INFO:colcon.colcon_core.shell:Creating package script '/home/vd/my_ws/install/sensor_cpp_interface/share/sensor_cpp_interface/package.ps1'
[0.663s] INFO:colcon.colcon_core.shell:Creating package descriptor '/home/vd/my_ws/install/sensor_cpp_interface/share/sensor_cpp_interface/package.dsv'
[0.664s] INFO:colcon.colcon_core.shell:Creating package script '/home/vd/my_ws/install/sensor_cpp_interface/share/sensor_cpp_interface/package.sh'
[0.664s] INFO:colcon.colcon_core.shell:Creating package script '/home/vd/my_ws/install/sensor_cpp_interface/share/sensor_cpp_interface/package.bash'
[0.664s] INFO:colcon.colcon_core.shell:Creating package script '/home/vd/my_ws/install/sensor_cpp_interface/share/sensor_cpp_interface/package.zsh'
[0.665s] Level 1:colcon.colcon_core.environment:create_file_with_runtime_dependencies(/home/vd/my_ws/install/sensor_cpp_interface/share/colcon-core/packages/sensor_cpp_interface)
[0.665s] Level 1:colcon.colcon_core.environment:create_environment_scripts_only(sensor_cpp_interface)
[0.665s] Level 1:colcon.colcon_core.environment:checking '/home/vd/my_ws/install/sensor_cpp_interface' for CMake module files
[0.666s] Level 1:colcon.colcon_core.environment:checking '/home/vd/my_ws/install/sensor_cpp_interface' for CMake config files
[0.666s] Level 1:colcon.colcon_core.shell:create_environment_hook('sensor_cpp_interface', 'cmake_prefix_path')
[0.666s] INFO:colcon.colcon_core.shell:Creating environment hook '/home/vd/my_ws/install/sensor_cpp_interface/share/sensor_cpp_interface/hook/cmake_prefix_path.ps1'
[0.666s] INFO:colcon.colcon_core.shell:Creating environment descriptor '/home/vd/my_ws/install/sensor_cpp_interface/share/sensor_cpp_interface/hook/cmake_prefix_path.dsv'
[0.666s] INFO:colcon.colcon_core.shell:Creating environment hook '/home/vd/my_ws/install/sensor_cpp_interface/share/sensor_cpp_interface/hook/cmake_prefix_path.sh'
[0.667s] Level 1:colcon.colcon_core.environment:checking '/home/vd/my_ws/install/sensor_cpp_interface/lib'
[0.667s] Level 1:colcon.colcon_core.shell:create_environment_hook('sensor_cpp_interface', 'ld_library_path_lib')
[0.667s] INFO:colcon.colcon_core.shell:Creating environment hook '/home/vd/my_ws/install/sensor_cpp_interface/share/sensor_cpp_interface/hook/ld_library_path_lib.ps1'
[0.667s] INFO:colcon.colcon_core.shell:Creating environment descriptor '/home/vd/my_ws/install/sensor_cpp_interface/share/sensor_cpp_interface/hook/ld_library_path_lib.dsv'
[0.667s] INFO:colcon.colcon_core.shell:Creating environment hook '/home/vd/my_ws/install/sensor_cpp_interface/share/sensor_cpp_interface/hook/ld_library_path_lib.sh'
[0.668s] Level 1:colcon.colcon_core.environment:checking '/home/vd/my_ws/install/sensor_cpp_interface/bin'
[0.668s] Level 1:colcon.colcon_core.environment:checking '/home/vd/my_ws/install/sensor_cpp_interface/lib/pkgconfig/sensor_cpp_interface.pc'
[0.668s] Level 1:colcon.colcon_core.environment:checking '/home/vd/my_ws/install/sensor_cpp_interface/lib/python3.10/site-packages'
[0.668s] Level 1:colcon.colcon_core.environment:checking '/home/vd/my_ws/install/sensor_cpp_interface/bin'
[0.668s] INFO:colcon.colcon_core.shell:Creating package script '/home/vd/my_ws/install/sensor_cpp_interface/share/sensor_cpp_interface/package.ps1'
[0.668s] INFO:colcon.colcon_core.shell:Creating package descriptor '/home/vd/my_ws/install/sensor_cpp_interface/share/sensor_cpp_interface/package.dsv'
[0.669s] INFO:colcon.colcon_core.shell:Creating package script '/home/vd/my_ws/install/sensor_cpp_interface/share/sensor_cpp_interface/package.sh'
[0.669s] INFO:colcon.colcon_core.shell:Creating package script '/home/vd/my_ws/install/sensor_cpp_interface/share/sensor_cpp_interface/package.bash'
[0.669s] INFO:colcon.colcon_core.shell:Creating package script '/home/vd/my_ws/install/sensor_cpp_interface/share/sensor_cpp_interface/package.zsh'
[0.670s] Level 1:colcon.colcon_core.environment:create_file_with_runtime_dependencies(/home/vd/my_ws/install/sensor_cpp_interface/share/colcon-core/packages/sensor_cpp_interface)
[0.670s] INFO:colcon.colcon_ros.task.ament_python.build:Building ROS package in '/home/vd/my_ws/src/py_srvcli' with build type 'ament_python'
[0.670s] Level 1:colcon.colcon_core.shell:create_environment_hook('py_srvcli', 'ament_prefix_path')
[0.670s] INFO:colcon.colcon_core.shell:Creating environment hook '/home/vd/my_ws/install/py_srvcli/share/py_srvcli/hook/ament_prefix_path.ps1'
[0.670s] INFO:colcon.colcon_core.shell:Creating environment descriptor '/home/vd/my_ws/install/py_srvcli/share/py_srvcli/hook/ament_prefix_path.dsv'
[0.671s] INFO:colcon.colcon_core.shell:Creating environment hook '/home/vd/my_ws/install/py_srvcli/share/py_srvcli/hook/ament_prefix_path.sh'
[0.671s] INFO:colcon.colcon_core.shell:Skip shell extension 'powershell' for command environment: Not usable outside of PowerShell
[0.671s] DEBUG:colcon.colcon_core.shell:Skip shell extension 'dsv' for command environment
[0.673s] INFO:colcon.colcon_ros.task.ament_python.build:Building ROS package in '/home/vd/my_ws/src/sensor_py_pkg' with build type 'ament_python'
[0.673s] Level 1:colcon.colcon_core.shell:create_environment_hook('sensor_py_pkg', 'ament_prefix_path')
[0.673s] INFO:colcon.colcon_core.shell:Creating environment hook '/home/vd/my_ws/install/sensor_py_pkg/share/sensor_py_pkg/hook/ament_prefix_path.ps1'
[0.674s] INFO:colcon.colcon_core.shell:Creating environment descriptor '/home/vd/my_ws/install/sensor_py_pkg/share/sensor_py_pkg/hook/ament_prefix_path.dsv'
[0.674s] INFO:colcon.colcon_core.shell:Creating environment hook '/home/vd/my_ws/install/sensor_py_pkg/share/sensor_py_pkg/hook/ament_prefix_path.sh'
[0.674s] INFO:colcon.colcon_core.shell:Skip shell extension 'powershell' for command environment: Not usable outside of PowerShell
[0.674s] DEBUG:colcon.colcon_core.shell:Skip shell extension 'dsv' for command environment
[0.880s] INFO:colcon.colcon_core.task.python.build:Building Python package in '/home/vd/my_ws/src/py_srvcli'
[0.881s] INFO:colcon.colcon_core.shell:Skip shell extension 'powershell' for command environment: Not usable outside of PowerShell
[0.881s] DEBUG:colcon.colcon_core.shell:Skip shell extension 'dsv' for command environment
[1.080s] INFO:colcon.colcon_core.task.python.build:Building Python package in '/home/vd/my_ws/src/sensor_py_pkg'
[1.081s] INFO:colcon.colcon_core.shell:Skip shell extension 'powershell' for command environment: Not usable outside of PowerShell
[1.081s] DEBUG:colcon.colcon_core.shell:Skip shell extension 'dsv' for command environment
[1.405s] DEBUG:colcon.colcon_core.event_handler.log_command:Invoking command in '/home/vd/my_ws/src/py_srvcli': PYTHONPATH=/home/vd/my_ws/build/py_srvcli/prefix_override:/usr/lib/python3/dist-packages/colcon_core/task/python/colcon_distutils_commands:/home/vd/my_ws/install/py_srvcli/lib/python3.10/site-packages:${PYTHONPATH} /usr/bin/python3 -W ignore:setup.py install is deprecated -W ignore:easy_install command is deprecated setup.py egg_info --egg-base ../../build/py_srvcli build --build-base /home/vd/my_ws/build/py_srvcli/build install --record /home/vd/my_ws/build/py_srvcli/install.log --single-version-externally-managed install_data
[1.406s] DEBUG:colcon.colcon_core.event_handler.log_command:Invoking command in '/home/vd/my_ws/src/sensor_py_pkg': PYTHONPATH=/home/vd/my_ws/build/sensor_py_pkg/prefix_override:/usr/lib/python3/dist-packages/colcon_core/task/python/colcon_distutils_commands:/home/vd/my_ws/install/sensor_py_pkg/lib/python3.10/site-packages:${PYTHONPATH} /usr/bin/python3 -W ignore:setup.py install is deprecated -W ignore:easy_install command is deprecated setup.py egg_info --egg-base ../../build/sensor_py_pkg build --build-base /home/vd/my_ws/build/sensor_py_pkg/build install --record /home/vd/my_ws/build/sensor_py_pkg/install.log --single-version-externally-managed install_data
[1.655s] Level 1:colcon.colcon_core.environment:checking '/home/vd/my_ws/install/py_srvcli' for CMake module files
[1.656s] DEBUG:colcon.colcon_core.event_handler.log_command:Invoked command in '/home/vd/my_ws/src/py_srvcli' returned '0': PYTHONPATH=/home/vd/my_ws/build/py_srvcli/prefix_override:/usr/lib/python3/dist-packages/colcon_core/task/python/colcon_distutils_commands:/home/vd/my_ws/install/py_srvcli/lib/python3.10/site-packages:${PYTHONPATH} /usr/bin/python3 -W ignore:setup.py install is deprecated -W ignore:easy_install command is deprecated setup.py egg_info --egg-base ../../build/py_srvcli build --build-base /home/vd/my_ws/build/py_srvcli/build install --record /home/vd/my_ws/build/py_srvcli/install.log --single-version-externally-managed install_data
[1.656s] Level 1:colcon.colcon_core.environment:checking '/home/vd/my_ws/install/py_srvcli' for CMake config files
[1.656s] Level 1:colcon.colcon_core.environment:checking '/home/vd/my_ws/install/py_srvcli/lib'
[1.656s] Level 1:colcon.colcon_core.environment:checking '/home/vd/my_ws/install/py_srvcli/bin'
[1.656s] Level 1:colcon.colcon_core.environment:checking '/home/vd/my_ws/install/py_srvcli/lib/pkgconfig/py_srvcli.pc'
[1.656s] Level 1:colcon.colcon_core.environment:checking '/home/vd/my_ws/install/py_srvcli/lib/python3.10/site-packages'
[1.656s] Level 1:colcon.colcon_core.shell:create_environment_hook('py_srvcli', 'pythonpath')
[1.657s] INFO:colcon.colcon_core.shell:Creating environment hook '/home/vd/my_ws/install/py_srvcli/share/py_srvcli/hook/pythonpath.ps1'
[1.657s] INFO:colcon.colcon_core.shell:Creating environment descriptor '/home/vd/my_ws/install/py_srvcli/share/py_srvcli/hook/pythonpath.dsv'
[1.657s] INFO:colcon.colcon_core.shell:Creating environment hook '/home/vd/my_ws/install/py_srvcli/share/py_srvcli/hook/pythonpath.sh'
[1.658s] Level 1:colcon.colcon_core.environment:checking '/home/vd/my_ws/install/py_srvcli/bin'
[1.658s] Level 1:colcon.colcon_core.environment:create_environment_scripts_only(py_srvcli)
[1.658s] INFO:colcon.colcon_core.shell:Creating package script '/home/vd/my_ws/install/py_srvcli/share/py_srvcli/package.ps1'
[1.658s] INFO:colcon.colcon_core.shell:Creating package descriptor '/home/vd/my_ws/install/py_srvcli/share/py_srvcli/package.dsv'
[1.658s] INFO:colcon.colcon_core.shell:Creating package script '/home/vd/my_ws/install/py_srvcli/share/py_srvcli/package.sh'
[1.659s] INFO:colcon.colcon_core.shell:Creating package script '/home/vd/my_ws/install/py_srvcli/share/py_srvcli/package.bash'
[1.659s] INFO:colcon.colcon_core.shell:Creating package script '/home/vd/my_ws/install/py_srvcli/share/py_srvcli/package.zsh'
[1.659s] Level 1:colcon.colcon_core.environment:create_file_with_runtime_dependencies(/home/vd/my_ws/install/py_srvcli/share/colcon-core/packages/py_srvcli)
[1.660s] Level 1:colcon.colcon_core.environment:checking '/home/vd/my_ws/install/sensor_py_pkg' for CMake module files
[1.660s] DEBUG:colcon.colcon_core.event_handler.log_command:Invoked command in '/home/vd/my_ws/src/sensor_py_pkg' returned '0': PYTHONPATH=/home/vd/my_ws/build/sensor_py_pkg/prefix_override:/usr/lib/python3/dist-packages/colcon_core/task/python/colcon_distutils_commands:/home/vd/my_ws/install/sensor_py_pkg/lib/python3.10/site-packages:${PYTHONPATH} /usr/bin/python3 -W ignore:setup.py install is deprecated -W ignore:easy_install command is deprecated setup.py egg_info --egg-base ../../build/sensor_py_pkg build --build-base /home/vd/my_ws/build/sensor_py_pkg/build install --record /home/vd/my_ws/build/sensor_py_pkg/install.log --single-version-externally-managed install_data
[1.660s] Level 1:colcon.colcon_core.environment:checking '/home/vd/my_ws/install/sensor_py_pkg' for CMake config files
[1.661s] Level 1:colcon.colcon_core.environment:checking '/home/vd/my_ws/install/sensor_py_pkg/lib'
[1.661s] Level 1:colcon.colcon_core.environment:checking '/home/vd/my_ws/install/sensor_py_pkg/bin'
[1.661s] Level 1:colcon.colcon_core.environment:checking '/home/vd/my_ws/install/sensor_py_pkg/lib/pkgconfig/sensor_py_pkg.pc'
[1.661s] Level 1:colcon.colcon_core.environment:checking '/home/vd/my_ws/install/sensor_py_pkg/lib/python3.10/site-packages'
[1.661s] Level 1:colcon.colcon_core.shell:create_environment_hook('sensor_py_pkg', 'pythonpath')
[1.661s] INFO:colcon.colcon_core.shell:Creating environment hook '/home/vd/my_ws/install/sensor_py_pkg/share/sensor_py_pkg/hook/pythonpath.ps1'
[1.661s] INFO:colcon.colcon_core.shell:Creating environment descriptor '/home/vd/my_ws/install/sensor_py_pkg/share/sensor_py_pkg/hook/pythonpath.dsv'
[1.662s] INFO:colcon.colcon_core.shell:Creating environment hook '/home/vd/my_ws/install/sensor_py_pkg/share/sensor_py_pkg/hook/pythonpath.sh'
[1.662s] Level 1:colcon.colcon_core.environment:checking '/home/vd/my_ws/install/sensor_py_pkg/bin'
[1.662s] Level 1:colcon.colcon_core.environment:create_environment_scripts_only(sensor_py_pkg)
[1.662s] INFO:colcon.colcon_core.shell:Creating package script '/home/vd/my_ws/install/sensor_py_pkg/share/sensor_py_pkg/package.ps1'
[1.662s] INFO:colcon.colcon_core.shell:Creating package descriptor '/home/vd/my_ws/install/sensor_py_pkg/share/sensor_py_pkg/package.dsv'
[1.663s] INFO:colcon.colcon_core.shell:Creating package script '/home/vd/my_ws/install/sensor_py_pkg/share/sensor_py_pkg/package.sh'
[1.663s] INFO:colcon.colcon_core.shell:Creating package script '/home/vd/my_ws/install/sensor_py_pkg/share/sensor_py_pkg/package.bash'
[1.663s] INFO:colcon.colcon_core.shell:Creating package script '/home/vd/my_ws/install/sensor_py_pkg/share/sensor_py_pkg/package.zsh'
[1.663s] Level 1:colcon.colcon_core.environment:create_file_with_runtime_dependencies(/home/vd/my_ws/install/sensor_py_pkg/share/colcon-core/packages/sensor_py_pkg)
[1.663s] DEBUG:colcon.colcon_parallel_executor.executor.parallel:closing loop
[1.664s] DEBUG:colcon.colcon_parallel_executor.executor.parallel:loop closed
[1.664s] DEBUG:colcon.colcon_parallel_executor.executor.parallel:run_until_complete finished with '0'
[1.664s] DEBUG:colcon.colcon_core.event_reactor:joining thread
[1.667s] INFO:colcon.colcon_core.plugin_system:Skipping extension 'colcon_notification.desktop_notification.terminal_notifier': Not used on non-Darwin systems
[1.667s] INFO:colcon.colcon_core.plugin_system:Skipping extension 'colcon_notification.desktop_notification.win32': Not used on non-Windows systems
[1.667s] INFO:colcon.colcon_notification.desktop_notification:Sending desktop notification using 'notify2'
[1.678s] DEBUG:colcon.colcon_core.event_reactor:joined thread
[1.679s] INFO:colcon.colcon_core.shell:Creating prefix script '/home/vd/my_ws/install/local_setup.ps1'
[1.680s] INFO:colcon.colcon_core.shell:Creating prefix util module '/home/vd/my_ws/install/_local_setup_util_ps1.py'
[1.681s] INFO:colcon.colcon_core.shell:Creating prefix chain script '/home/vd/my_ws/install/setup.ps1'
[1.682s] INFO:colcon.colcon_core.shell:Creating prefix script '/home/vd/my_ws/install/local_setup.sh'
[1.682s] INFO:colcon.colcon_core.shell:Creating prefix util module '/home/vd/my_ws/install/_local_setup_util_sh.py'
[1.683s] INFO:colcon.colcon_core.shell:Creating prefix chain script '/home/vd/my_ws/install/setup.sh'
[1.684s] INFO:colcon.colcon_core.shell:Creating prefix script '/home/vd/my_ws/install/local_setup.bash'
[1.685s] INFO:colcon.colcon_core.shell:Creating prefix chain script '/home/vd/my_ws/install/setup.bash'
[1.685s] INFO:colcon.colcon_core.shell:Creating prefix script '/home/vd/my_ws/install/local_setup.zsh'
[1.686s] INFO:colcon.colcon_core.shell:Creating prefix chain script '/home/vd/my_ws/install/setup.zsh'
