[0.007s] Invoking command in '/home/vd/my_ws/build/sensor_cpp_interface': CMAKE_PREFIX_PATH=${CMAKE_PREFIX_PATH}:/home/vd/my_ws/install/sensor_py_pkg:/home/vd/my_ws/install/py_srvcli:/home/vd/ros2ws/install/py_pubsub:/opt/ros/humble /usr/bin/cmake --build /home/vd/my_ws/build/sensor_cpp_interface -- -j4 -l4
[0.044s] [ 10%] Built target sensor_cpp_interface__rosidl_generator_c
[0.045s] [ 12%] Built target sensor_cpp_interface__cpp
[0.056s] [ 12%] Built target ament_cmake_python_copy_sensor_cpp_interface
[0.066s] [ 34%] Built target sensor_cpp_interface__rosidl_typesupport_c
[0.066s] [ 34%] Built target sensor_cpp_interface__rosidl_typesupport_introspection_c
[0.067s] [ 44%] Built target sensor_cpp_interface__rosidl_typesupport_fastrtps_c
[0.078s] [ 55%] Built target sensor_cpp_interface__rosidl_typesupport_fastrtps_cpp
[0.085s] [ 65%] Built target sensor_cpp_interface__rosidl_typesupport_introspection_cpp
[0.088s] [ 76%] Built target sensor_cpp_interface__rosidl_typesupport_cpp
[0.101s] [ 76%] Built target sensor_cpp_interface
[0.116s] [ 78%] Built target sensor_cpp_interface__py
[0.133s] [ 87%] Built target sensor_cpp_interface__rosidl_generator_py
[0.155s] [100%] Built target sensor_cpp_interface__rosidl_typesupport_c__pyext
[0.155s] [100%] Built target sensor_cpp_interface__rosidl_typesupport_introspection_c__pyext
[0.155s] [100%] Built target sensor_cpp_interface__rosidl_typesupport_fastrtps_c__pyext
[0.263s] running egg_info
[0.263s] writing sensor_cpp_interface.egg-info/PKG-INFO
[0.263s] writing dependency_links to sensor_cpp_interface.egg-info/dependency_links.txt
[0.263s] writing top-level names to sensor_cpp_interface.egg-info/top_level.txt
[0.265s] reading manifest file 'sensor_cpp_interface.egg-info/SOURCES.txt'
[0.266s] writing manifest file 'sensor_cpp_interface.egg-info/SOURCES.txt'
[0.285s] [100%] Built target ament_cmake_python_build_sensor_cpp_interface_egg
[0.293s] Invoked command in '/home/vd/my_ws/build/sensor_cpp_interface' returned '0': CMAKE_PREFIX_PATH=${CMAKE_PREFIX_PATH}:/home/vd/my_ws/install/sensor_py_pkg:/home/vd/my_ws/install/py_srvcli:/home/vd/ros2ws/install/py_pubsub:/opt/ros/humble /usr/bin/cmake --build /home/vd/my_ws/build/sensor_cpp_interface -- -j4 -l4
[0.300s] Invoking command in '/home/vd/my_ws/build/sensor_cpp_interface': CMAKE_PREFIX_PATH=${CMAKE_PREFIX_PATH}:/home/vd/my_ws/install/sensor_py_pkg:/home/vd/my_ws/install/py_srvcli:/home/vd/ros2ws/install/py_pubsub:/opt/ros/humble /usr/bin/cmake --install /home/vd/my_ws/build/sensor_cpp_interface
[0.306s] -- Install configuration: ""
[0.306s] -- Up-to-date: /home/vd/my_ws/install/sensor_cpp_interface/share/ament_index/resource_index/rosidl_interfaces/sensor_cpp_interface
[0.306s] -- Up-to-date: /home/vd/my_ws/install/sensor_cpp_interface/include/sensor_cpp_interface/sensor_cpp_interface
[0.306s] -- Up-to-date: /home/vd/my_ws/install/sensor_cpp_interface/include/sensor_cpp_interface/sensor_cpp_interface/action
[0.306s] -- Up-to-date: /home/vd/my_ws/install/sensor_cpp_interface/include/sensor_cpp_interface/sensor_cpp_interface/action/detail
[0.306s] -- Up-to-date: /home/vd/my_ws/install/sensor_cpp_interface/include/sensor_cpp_interface/sensor_cpp_interface/action/detail/fib__struct.h
[0.306s] -- Up-to-date: /home/vd/my_ws/install/sensor_cpp_interface/include/sensor_cpp_interface/sensor_cpp_interface/action/detail/fib__type_support.h
[0.306s] -- Up-to-date: /home/vd/my_ws/install/sensor_cpp_interface/include/sensor_cpp_interface/sensor_cpp_interface/action/detail/fib__functions.h
[0.306s] -- Up-to-date: /home/vd/my_ws/install/sensor_cpp_interface/include/sensor_cpp_interface/sensor_cpp_interface/action/detail/fib__functions.c
[0.306s] -- Up-to-date: /home/vd/my_ws/install/sensor_cpp_interface/include/sensor_cpp_interface/sensor_cpp_interface/action/fib.h
[0.306s] -- Up-to-date: /home/vd/my_ws/install/sensor_cpp_interface/include/sensor_cpp_interface/sensor_cpp_interface/msg
[0.306s] -- Up-to-date: /home/vd/my_ws/install/sensor_cpp_interface/include/sensor_cpp_interface/sensor_cpp_interface/msg/rosidl_generator_c__visibility_control.h
[0.306s] -- Up-to-date: /home/vd/my_ws/install/sensor_cpp_interface/include/sensor_cpp_interface/sensor_cpp_interface/msg/sensor_data.h
[0.306s] -- Up-to-date: /home/vd/my_ws/install/sensor_cpp_interface/include/sensor_cpp_interface/sensor_cpp_interface/msg/detail
[0.307s] -- Up-to-date: /home/vd/my_ws/install/sensor_cpp_interface/include/sensor_cpp_interface/sensor_cpp_interface/msg/detail/sensor_data__functions.c
[0.307s] -- Up-to-date: /home/vd/my_ws/install/sensor_cpp_interface/include/sensor_cpp_interface/sensor_cpp_interface/msg/detail/sensor_data__struct.h
[0.307s] -- Up-to-date: /home/vd/my_ws/install/sensor_cpp_interface/include/sensor_cpp_interface/sensor_cpp_interface/msg/detail/sensor_data__type_support.h
[0.307s] -- Up-to-date: /home/vd/my_ws/install/sensor_cpp_interface/include/sensor_cpp_interface/sensor_cpp_interface/msg/detail/sensor_data__functions.h
[0.307s] -- Up-to-date: /home/vd/my_ws/install/sensor_cpp_interface/include/sensor_cpp_interface/sensor_cpp_interface/srv
[0.307s] -- Up-to-date: /home/vd/my_ws/install/sensor_cpp_interface/include/sensor_cpp_interface/sensor_cpp_interface/srv/addition.h
[0.307s] -- Up-to-date: /home/vd/my_ws/install/sensor_cpp_interface/include/sensor_cpp_interface/sensor_cpp_interface/srv/detail
[0.307s] -- Up-to-date: /home/vd/my_ws/install/sensor_cpp_interface/include/sensor_cpp_interface/sensor_cpp_interface/srv/detail/addition__type_support.h
[0.307s] -- Up-to-date: /home/vd/my_ws/install/sensor_cpp_interface/include/sensor_cpp_interface/sensor_cpp_interface/srv/detail/addition__functions.c
[0.307s] -- Up-to-date: /home/vd/my_ws/install/sensor_cpp_interface/include/sensor_cpp_interface/sensor_cpp_interface/srv/detail/addition__functions.h
[0.307s] -- Up-to-date: /home/vd/my_ws/install/sensor_cpp_interface/include/sensor_cpp_interface/sensor_cpp_interface/srv/detail/addition__struct.h
[0.307s] -- Up-to-date: /home/vd/my_ws/install/sensor_cpp_interface/share/sensor_cpp_interface/environment/library_path.sh
[0.307s] -- Up-to-date: /home/vd/my_ws/install/sensor_cpp_interface/share/sensor_cpp_interface/environment/library_path.dsv
[0.307s] -- Up-to-date: /home/vd/my_ws/install/sensor_cpp_interface/lib/libsensor_cpp_interface__rosidl_generator_c.so
[0.307s] -- Up-to-date: /home/vd/my_ws/install/sensor_cpp_interface/include/sensor_cpp_interface/sensor_cpp_interface
[0.307s] -- Up-to-date: /home/vd/my_ws/install/sensor_cpp_interface/include/sensor_cpp_interface/sensor_cpp_interface/action
[0.307s] -- Up-to-date: /home/vd/my_ws/install/sensor_cpp_interface/include/sensor_cpp_interface/sensor_cpp_interface/action/detail
[0.307s] -- Up-to-date: /home/vd/my_ws/install/sensor_cpp_interface/include/sensor_cpp_interface/sensor_cpp_interface/action/detail/fib__rosidl_typesupport_fastrtps_c.h
[0.307s] -- Up-to-date: /home/vd/my_ws/install/sensor_cpp_interface/include/sensor_cpp_interface/sensor_cpp_interface/msg
[0.307s] -- Up-to-date: /home/vd/my_ws/install/sensor_cpp_interface/include/sensor_cpp_interface/sensor_cpp_interface/msg/rosidl_typesupport_fastrtps_c__visibility_control.h
[0.307s] -- Up-to-date: /home/vd/my_ws/install/sensor_cpp_interface/include/sensor_cpp_interface/sensor_cpp_interface/msg/detail
[0.307s] -- Up-to-date: /home/vd/my_ws/install/sensor_cpp_interface/include/sensor_cpp_interface/sensor_cpp_interface/msg/detail/sensor_data__rosidl_typesupport_fastrtps_c.h
[0.307s] -- Up-to-date: /home/vd/my_ws/install/sensor_cpp_interface/include/sensor_cpp_interface/sensor_cpp_interface/srv
[0.307s] -- Up-to-date: /home/vd/my_ws/install/sensor_cpp_interface/include/sensor_cpp_interface/sensor_cpp_interface/srv/detail
[0.308s] -- Up-to-date: /home/vd/my_ws/install/sensor_cpp_interface/include/sensor_cpp_interface/sensor_cpp_interface/srv/detail/addition__rosidl_typesupport_fastrtps_c.h
[0.308s] -- Up-to-date: /home/vd/my_ws/install/sensor_cpp_interface/lib/libsensor_cpp_interface__rosidl_typesupport_fastrtps_c.so
[0.308s] -- Up-to-date: /home/vd/my_ws/install/sensor_cpp_interface/include/sensor_cpp_interface/sensor_cpp_interface
[0.308s] -- Up-to-date: /home/vd/my_ws/install/sensor_cpp_interface/include/sensor_cpp_interface/sensor_cpp_interface/action
[0.308s] -- Up-to-date: /home/vd/my_ws/install/sensor_cpp_interface/include/sensor_cpp_interface/sensor_cpp_interface/action/detail
[0.308s] -- Up-to-date: /home/vd/my_ws/install/sensor_cpp_interface/include/sensor_cpp_interface/sensor_cpp_interface/action/detail/fib__rosidl_typesupport_introspection_c.h
[0.308s] -- Up-to-date: /home/vd/my_ws/install/sensor_cpp_interface/include/sensor_cpp_interface/sensor_cpp_interface/action/detail/fib__type_support.c
[0.308s] -- Up-to-date: /home/vd/my_ws/install/sensor_cpp_interface/include/sensor_cpp_interface/sensor_cpp_interface/msg
[0.308s] -- Up-to-date: /home/vd/my_ws/install/sensor_cpp_interface/include/sensor_cpp_interface/sensor_cpp_interface/msg/rosidl_typesupport_introspection_c__visibility_control.h
[0.308s] -- Up-to-date: /home/vd/my_ws/install/sensor_cpp_interface/include/sensor_cpp_interface/sensor_cpp_interface/msg/detail
[0.308s] -- Up-to-date: /home/vd/my_ws/install/sensor_cpp_interface/include/sensor_cpp_interface/sensor_cpp_interface/msg/detail/sensor_data__rosidl_typesupport_introspection_c.h
[0.308s] -- Up-to-date: /home/vd/my_ws/install/sensor_cpp_interface/include/sensor_cpp_interface/sensor_cpp_interface/msg/detail/sensor_data__type_support.c
[0.308s] -- Up-to-date: /home/vd/my_ws/install/sensor_cpp_interface/include/sensor_cpp_interface/sensor_cpp_interface/srv
[0.308s] -- Up-to-date: /home/vd/my_ws/install/sensor_cpp_interface/include/sensor_cpp_interface/sensor_cpp_interface/srv/detail
[0.308s] -- Up-to-date: /home/vd/my_ws/install/sensor_cpp_interface/include/sensor_cpp_interface/sensor_cpp_interface/srv/detail/addition__rosidl_typesupport_introspection_c.h
[0.308s] -- Up-to-date: /home/vd/my_ws/install/sensor_cpp_interface/include/sensor_cpp_interface/sensor_cpp_interface/srv/detail/addition__type_support.c
[0.308s] -- Up-to-date: /home/vd/my_ws/install/sensor_cpp_interface/lib/libsensor_cpp_interface__rosidl_typesupport_introspection_c.so
[0.308s] -- Up-to-date: /home/vd/my_ws/install/sensor_cpp_interface/lib/libsensor_cpp_interface__rosidl_typesupport_c.so
[0.308s] -- Up-to-date: /home/vd/my_ws/install/sensor_cpp_interface/include/sensor_cpp_interface/sensor_cpp_interface
[0.308s] -- Up-to-date: /home/vd/my_ws/install/sensor_cpp_interface/include/sensor_cpp_interface/sensor_cpp_interface/action
[0.308s] -- Up-to-date: /home/vd/my_ws/install/sensor_cpp_interface/include/sensor_cpp_interface/sensor_cpp_interface/action/fib.hpp
[0.308s] -- Up-to-date: /home/vd/my_ws/install/sensor_cpp_interface/include/sensor_cpp_interface/sensor_cpp_interface/action/detail
[0.309s] -- Up-to-date: /home/vd/my_ws/install/sensor_cpp_interface/include/sensor_cpp_interface/sensor_cpp_interface/action/detail/fib__builder.hpp
[0.309s] -- Up-to-date: /home/vd/my_ws/install/sensor_cpp_interface/include/sensor_cpp_interface/sensor_cpp_interface/action/detail/fib__traits.hpp
[0.309s] -- Up-to-date: /home/vd/my_ws/install/sensor_cpp_interface/include/sensor_cpp_interface/sensor_cpp_interface/action/detail/fib__struct.hpp
[0.309s] -- Up-to-date: /home/vd/my_ws/install/sensor_cpp_interface/include/sensor_cpp_interface/sensor_cpp_interface/msg
[0.309s] -- Up-to-date: /home/vd/my_ws/install/sensor_cpp_interface/include/sensor_cpp_interface/sensor_cpp_interface/msg/detail
[0.309s] -- Up-to-date: /home/vd/my_ws/install/sensor_cpp_interface/include/sensor_cpp_interface/sensor_cpp_interface/msg/detail/sensor_data__struct.hpp
[0.309s] -- Up-to-date: /home/vd/my_ws/install/sensor_cpp_interface/include/sensor_cpp_interface/sensor_cpp_interface/msg/detail/sensor_data__traits.hpp
[0.309s] -- Up-to-date: /home/vd/my_ws/install/sensor_cpp_interface/include/sensor_cpp_interface/sensor_cpp_interface/msg/detail/sensor_data__builder.hpp
[0.309s] -- Up-to-date: /home/vd/my_ws/install/sensor_cpp_interface/include/sensor_cpp_interface/sensor_cpp_interface/msg/sensor_data.hpp
[0.309s] -- Up-to-date: /home/vd/my_ws/install/sensor_cpp_interface/include/sensor_cpp_interface/sensor_cpp_interface/srv
[0.309s] -- Up-to-date: /home/vd/my_ws/install/sensor_cpp_interface/include/sensor_cpp_interface/sensor_cpp_interface/srv/addition.hpp
[0.309s] -- Up-to-date: /home/vd/my_ws/install/sensor_cpp_interface/include/sensor_cpp_interface/sensor_cpp_interface/srv/detail
[0.309s] -- Up-to-date: /home/vd/my_ws/install/sensor_cpp_interface/include/sensor_cpp_interface/sensor_cpp_interface/srv/detail/addition__builder.hpp
[0.309s] -- Up-to-date: /home/vd/my_ws/install/sensor_cpp_interface/include/sensor_cpp_interface/sensor_cpp_interface/srv/detail/addition__struct.hpp
[0.310s] -- Up-to-date: /home/vd/my_ws/install/sensor_cpp_interface/include/sensor_cpp_interface/sensor_cpp_interface/srv/detail/addition__traits.hpp
[0.310s] -- Up-to-date: /home/vd/my_ws/install/sensor_cpp_interface/include/sensor_cpp_interface/sensor_cpp_interface
[0.310s] -- Up-to-date: /home/vd/my_ws/install/sensor_cpp_interface/include/sensor_cpp_interface/sensor_cpp_interface/action
[0.310s] -- Up-to-date: /home/vd/my_ws/install/sensor_cpp_interface/include/sensor_cpp_interface/sensor_cpp_interface/action/detail
[0.310s] -- Up-to-date: /home/vd/my_ws/install/sensor_cpp_interface/include/sensor_cpp_interface/sensor_cpp_interface/action/detail/dds_fastrtps
[0.310s] -- Up-to-date: /home/vd/my_ws/install/sensor_cpp_interface/include/sensor_cpp_interface/sensor_cpp_interface/action/detail/fib__rosidl_typesupport_fastrtps_cpp.hpp
[0.310s] -- Up-to-date: /home/vd/my_ws/install/sensor_cpp_interface/include/sensor_cpp_interface/sensor_cpp_interface/msg
[0.310s] -- Up-to-date: /home/vd/my_ws/install/sensor_cpp_interface/include/sensor_cpp_interface/sensor_cpp_interface/msg/rosidl_typesupport_fastrtps_cpp__visibility_control.h
[0.310s] -- Up-to-date: /home/vd/my_ws/install/sensor_cpp_interface/include/sensor_cpp_interface/sensor_cpp_interface/msg/detail
[0.310s] -- Up-to-date: /home/vd/my_ws/install/sensor_cpp_interface/include/sensor_cpp_interface/sensor_cpp_interface/msg/detail/dds_fastrtps
[0.310s] -- Up-to-date: /home/vd/my_ws/install/sensor_cpp_interface/include/sensor_cpp_interface/sensor_cpp_interface/msg/detail/sensor_data__rosidl_typesupport_fastrtps_cpp.hpp
[0.310s] -- Up-to-date: /home/vd/my_ws/install/sensor_cpp_interface/include/sensor_cpp_interface/sensor_cpp_interface/srv
[0.310s] -- Up-to-date: /home/vd/my_ws/install/sensor_cpp_interface/include/sensor_cpp_interface/sensor_cpp_interface/srv/detail
[0.310s] -- Up-to-date: /home/vd/my_ws/install/sensor_cpp_interface/include/sensor_cpp_interface/sensor_cpp_interface/srv/detail/dds_fastrtps
[0.310s] -- Up-to-date: /home/vd/my_ws/install/sensor_cpp_interface/include/sensor_cpp_interface/sensor_cpp_interface/srv/detail/addition__rosidl_typesupport_fastrtps_cpp.hpp
[0.310s] -- Up-to-date: /home/vd/my_ws/install/sensor_cpp_interface/lib/libsensor_cpp_interface__rosidl_typesupport_fastrtps_cpp.so
[0.311s] -- Up-to-date: /home/vd/my_ws/install/sensor_cpp_interface/include/sensor_cpp_interface/sensor_cpp_interface
[0.311s] -- Up-to-date: /home/vd/my_ws/install/sensor_cpp_interface/include/sensor_cpp_interface/sensor_cpp_interface/action
[0.311s] -- Up-to-date: /home/vd/my_ws/install/sensor_cpp_interface/include/sensor_cpp_interface/sensor_cpp_interface/action/detail
[0.311s] -- Up-to-date: /home/vd/my_ws/install/sensor_cpp_interface/include/sensor_cpp_interface/sensor_cpp_interface/action/detail/fib__rosidl_typesupport_introspection_cpp.hpp
[0.311s] -- Up-to-date: /home/vd/my_ws/install/sensor_cpp_interface/include/sensor_cpp_interface/sensor_cpp_interface/action/detail/fib__type_support.cpp
[0.311s] -- Up-to-date: /home/vd/my_ws/install/sensor_cpp_interface/include/sensor_cpp_interface/sensor_cpp_interface/msg
[0.311s] -- Up-to-date: /home/vd/my_ws/install/sensor_cpp_interface/include/sensor_cpp_interface/sensor_cpp_interface/msg/detail
[0.311s] -- Up-to-date: /home/vd/my_ws/install/sensor_cpp_interface/include/sensor_cpp_interface/sensor_cpp_interface/msg/detail/sensor_data__rosidl_typesupport_introspection_cpp.hpp
[0.311s] -- Up-to-date: /home/vd/my_ws/install/sensor_cpp_interface/include/sensor_cpp_interface/sensor_cpp_interface/msg/detail/sensor_data__type_support.cpp
[0.311s] -- Up-to-date: /home/vd/my_ws/install/sensor_cpp_interface/include/sensor_cpp_interface/sensor_cpp_interface/srv
[0.311s] -- Up-to-date: /home/vd/my_ws/install/sensor_cpp_interface/include/sensor_cpp_interface/sensor_cpp_interface/srv/detail
[0.311s] -- Up-to-date: /home/vd/my_ws/install/sensor_cpp_interface/include/sensor_cpp_interface/sensor_cpp_interface/srv/detail/addition__rosidl_typesupport_introspection_cpp.hpp
[0.311s] -- Up-to-date: /home/vd/my_ws/install/sensor_cpp_interface/include/sensor_cpp_interface/sensor_cpp_interface/srv/detail/addition__type_support.cpp
[0.311s] -- Up-to-date: /home/vd/my_ws/install/sensor_cpp_interface/lib/libsensor_cpp_interface__rosidl_typesupport_introspection_cpp.so
[0.311s] -- Up-to-date: /home/vd/my_ws/install/sensor_cpp_interface/lib/libsensor_cpp_interface__rosidl_typesupport_cpp.so
[0.311s] -- Up-to-date: /home/vd/my_ws/install/sensor_cpp_interface/share/sensor_cpp_interface/environment/pythonpath.sh
[0.311s] -- Up-to-date: /home/vd/my_ws/install/sensor_cpp_interface/share/sensor_cpp_interface/environment/pythonpath.dsv
[0.311s] -- Up-to-date: /home/vd/my_ws/install/sensor_cpp_interface/local/lib/python3.10/dist-packages/sensor_cpp_interface-0.0.0-py3.10.egg-info
[0.311s] -- Installing: /home/vd/my_ws/install/sensor_cpp_interface/local/lib/python3.10/dist-packages/sensor_cpp_interface-0.0.0-py3.10.egg-info/SOURCES.txt
[0.311s] -- Installing: /home/vd/my_ws/install/sensor_cpp_interface/local/lib/python3.10/dist-packages/sensor_cpp_interface-0.0.0-py3.10.egg-info/PKG-INFO
[0.311s] -- Installing: /home/vd/my_ws/install/sensor_cpp_interface/local/lib/python3.10/dist-packages/sensor_cpp_interface-0.0.0-py3.10.egg-info/top_level.txt
[0.311s] -- Installing: /home/vd/my_ws/install/sensor_cpp_interface/local/lib/python3.10/dist-packages/sensor_cpp_interface-0.0.0-py3.10.egg-info/dependency_links.txt
[0.311s] -- Up-to-date: /home/vd/my_ws/install/sensor_cpp_interface/local/lib/python3.10/dist-packages/sensor_cpp_interface
[0.311s] -- Up-to-date: /home/vd/my_ws/install/sensor_cpp_interface/local/lib/python3.10/dist-packages/sensor_cpp_interface/sensor_cpp_interface_s__rosidl_typesupport_c.cpython-310-x86_64-linux-gnu.so
[0.311s] -- Up-to-date: /home/vd/my_ws/install/sensor_cpp_interface/local/lib/python3.10/dist-packages/sensor_cpp_interface/sensor_cpp_interface_s__rosidl_typesupport_introspection_c.cpython-310-x86_64-linux-gnu.so
[0.311s] -- Up-to-date: /home/vd/my_ws/install/sensor_cpp_interface/local/lib/python3.10/dist-packages/sensor_cpp_interface/_sensor_cpp_interface_s.ep.rosidl_typesupport_c.c
[0.311s] -- Up-to-date: /home/vd/my_ws/install/sensor_cpp_interface/local/lib/python3.10/dist-packages/sensor_cpp_interface/_sensor_cpp_interface_s.ep.rosidl_typesupport_fastrtps_c.c
[0.311s] -- Up-to-date: /home/vd/my_ws/install/sensor_cpp_interface/local/lib/python3.10/dist-packages/sensor_cpp_interface/libsensor_cpp_interface__rosidl_generator_py.so
[0.311s] -- Up-to-date: /home/vd/my_ws/install/sensor_cpp_interface/local/lib/python3.10/dist-packages/sensor_cpp_interface/_sensor_cpp_interface_s.ep.rosidl_typesupport_introspection_c.c
[0.312s] -- Up-to-date: /home/vd/my_ws/install/sensor_cpp_interface/local/lib/python3.10/dist-packages/sensor_cpp_interface/action
[0.312s] -- Up-to-date: /home/vd/my_ws/install/sensor_cpp_interface/local/lib/python3.10/dist-packages/sensor_cpp_interface/action/_fib_s.c
[0.312s] -- Up-to-date: /home/vd/my_ws/install/sensor_cpp_interface/local/lib/python3.10/dist-packages/sensor_cpp_interface/action/__init__.py
[0.312s] -- Up-to-date: /home/vd/my_ws/install/sensor_cpp_interface/local/lib/python3.10/dist-packages/sensor_cpp_interface/action/_fib.py
[0.312s] -- Up-to-date: /home/vd/my_ws/install/sensor_cpp_interface/local/lib/python3.10/dist-packages/sensor_cpp_interface/__init__.py
[0.312s] -- Up-to-date: /home/vd/my_ws/install/sensor_cpp_interface/local/lib/python3.10/dist-packages/sensor_cpp_interface/msg
[0.312s] -- Up-to-date: /home/vd/my_ws/install/sensor_cpp_interface/local/lib/python3.10/dist-packages/sensor_cpp_interface/msg/_sensor_data_s.c
[0.312s] -- Up-to-date: /home/vd/my_ws/install/sensor_cpp_interface/local/lib/python3.10/dist-packages/sensor_cpp_interface/msg/_sensor_data.py
[0.312s] -- Up-to-date: /home/vd/my_ws/install/sensor_cpp_interface/local/lib/python3.10/dist-packages/sensor_cpp_interface/msg/__init__.py
[0.312s] -- Up-to-date: /home/vd/my_ws/install/sensor_cpp_interface/local/lib/python3.10/dist-packages/sensor_cpp_interface/sensor_cpp_interface_s__rosidl_typesupport_fastrtps_c.cpython-310-x86_64-linux-gnu.so
[0.312s] -- Up-to-date: /home/vd/my_ws/install/sensor_cpp_interface/local/lib/python3.10/dist-packages/sensor_cpp_interface/srv
[0.312s] -- Up-to-date: /home/vd/my_ws/install/sensor_cpp_interface/local/lib/python3.10/dist-packages/sensor_cpp_interface/srv/_addition_s.c
[0.312s] -- Up-to-date: /home/vd/my_ws/install/sensor_cpp_interface/local/lib/python3.10/dist-packages/sensor_cpp_interface/srv/__init__.py
[0.312s] -- Up-to-date: /home/vd/my_ws/install/sensor_cpp_interface/local/lib/python3.10/dist-packages/sensor_cpp_interface/srv/_addition.py
[0.333s] Listing '/home/vd/my_ws/install/sensor_cpp_interface/local/lib/python3.10/dist-packages/sensor_cpp_interface'...
[0.333s] Listing '/home/vd/my_ws/install/sensor_cpp_interface/local/lib/python3.10/dist-packages/sensor_cpp_interface/action'...
[0.333s] Listing '/home/vd/my_ws/install/sensor_cpp_interface/local/lib/python3.10/dist-packages/sensor_cpp_interface/msg'...
[0.333s] Listing '/home/vd/my_ws/install/sensor_cpp_interface/local/lib/python3.10/dist-packages/sensor_cpp_interface/srv'...
[0.336s] -- Up-to-date: /home/vd/my_ws/install/sensor_cpp_interface/local/lib/python3.10/dist-packages/sensor_cpp_interface/sensor_cpp_interface_s__rosidl_typesupport_fastrtps_c.cpython-310-x86_64-linux-gnu.so
[0.336s] -- Up-to-date: /home/vd/my_ws/install/sensor_cpp_interface/local/lib/python3.10/dist-packages/sensor_cpp_interface/sensor_cpp_interface_s__rosidl_typesupport_introspection_c.cpython-310-x86_64-linux-gnu.so
[0.336s] -- Up-to-date: /home/vd/my_ws/install/sensor_cpp_interface/local/lib/python3.10/dist-packages/sensor_cpp_interface/sensor_cpp_interface_s__rosidl_typesupport_c.cpython-310-x86_64-linux-gnu.so
[0.337s] -- Up-to-date: /home/vd/my_ws/install/sensor_cpp_interface/lib/libsensor_cpp_interface__rosidl_generator_py.so
[0.337s] -- Up-to-date: /home/vd/my_ws/install/sensor_cpp_interface/share/sensor_cpp_interface/msg/SensorData.idl
[0.337s] -- Up-to-date: /home/vd/my_ws/install/sensor_cpp_interface/share/sensor_cpp_interface/srv/Addition.idl
[0.337s] -- Up-to-date: /home/vd/my_ws/install/sensor_cpp_interface/share/sensor_cpp_interface/action/Fib.idl
[0.337s] -- Up-to-date: /home/vd/my_ws/install/sensor_cpp_interface/share/sensor_cpp_interface/msg/SensorData.msg
[0.337s] -- Up-to-date: /home/vd/my_ws/install/sensor_cpp_interface/share/sensor_cpp_interface/srv/Addition.srv
[0.337s] -- Up-to-date: /home/vd/my_ws/install/sensor_cpp_interface/share/sensor_cpp_interface/srv/Addition_Request.msg
[0.337s] -- Up-to-date: /home/vd/my_ws/install/sensor_cpp_interface/share/sensor_cpp_interface/srv/Addition_Response.msg
[0.337s] -- Up-to-date: /home/vd/my_ws/install/sensor_cpp_interface/share/sensor_cpp_interface/action/Fib.action
[0.337s] -- Up-to-date: /home/vd/my_ws/install/sensor_cpp_interface/share/ament_index/resource_index/package_run_dependencies/sensor_cpp_interface
[0.337s] -- Up-to-date: /home/vd/my_ws/install/sensor_cpp_interface/share/ament_index/resource_index/parent_prefix_path/sensor_cpp_interface
[0.337s] -- Up-to-date: /home/vd/my_ws/install/sensor_cpp_interface/share/sensor_cpp_interface/environment/ament_prefix_path.sh
[0.337s] -- Up-to-date: /home/vd/my_ws/install/sensor_cpp_interface/share/sensor_cpp_interface/environment/ament_prefix_path.dsv
[0.337s] -- Up-to-date: /home/vd/my_ws/install/sensor_cpp_interface/share/sensor_cpp_interface/environment/path.sh
[0.338s] -- Up-to-date: /home/vd/my_ws/install/sensor_cpp_interface/share/sensor_cpp_interface/environment/path.dsv
[0.338s] -- Up-to-date: /home/vd/my_ws/install/sensor_cpp_interface/share/sensor_cpp_interface/local_setup.bash
[0.338s] -- Up-to-date: /home/vd/my_ws/install/sensor_cpp_interface/share/sensor_cpp_interface/local_setup.sh
[0.338s] -- Up-to-date: /home/vd/my_ws/install/sensor_cpp_interface/share/sensor_cpp_interface/local_setup.zsh
[0.338s] -- Up-to-date: /home/vd/my_ws/install/sensor_cpp_interface/share/sensor_cpp_interface/local_setup.dsv
[0.338s] -- Installing: /home/vd/my_ws/install/sensor_cpp_interface/share/sensor_cpp_interface/package.dsv
[0.338s] -- Up-to-date: /home/vd/my_ws/install/sensor_cpp_interface/share/ament_index/resource_index/packages/sensor_cpp_interface
[0.338s] -- Up-to-date: /home/vd/my_ws/install/sensor_cpp_interface/share/sensor_cpp_interface/cmake/export_sensor_cpp_interface__rosidl_generator_cExport.cmake
[0.338s] -- Up-to-date: /home/vd/my_ws/install/sensor_cpp_interface/share/sensor_cpp_interface/cmake/export_sensor_cpp_interface__rosidl_generator_cExport-noconfig.cmake
[0.338s] -- Up-to-date: /home/vd/my_ws/install/sensor_cpp_interface/share/sensor_cpp_interface/cmake/export_sensor_cpp_interface__rosidl_typesupport_fastrtps_cExport.cmake
[0.338s] -- Up-to-date: /home/vd/my_ws/install/sensor_cpp_interface/share/sensor_cpp_interface/cmake/export_sensor_cpp_interface__rosidl_typesupport_fastrtps_cExport-noconfig.cmake
[0.338s] -- Up-to-date: /home/vd/my_ws/install/sensor_cpp_interface/share/sensor_cpp_interface/cmake/sensor_cpp_interface__rosidl_typesupport_introspection_cExport.cmake
[0.338s] -- Up-to-date: /home/vd/my_ws/install/sensor_cpp_interface/share/sensor_cpp_interface/cmake/sensor_cpp_interface__rosidl_typesupport_introspection_cExport-noconfig.cmake
[0.338s] -- Up-to-date: /home/vd/my_ws/install/sensor_cpp_interface/share/sensor_cpp_interface/cmake/sensor_cpp_interface__rosidl_typesupport_cExport.cmake
[0.338s] -- Up-to-date: /home/vd/my_ws/install/sensor_cpp_interface/share/sensor_cpp_interface/cmake/sensor_cpp_interface__rosidl_typesupport_cExport-noconfig.cmake
[0.338s] -- Up-to-date: /home/vd/my_ws/install/sensor_cpp_interface/share/sensor_cpp_interface/cmake/export_sensor_cpp_interface__rosidl_generator_cppExport.cmake
[0.338s] -- Up-to-date: /home/vd/my_ws/install/sensor_cpp_interface/share/sensor_cpp_interface/cmake/export_sensor_cpp_interface__rosidl_typesupport_fastrtps_cppExport.cmake
[0.338s] -- Up-to-date: /home/vd/my_ws/install/sensor_cpp_interface/share/sensor_cpp_interface/cmake/export_sensor_cpp_interface__rosidl_typesupport_fastrtps_cppExport-noconfig.cmake
[0.338s] -- Up-to-date: /home/vd/my_ws/install/sensor_cpp_interface/share/sensor_cpp_interface/cmake/sensor_cpp_interface__rosidl_typesupport_introspection_cppExport.cmake
[0.339s] -- Up-to-date: /home/vd/my_ws/install/sensor_cpp_interface/share/sensor_cpp_interface/cmake/sensor_cpp_interface__rosidl_typesupport_introspection_cppExport-noconfig.cmake
[0.339s] -- Up-to-date: /home/vd/my_ws/install/sensor_cpp_interface/share/sensor_cpp_interface/cmake/sensor_cpp_interface__rosidl_typesupport_cppExport.cmake
[0.339s] -- Up-to-date: /home/vd/my_ws/install/sensor_cpp_interface/share/sensor_cpp_interface/cmake/sensor_cpp_interface__rosidl_typesupport_cppExport-noconfig.cmake
[0.339s] -- Up-to-date: /home/vd/my_ws/install/sensor_cpp_interface/share/sensor_cpp_interface/cmake/export_sensor_cpp_interface__rosidl_generator_pyExport.cmake
[0.339s] -- Up-to-date: /home/vd/my_ws/install/sensor_cpp_interface/share/sensor_cpp_interface/cmake/export_sensor_cpp_interface__rosidl_generator_pyExport-noconfig.cmake
[0.339s] -- Up-to-date: /home/vd/my_ws/install/sensor_cpp_interface/share/sensor_cpp_interface/cmake/rosidl_cmake-extras.cmake
[0.339s] -- Up-to-date: /home/vd/my_ws/install/sensor_cpp_interface/share/sensor_cpp_interface/cmake/ament_cmake_export_dependencies-extras.cmake
[0.339s] -- Up-to-date: /home/vd/my_ws/install/sensor_cpp_interface/share/sensor_cpp_interface/cmake/ament_cmake_export_include_directories-extras.cmake
[0.339s] -- Up-to-date: /home/vd/my_ws/install/sensor_cpp_interface/share/sensor_cpp_interface/cmake/ament_cmake_export_libraries-extras.cmake
[0.339s] -- Up-to-date: /home/vd/my_ws/install/sensor_cpp_interface/share/sensor_cpp_interface/cmake/ament_cmake_export_targets-extras.cmake
[0.339s] -- Up-to-date: /home/vd/my_ws/install/sensor_cpp_interface/share/sensor_cpp_interface/cmake/rosidl_cmake_export_typesupport_targets-extras.cmake
[0.339s] -- Up-to-date: /home/vd/my_ws/install/sensor_cpp_interface/share/sensor_cpp_interface/cmake/rosidl_cmake_export_typesupport_libraries-extras.cmake
[0.339s] -- Up-to-date: /home/vd/my_ws/install/sensor_cpp_interface/share/sensor_cpp_interface/cmake/sensor_cpp_interfaceConfig.cmake
[0.339s] -- Up-to-date: /home/vd/my_ws/install/sensor_cpp_interface/share/sensor_cpp_interface/cmake/sensor_cpp_interfaceConfig-version.cmake
[0.339s] -- Up-to-date: /home/vd/my_ws/install/sensor_cpp_interface/share/sensor_cpp_interface/package.xml
[0.341s] Invoked command in '/home/vd/my_ws/build/sensor_cpp_interface' returned '0': CMAKE_PREFIX_PATH=${CMAKE_PREFIX_PATH}:/home/vd/my_ws/install/sensor_py_pkg:/home/vd/my_ws/install/py_srvcli:/home/vd/ros2ws/install/py_pubsub:/opt/ros/humble /usr/bin/cmake --install /home/vd/my_ws/build/sensor_cpp_interface
