[0.697s] Invoking command in '/home/vd/my_ws/src/py_srvcli': PYTHONPATH=/home/vd/my_ws/build/py_srvcli/prefix_override:/usr/lib/python3/dist-packages/colcon_core/task/python/colcon_distutils_commands:/home/vd/my_ws/install/py_srvcli/lib/python3.10/site-packages:${PYTHONPATH} /usr/bin/python3 -W ignore:setup.py install is deprecated -W ignore:easy_install command is deprecated setup.py egg_info --egg-base ../../build/py_srvcli build --build-base /home/vd/my_ws/build/py_srvcli/build install --record /home/vd/my_ws/build/py_srvcli/install.log --single-version-externally-managed install_data
[0.874s] running egg_info
[0.874s] writing ../../build/py_srvcli/py_srvcli.egg-info/PKG-INFO
[0.875s] writing dependency_links to ../../build/py_srvcli/py_srvcli.egg-info/dependency_links.txt
[0.875s] writing entry points to ../../build/py_srvcli/py_srvcli.egg-info/entry_points.txt
[0.875s] writing requirements to ../../build/py_srvcli/py_srvcli.egg-info/requires.txt
[0.875s] writing top-level names to ../../build/py_srvcli/py_srvcli.egg-info/top_level.txt
[0.876s] reading manifest file '../../build/py_srvcli/py_srvcli.egg-info/SOURCES.txt'
[0.877s] adding license file 'LICENSE'
[0.877s] writing manifest file '../../build/py_srvcli/py_srvcli.egg-info/SOURCES.txt'
[0.877s] running build
[0.877s] running build_py
[0.878s] running install
[0.878s] running install_lib
[0.879s] running install_data
[0.879s] running install_egg_info
[0.881s] removing '/home/vd/my_ws/install/py_srvcli/lib/python3.10/site-packages/py_srvcli-0.0.0-py3.10.egg-info' (and everything under it)
[0.881s] Copying ../../build/py_srvcli/py_srvcli.egg-info to /home/vd/my_ws/install/py_srvcli/lib/python3.10/site-packages/py_srvcli-0.0.0-py3.10.egg-info
[0.881s] running install_scripts
[0.897s] Installing client script to /home/vd/my_ws/install/py_srvcli/lib/py_srvcli
[0.897s] Installing server script to /home/vd/my_ws/install/py_srvcli/lib/py_srvcli
[0.897s] writing list of installed files to '/home/vd/my_ws/build/py_srvcli/install.log'
[0.934s] Invoked command in '/home/vd/my_ws/src/py_srvcli' returned '0': PYTHONPATH=/home/vd/my_ws/build/py_srvcli/prefix_override:/usr/lib/python3/dist-packages/colcon_core/task/python/colcon_distutils_commands:/home/vd/my_ws/install/py_srvcli/lib/python3.10/site-packages:${PYTHONPATH} /usr/bin/python3 -W ignore:setup.py install is deprecated -W ignore:easy_install command is deprecated setup.py egg_info --egg-base ../../build/py_srvcli build --build-base /home/vd/my_ws/build/py_srvcli/build install --record /home/vd/my_ws/build/py_srvcli/install.log --single-version-externally-managed install_data
