[0.699s] Invoking command in '/home/vd/my_ws/src/py_srvcli': PYTHONPATH=/home/vd/my_ws/build/py_srvcli/prefix_override:/usr/lib/python3/dist-packages/colcon_core/task/python/colcon_distutils_commands:/home/vd/my_ws/install/py_srvcli/lib/python3.10/site-packages:${PYTHONPATH} /usr/bin/python3 -W ignore:setup.py install is deprecated -W ignore:easy_install command is deprecated setup.py egg_info --egg-base ../../build/py_srvcli build --build-base /home/vd/my_ws/build/py_srvcli/build install --record /home/vd/my_ws/build/py_srvcli/install.log --single-version-externally-managed install_data
[0.880s] running egg_info
[0.880s] creating ../../build/py_srvcli/py_srvcli.egg-info
[0.880s] writing ../../build/py_srvcli/py_srvcli.egg-info/PKG-INFO
[0.880s] writing dependency_links to ../../build/py_srvcli/py_srvcli.egg-info/dependency_links.txt
[0.881s] writing entry points to ../../build/py_srvcli/py_srvcli.egg-info/entry_points.txt
[0.881s] writing requirements to ../../build/py_srvcli/py_srvcli.egg-info/requires.txt
[0.881s] writing top-level names to ../../build/py_srvcli/py_srvcli.egg-info/top_level.txt
[0.881s] writing manifest file '../../build/py_srvcli/py_srvcli.egg-info/SOURCES.txt'
[0.882s] reading manifest file '../../build/py_srvcli/py_srvcli.egg-info/SOURCES.txt'
[0.882s] adding license file 'LICENSE'
[0.883s] writing manifest file '../../build/py_srvcli/py_srvcli.egg-info/SOURCES.txt'
[0.883s] running build
[0.883s] running build_py
[0.883s] creating /home/vd/my_ws/build/py_srvcli/build
[0.883s] creating /home/vd/my_ws/build/py_srvcli/build/lib
[0.883s] creating /home/vd/my_ws/build/py_srvcli/build/lib/py_srvcli
[0.883s] copying py_srvcli/service_node.py -> /home/vd/my_ws/build/py_srvcli/build/lib/py_srvcli
[0.883s] copying py_srvcli/ActionServer.py -> /home/vd/my_ws/build/py_srvcli/build/lib/py_srvcli
[0.883s] copying py_srvcli/__init__.py -> /home/vd/my_ws/build/py_srvcli/build/lib/py_srvcli
[0.883s] copying py_srvcli/client_node.py -> /home/vd/my_ws/build/py_srvcli/build/lib/py_srvcli
[0.883s] running install
[0.884s] running install_lib
[0.884s] creating /home/vd/my_ws/install/py_srvcli/lib/python3.10/site-packages/py_srvcli
[0.884s] copying /home/vd/my_ws/build/py_srvcli/build/lib/py_srvcli/service_node.py -> /home/vd/my_ws/install/py_srvcli/lib/python3.10/site-packages/py_srvcli
[0.884s] copying /home/vd/my_ws/build/py_srvcli/build/lib/py_srvcli/ActionServer.py -> /home/vd/my_ws/install/py_srvcli/lib/python3.10/site-packages/py_srvcli
[0.885s] copying /home/vd/my_ws/build/py_srvcli/build/lib/py_srvcli/__init__.py -> /home/vd/my_ws/install/py_srvcli/lib/python3.10/site-packages/py_srvcli
[0.885s] copying /home/vd/my_ws/build/py_srvcli/build/lib/py_srvcli/client_node.py -> /home/vd/my_ws/install/py_srvcli/lib/python3.10/site-packages/py_srvcli
[0.885s] byte-compiling /home/vd/my_ws/install/py_srvcli/lib/python3.10/site-packages/py_srvcli/service_node.py to service_node.cpython-310.pyc
[0.886s] byte-compiling /home/vd/my_ws/install/py_srvcli/lib/python3.10/site-packages/py_srvcli/ActionServer.py to ActionServer.cpython-310.pyc
[0.886s] byte-compiling /home/vd/my_ws/install/py_srvcli/lib/python3.10/site-packages/py_srvcli/__init__.py to __init__.cpython-310.pyc
[0.886s] byte-compiling /home/vd/my_ws/install/py_srvcli/lib/python3.10/site-packages/py_srvcli/client_node.py to client_node.cpython-310.pyc
[0.886s] running install_data
[0.886s] creating /home/vd/my_ws/install/py_srvcli/share/ament_index
[0.886s] creating /home/vd/my_ws/install/py_srvcli/share/ament_index/resource_index
[0.886s] creating /home/vd/my_ws/install/py_srvcli/share/ament_index/resource_index/packages
[0.886s] copying resource/py_srvcli -> /home/vd/my_ws/install/py_srvcli/share/ament_index/resource_index/packages
[0.887s] copying package.xml -> /home/vd/my_ws/install/py_srvcli/share/py_srvcli
[0.887s] running install_egg_info
[0.888s] Copying ../../build/py_srvcli/py_srvcli.egg-info to /home/vd/my_ws/install/py_srvcli/lib/python3.10/site-packages/py_srvcli-0.0.0-py3.10.egg-info
[0.888s] running install_scripts
[0.903s] Installing client script to /home/vd/my_ws/install/py_srvcli/lib/py_srvcli
[0.904s] Installing server script to /home/vd/my_ws/install/py_srvcli/lib/py_srvcli
[0.904s] writing list of installed files to '/home/vd/my_ws/build/py_srvcli/install.log'
[0.941s] Invoked command in '/home/vd/my_ws/src/py_srvcli' returned '0': PYTHONPATH=/home/vd/my_ws/build/py_srvcli/prefix_override:/usr/lib/python3/dist-packages/colcon_core/task/python/colcon_distutils_commands:/home/vd/my_ws/install/py_srvcli/lib/python3.10/site-packages:${PYTHONPATH} /usr/bin/python3 -W ignore:setup.py install is deprecated -W ignore:easy_install command is deprecated setup.py egg_info --egg-base ../../build/py_srvcli build --build-base /home/vd/my_ws/build/py_srvcli/build install --record /home/vd/my_ws/build/py_srvcli/install.log --single-version-externally-managed install_data
