[0.859s] Invoking command in '/home/vd/my_ws/src/sensor_py_pkg': AMENT_PREFIX_PATH=/home/vd/my_ws/install/sensor_cpp_interface:${AMENT_PREFIX_PATH} CMAKE_PREFIX_PATH=/home/vd/my_ws/install/sensor_cpp_interface:${CMAKE_PREFIX_PATH} LD_LIBRARY_PATH=/home/vd/my_ws/install/sensor_cpp_interface/lib:${LD_LIBRARY_PATH} PYTHONPATH=/home/vd/my_ws/build/sensor_py_pkg/prefix_override:/usr/lib/python3/dist-packages/colcon_core/task/python/colcon_distutils_commands:/home/vd/my_ws/install/sensor_py_pkg/lib/python3.10/site-packages:/home/vd/my_ws/install/sensor_cpp_interface/local/lib/python3.10/dist-packages:${PYTHONPATH} /usr/bin/python3 -W ignore:setup.py install is deprecated -W ignore:easy_install command is deprecated setup.py egg_info --egg-base ../../build/sensor_py_pkg build --build-base /home/vd/my_ws/build/sensor_py_pkg/build install --record /home/vd/my_ws/build/sensor_py_pkg/install.log --single-version-externally-managed install_data
[1.034s] running egg_info
[1.034s] writing ../../build/sensor_py_pkg/sensor_py_pkg.egg-info/PKG-INFO
[1.040s] writing dependency_links to ../../build/sensor_py_pkg/sensor_py_pkg.egg-info/dependency_links.txt
[1.040s] writing entry points to ../../build/sensor_py_pkg/sensor_py_pkg.egg-info/entry_points.txt
[1.040s] writing requirements to ../../build/sensor_py_pkg/sensor_py_pkg.egg-info/requires.txt
[1.040s] writing top-level names to ../../build/sensor_py_pkg/sensor_py_pkg.egg-info/top_level.txt
[1.042s] reading manifest file '../../build/sensor_py_pkg/sensor_py_pkg.egg-info/SOURCES.txt'
[1.042s] writing manifest file '../../build/sensor_py_pkg/sensor_py_pkg.egg-info/SOURCES.txt'
[1.042s] running build
[1.043s] running build_py
[1.043s] running install
[1.044s] running install_lib
[1.045s] running install_data
[1.046s] running install_egg_info
[1.047s] removing '/home/vd/my_ws/install/sensor_py_pkg/lib/python3.10/site-packages/sensor_py_pkg-0.0.0-py3.10.egg-info' (and everything under it)
[1.047s] Copying ../../build/sensor_py_pkg/sensor_py_pkg.egg-info to /home/vd/my_ws/install/sensor_py_pkg/lib/python3.10/site-packages/sensor_py_pkg-0.0.0-py3.10.egg-info
[1.048s] running install_scripts
[1.063s] Installing msgpublisher script to /home/vd/my_ws/install/sensor_py_pkg/lib/sensor_py_pkg
[1.064s] Installing msgsubscriber script to /home/vd/my_ws/install/sensor_py_pkg/lib/sensor_py_pkg
[1.064s] writing list of installed files to '/home/vd/my_ws/build/sensor_py_pkg/install.log'
[1.098s] Invoked command in '/home/vd/my_ws/src/sensor_py_pkg' returned '0': AMENT_PREFIX_PATH=/home/vd/my_ws/install/sensor_cpp_interface:${AMENT_PREFIX_PATH} CMAKE_PREFIX_PATH=/home/vd/my_ws/install/sensor_cpp_interface:${CMAKE_PREFIX_PATH} LD_LIBRARY_PATH=/home/vd/my_ws/install/sensor_cpp_interface/lib:${LD_LIBRARY_PATH} PYTHONPATH=/home/vd/my_ws/build/sensor_py_pkg/prefix_override:/usr/lib/python3/dist-packages/colcon_core/task/python/colcon_distutils_commands:/home/vd/my_ws/install/sensor_py_pkg/lib/python3.10/site-packages:/home/vd/my_ws/install/sensor_cpp_interface/local/lib/python3.10/dist-packages:${PYTHONPATH} /usr/bin/python3 -W ignore:setup.py install is deprecated -W ignore:easy_install command is deprecated setup.py egg_info --egg-base ../../build/sensor_py_pkg build --build-base /home/vd/my_ws/build/sensor_py_pkg/build install --record /home/vd/my_ws/build/sensor_py_pkg/install.log --single-version-externally-managed install_data
