running egg_info
writing ../../build/sensor_py_pkg/sensor_py_pkg.egg-info/PKG-INFO
writing dependency_links to ../../build/sensor_py_pkg/sensor_py_pkg.egg-info/dependency_links.txt
writing entry points to ../../build/sensor_py_pkg/sensor_py_pkg.egg-info/entry_points.txt
writing requirements to ../../build/sensor_py_pkg/sensor_py_pkg.egg-info/requires.txt
writing top-level names to ../../build/sensor_py_pkg/sensor_py_pkg.egg-info/top_level.txt
reading manifest file '../../build/sensor_py_pkg/sensor_py_pkg.egg-info/SOURCES.txt'
writing manifest file '../../build/sensor_py_pkg/sensor_py_pkg.egg-info/SOURCES.txt'
running build
running build_py
running install
running install_lib
running install_data
running install_egg_info
removing '/home/vd/my_ws/install/sensor_py_pkg/lib/python3.10/site-packages/sensor_py_pkg-0.0.0-py3.10.egg-info' (and everything under it)
Copying ../../build/sensor_py_pkg/sensor_py_pkg.egg-info to /home/vd/my_ws/install/sensor_py_pkg/lib/python3.10/site-packages/sensor_py_pkg-0.0.0-py3.10.egg-info
running install_scripts
Installing msgpublisher script to /home/vd/my_ws/install/sensor_py_pkg/lib/sensor_py_pkg
Installing msgsubscriber script to /home/vd/my_ws/install/sensor_py_pkg/lib/sensor_py_pkg
writing list of installed files to '/home/vd/my_ws/build/sensor_py_pkg/install.log'
