[0.720s] Invoking command in '/home/vd/my_ws/src/sensor_py_pkg': PYTHONPATH=/home/vd/my_ws/build/sensor_py_pkg/prefix_override:/usr/lib/python3/dist-packages/colcon_core/task/python/colcon_distutils_commands:/home/vd/my_ws/install/sensor_py_pkg/lib/python3.10/site-packages:${PYTHONPATH} /usr/bin/python3 -W ignore:setup.py install is deprecated -W ignore:easy_install command is deprecated setup.py egg_info --egg-base ../../build/sensor_py_pkg build --build-base /home/vd/my_ws/build/sensor_py_pkg/build install --record /home/vd/my_ws/build/sensor_py_pkg/install.log --single-version-externally-managed install_data
[0.905s] running egg_info
[0.905s] writing ../../build/sensor_py_pkg/sensor_py_pkg.egg-info/PKG-INFO
[0.906s] writing dependency_links to ../../build/sensor_py_pkg/sensor_py_pkg.egg-info/dependency_links.txt
[0.906s] writing entry points to ../../build/sensor_py_pkg/sensor_py_pkg.egg-info/entry_points.txt
[0.906s] writing requirements to ../../build/sensor_py_pkg/sensor_py_pkg.egg-info/requires.txt
[0.906s] writing top-level names to ../../build/sensor_py_pkg/sensor_py_pkg.egg-info/top_level.txt
[0.908s] reading manifest file '../../build/sensor_py_pkg/sensor_py_pkg.egg-info/SOURCES.txt'
[0.908s] writing manifest file '../../build/sensor_py_pkg/sensor_py_pkg.egg-info/SOURCES.txt'
[0.909s] running build
[0.909s] running build_py
[0.909s] running install
[0.909s] running install_lib
[0.910s] running install_data
[0.910s] running install_egg_info
[0.912s] removing '/home/vd/my_ws/install/sensor_py_pkg/lib/python3.10/site-packages/sensor_py_pkg-0.0.0-py3.10.egg-info' (and everything under it)
[0.912s] Copying ../../build/sensor_py_pkg/sensor_py_pkg.egg-info to /home/vd/my_ws/install/sensor_py_pkg/lib/python3.10/site-packages/sensor_py_pkg-0.0.0-py3.10.egg-info
[0.913s] running install_scripts
[0.928s] Installing msgpublisher script to /home/vd/my_ws/install/sensor_py_pkg/lib/sensor_py_pkg
[0.928s] Installing msgsubscriber script to /home/vd/my_ws/install/sensor_py_pkg/lib/sensor_py_pkg
[0.928s] writing list of installed files to '/home/vd/my_ws/build/sensor_py_pkg/install.log'
[0.964s] Invoked command in '/home/vd/my_ws/src/sensor_py_pkg' returned '0': PYTHONPATH=/home/vd/my_ws/build/sensor_py_pkg/prefix_override:/usr/lib/python3/dist-packages/colcon_core/task/python/colcon_distutils_commands:/home/vd/my_ws/install/sensor_py_pkg/lib/python3.10/site-packages:${PYTHONPATH} /usr/bin/python3 -W ignore:setup.py install is deprecated -W ignore:easy_install command is deprecated setup.py egg_info --egg-base ../../build/sensor_py_pkg build --build-base /home/vd/my_ws/build/sensor_py_pkg/build install --record /home/vd/my_ws/build/sensor_py_pkg/install.log --single-version-externally-managed install_data
