running egg_info
creating ../../build/gazebo_tutorial/gazebo_tutorial.egg-info
writing ../../build/gazebo_tutorial/gazebo_tutorial.egg-info/PKG-INFO
writing dependency_links to ../../build/gazebo_tutorial/gazebo_tutorial.egg-info/dependency_links.txt
writing entry points to ../../build/gazebo_tutorial/gazebo_tutorial.egg-info/entry_points.txt
writing requirements to ../../build/gazebo_tutorial/gazebo_tutorial.egg-info/requires.txt
writing top-level names to ../../build/gazebo_tutorial/gazebo_tutorial.egg-info/top_level.txt
writing manifest file '../../build/gazebo_tutorial/gazebo_tutorial.egg-info/SOURCES.txt'
reading manifest file '../../build/gazebo_tutorial/gazebo_tutorial.egg-info/SOURCES.txt'
writing manifest file '../../build/gazebo_tutorial/gazebo_tutorial.egg-info/SOURCES.txt'
running build
running build_py
creating /home/vd/my_ws/build/gazebo_tutorial/build
creating /home/vd/my_ws/build/gazebo_tutorial/build/lib
creating /home/vd/my_ws/build/gazebo_tutorial/build/lib/gazebo_tutorial
copying gazebo_tutorial/__init__.py -> /home/vd/my_ws/build/gazebo_tutorial/build/lib/gazebo_tutorial
running install
running install_lib
creating /home/vd/my_ws/install/gazebo_tutorial/lib/python3.10/site-packages/gazebo_tutorial
copying /home/vd/my_ws/build/gazebo_tutorial/build/lib/gazebo_tutorial/__init__.py -> /home/vd/my_ws/install/gazebo_tutorial/lib/python3.10/site-packages/gazebo_tutorial
byte-compiling /home/vd/my_ws/install/gazebo_tutorial/lib/python3.10/site-packages/gazebo_tutorial/__init__.py to __init__.cpython-310.pyc
running install_data
creating /home/vd/my_ws/install/gazebo_tutorial/share/ament_index
creating /home/vd/my_ws/install/gazebo_tutorial/share/ament_index/resource_index
creating /home/vd/my_ws/install/gazebo_tutorial/share/ament_index/resource_index/packages
copying resource/gazebo_tutorial -> /home/vd/my_ws/install/gazebo_tutorial/share/ament_index/resource_index/packages
copying package.xml -> /home/vd/my_ws/install/gazebo_tutorial/share/gazebo_tutorial
running install_egg_info
Copying ../../build/gazebo_tutorial/gazebo_tutorial.egg-info to /home/vd/my_ws/install/gazebo_tutorial/lib/python3.10/site-packages/gazebo_tutorial-0.0.0-py3.10.egg-info
running install_scripts
writing list of installed files to '/home/vd/my_ws/build/gazebo_tutorial/install.log'
