[0.951s] Invoking command in '/home/vd/my_ws/src/gazebo_tutorial': PYTHONPATH=/home/vd/my_ws/build/gazebo_tutorial/prefix_override:/usr/lib/python3/dist-packages/colcon_core/task/python/colcon_distutils_commands:/home/vd/my_ws/install/gazebo_tutorial/lib/python3.10/site-packages:${PYTHONPATH} /usr/bin/python3 -W ignore:setup.py install is deprecated -W ignore:easy_install command is deprecated setup.py egg_info --egg-base ../../build/gazebo_tutorial build --build-base /home/vd/my_ws/build/gazebo_tutorial/build install --record /home/vd/my_ws/build/gazebo_tutorial/install.log --single-version-externally-managed install_data
[1.262s] running egg_info
[1.263s] creating ../../build/gazebo_tutorial/gazebo_tutorial.egg-info
[1.263s] writing ../../build/gazebo_tutorial/gazebo_tutorial.egg-info/PKG-INFO
[1.263s] writing dependency_links to ../../build/gazebo_tutorial/gazebo_tutorial.egg-info/dependency_links.txt
[1.263s] writing entry points to ../../build/gazebo_tutorial/gazebo_tutorial.egg-info/entry_points.txt
[1.263s] writing requirements to ../../build/gazebo_tutorial/gazebo_tutorial.egg-info/requires.txt
[1.263s] writing top-level names to ../../build/gazebo_tutorial/gazebo_tutorial.egg-info/top_level.txt
[1.263s] writing manifest file '../../build/gazebo_tutorial/gazebo_tutorial.egg-info/SOURCES.txt'
[1.265s] reading manifest file '../../build/gazebo_tutorial/gazebo_tutorial.egg-info/SOURCES.txt'
[1.266s] writing manifest file '../../build/gazebo_tutorial/gazebo_tutorial.egg-info/SOURCES.txt'
[1.266s] running build
[1.266s] running build_py
[1.266s] creating /home/vd/my_ws/build/gazebo_tutorial/build
[1.267s] creating /home/vd/my_ws/build/gazebo_tutorial/build/lib
[1.267s] creating /home/vd/my_ws/build/gazebo_tutorial/build/lib/gazebo_tutorial
[1.267s] copying gazebo_tutorial/__init__.py -> /home/vd/my_ws/build/gazebo_tutorial/build/lib/gazebo_tutorial
[1.267s] running install
[1.267s] running install_lib
[1.268s] creating /home/vd/my_ws/install/gazebo_tutorial/lib/python3.10/site-packages/gazebo_tutorial
[1.268s] copying /home/vd/my_ws/build/gazebo_tutorial/build/lib/gazebo_tutorial/__init__.py -> /home/vd/my_ws/install/gazebo_tutorial/lib/python3.10/site-packages/gazebo_tutorial
[1.269s] byte-compiling /home/vd/my_ws/install/gazebo_tutorial/lib/python3.10/site-packages/gazebo_tutorial/__init__.py to __init__.cpython-310.pyc
[1.269s] running install_data
[1.269s] creating /home/vd/my_ws/install/gazebo_tutorial/share/ament_index
[1.269s] creating /home/vd/my_ws/install/gazebo_tutorial/share/ament_index/resource_index
[1.269s] creating /home/vd/my_ws/install/gazebo_tutorial/share/ament_index/resource_index/packages
[1.269s] copying resource/gazebo_tutorial -> /home/vd/my_ws/install/gazebo_tutorial/share/ament_index/resource_index/packages
[1.269s] copying package.xml -> /home/vd/my_ws/install/gazebo_tutorial/share/gazebo_tutorial
[1.269s] running install_egg_info
[1.271s] Copying ../../build/gazebo_tutorial/gazebo_tutorial.egg-info to /home/vd/my_ws/install/gazebo_tutorial/lib/python3.10/site-packages/gazebo_tutorial-0.0.0-py3.10.egg-info
[1.272s] running install_scripts
[1.295s] writing list of installed files to '/home/vd/my_ws/build/gazebo_tutorial/install.log'
[1.335s] Invoked command in '/home/vd/my_ws/src/gazebo_tutorial' returned '0': PYTHONPATH=/home/vd/my_ws/build/gazebo_tutorial/prefix_override:/usr/lib/python3/dist-packages/colcon_core/task/python/colcon_distutils_commands:/home/vd/my_ws/install/gazebo_tutorial/lib/python3.10/site-packages:${PYTHONPATH} /usr/bin/python3 -W ignore:setup.py install is deprecated -W ignore:easy_install command is deprecated setup.py egg_info --egg-base ../../build/gazebo_tutorial build --build-base /home/vd/my_ws/build/gazebo_tutorial/build install --record /home/vd/my_ws/build/gazebo_tutorial/install.log --single-version-externally-managed install_data
