[0.088s] DEBUG:colcon:Command line arguments: ['/usr/bin/colcon', 'build']
[0.088s] DEBUG:colcon:Parsed command line arguments: Namespace(log_base=None, log_level=None, verb_name='build', build_base='build', install_base='install', merge_install=False, symlink_install=False, test_result_base=None, continue_on_error=False, executor='parallel', parallel_workers=4, event_handlers=None, ignore_user_meta=False, metas=['./colcon.meta'], base_paths=['.'], packages_ignore=None, packages_ignore_regex=None, paths=None, packages_up_to=None, packages_up_to_regex=None, packages_above=None, packages_above_and_dependencies=None, packages_above_depth=None, packages_select_by_dep=None, packages_skip_by_dep=None, packages_skip_up_to=None, packages_select_build_failed=False, packages_skip_build_finished=False, packages_select_test_failures=False, packages_skip_test_passed=False, packages_select=None, packages_skip=None, packages_select_regex=None, packages_skip_regex=None, packages_start=None, packages_end=None, allow_overriding=[], cmake_args=None, cmake_target=None, cmake_target_skip_unavailable=False, cmake_clean_cache=False, cmake_clean_first=False, cmake_force_configure=False, ament_cmake_args=None, catkin_cmake_args=None, catkin_skip_building_tests=False, mixin_files=None, mixin=None, verb_parser=<colcon_mixin.mixin.mixin_argument.MixinArgumentDecorator object at 0x7da5b24e2860>, verb_extension=<colcon_core.verb.build.BuildVerb object at 0x7da5b249d870>, main=<bound method BuildVerb.main of <colcon_core.verb.build.BuildVerb object at 0x7da5b249d870>>, mixin_verb=('build',))
[0.221s] Level 1:colcon.colcon_core.package_discovery:discover_packages(colcon_meta) check parameters
[0.221s] Level 1:colcon.colcon_core.package_discovery:discover_packages(recursive) check parameters
[0.221s] Level 1:colcon.colcon_core.package_discovery:discover_packages(ignore) check parameters
[0.221s] Level 1:colcon.colcon_core.package_discovery:discover_packages(path) check parameters
[0.221s] Level 1:colcon.colcon_core.package_discovery:discover_packages(colcon_meta) discover
[0.221s] Level 1:colcon.colcon_core.package_discovery:discover_packages(recursive) discover
[0.221s] INFO:colcon.colcon_core.package_discovery:Crawling recursively for packages in '/home/vd/my_ws'
[0.221s] Level 1:colcon.colcon_core.package_identification:_identify(.) by extensions ['ignore', 'ignore_ament_install']
[0.221s] Level 1:colcon.colcon_core.package_identification:_identify(.) by extension 'ignore'
[0.221s] Level 1:colcon.colcon_core.package_identification:_identify(.) by extension 'ignore_ament_install'
[0.221s] Level 1:colcon.colcon_core.package_identification:_identify(.) by extensions ['colcon_pkg']
[0.221s] Level 1:colcon.colcon_core.package_identification:_identify(.) by extension 'colcon_pkg'
[0.221s] Level 1:colcon.colcon_core.package_identification:_identify(.) by extensions ['colcon_meta']
[0.221s] Level 1:colcon.colcon_core.package_identification:_identify(.) by extension 'colcon_meta'
[0.221s] Level 1:colcon.colcon_core.package_identification:_identify(.) by extensions ['ros']
[0.221s] Level 1:colcon.colcon_core.package_identification:_identify(.) by extension 'ros'
[0.229s] Level 1:colcon.colcon_core.package_identification:_identify(.) by extensions ['cmake', 'python']
[0.229s] Level 1:colcon.colcon_core.package_identification:_identify(.) by extension 'cmake'
[0.229s] Level 1:colcon.colcon_core.package_identification:_identify(.) by extension 'python'
[0.229s] Level 1:colcon.colcon_core.package_identification:_identify(.) by extensions ['python_setup_py']
[0.229s] Level 1:colcon.colcon_core.package_identification:_identify(.) by extension 'python_setup_py'
[0.229s] Level 1:colcon.colcon_core.package_identification:_identify(build) by extensions ['ignore', 'ignore_ament_install']
[0.229s] Level 1:colcon.colcon_core.package_identification:_identify(build) by extension 'ignore'
[0.229s] Level 1:colcon.colcon_core.package_identification:_identify(build) ignored
[0.229s] Level 1:colcon.colcon_core.package_identification:_identify(install) by extensions ['ignore', 'ignore_ament_install']
[0.229s] Level 1:colcon.colcon_core.package_identification:_identify(install) by extension 'ignore'
[0.230s] Level 1:colcon.colcon_core.package_identification:_identify(install) ignored
[0.230s] Level 1:colcon.colcon_core.package_identification:_identify(log) by extensions ['ignore', 'ignore_ament_install']
[0.230s] Level 1:colcon.colcon_core.package_identification:_identify(log) by extension 'ignore'
[0.230s] Level 1:colcon.colcon_core.package_identification:_identify(log) ignored
[0.230s] Level 1:colcon.colcon_core.package_identification:_identify(src) by extensions ['ignore', 'ignore_ament_install']
[0.230s] Level 1:colcon.colcon_core.package_identification:_identify(src) by extension 'ignore'
[0.230s] Level 1:colcon.colcon_core.package_identification:_identify(src) by extension 'ignore_ament_install'
[0.230s] Level 1:colcon.colcon_core.package_identification:_identify(src) by extensions ['colcon_pkg']
[0.230s] Level 1:colcon.colcon_core.package_identification:_identify(src) by extension 'colcon_pkg'
[0.230s] Level 1:colcon.colcon_core.package_identification:_identify(src) by extensions ['colcon_meta']
[0.230s] Level 1:colcon.colcon_core.package_identification:_identify(src) by extension 'colcon_meta'
[0.230s] Level 1:colcon.colcon_core.package_identification:_identify(src) by extensions ['ros']
[0.230s] Level 1:colcon.colcon_core.package_identification:_identify(src) by extension 'ros'
[0.230s] Level 1:colcon.colcon_core.package_identification:_identify(src) by extensions ['cmake', 'python']
[0.230s] Level 1:colcon.colcon_core.package_identification:_identify(src) by extension 'cmake'
[0.230s] Level 1:colcon.colcon_core.package_identification:_identify(src) by extension 'python'
[0.230s] Level 1:colcon.colcon_core.package_identification:_identify(src) by extensions ['python_setup_py']
[0.230s] Level 1:colcon.colcon_core.package_identification:_identify(src) by extension 'python_setup_py'
[0.230s] Level 1:colcon.colcon_core.package_identification:_identify(src/py_srvcli) by extensions ['ignore', 'ignore_ament_install']
[0.230s] Level 1:colcon.colcon_core.package_identification:_identify(src/py_srvcli) by extension 'ignore'
[0.230s] Level 1:colcon.colcon_core.package_identification:_identify(src/py_srvcli) by extension 'ignore_ament_install'
[0.230s] Level 1:colcon.colcon_core.package_identification:_identify(src/py_srvcli) by extensions ['colcon_pkg']
[0.230s] Level 1:colcon.colcon_core.package_identification:_identify(src/py_srvcli) by extension 'colcon_pkg'
[0.230s] Level 1:colcon.colcon_core.package_identification:_identify(src/py_srvcli) by extensions ['colcon_meta']
[0.230s] Level 1:colcon.colcon_core.package_identification:_identify(src/py_srvcli) by extension 'colcon_meta'
[0.230s] Level 1:colcon.colcon_core.package_identification:_identify(src/py_srvcli) by extensions ['ros']
[0.230s] Level 1:colcon.colcon_core.package_identification:_identify(src/py_srvcli) by extension 'ros'
[0.232s] DEBUG:colcon.colcon_core.package_identification:Package 'src/py_srvcli' with type 'ros.ament_python' and name 'py_srvcli'
[0.232s] Level 1:colcon.colcon_core.package_identification:_identify(src/sensor_cpp_interface) by extensions ['ignore', 'ignore_ament_install']
[0.232s] Level 1:colcon.colcon_core.package_identification:_identify(src/sensor_cpp_interface) by extension 'ignore'
[0.232s] Level 1:colcon.colcon_core.package_identification:_identify(src/sensor_cpp_interface) by extension 'ignore_ament_install'
[0.232s] Level 1:colcon.colcon_core.package_identification:_identify(src/sensor_cpp_interface) by extensions ['colcon_pkg']
[0.232s] Level 1:colcon.colcon_core.package_identification:_identify(src/sensor_cpp_interface) by extension 'colcon_pkg'
[0.232s] Level 1:colcon.colcon_core.package_identification:_identify(src/sensor_cpp_interface) by extensions ['colcon_meta']
[0.232s] Level 1:colcon.colcon_core.package_identification:_identify(src/sensor_cpp_interface) by extension 'colcon_meta'
[0.232s] Level 1:colcon.colcon_core.package_identification:_identify(src/sensor_cpp_interface) by extensions ['ros']
[0.232s] Level 1:colcon.colcon_core.package_identification:_identify(src/sensor_cpp_interface) by extension 'ros'
[0.233s] DEBUG:colcon.colcon_core.package_identification:Package 'src/sensor_cpp_interface' with type 'ros.ament_cmake' and name 'sensor_cpp_interface'
[0.233s] Level 1:colcon.colcon_core.package_identification:_identify(src/sensor_py_pkg) by extensions ['ignore', 'ignore_ament_install']
[0.233s] Level 1:colcon.colcon_core.package_identification:_identify(src/sensor_py_pkg) by extension 'ignore'
[0.233s] Level 1:colcon.colcon_core.package_identification:_identify(src/sensor_py_pkg) by extension 'ignore_ament_install'
[0.233s] Level 1:colcon.colcon_core.package_identification:_identify(src/sensor_py_pkg) by extensions ['colcon_pkg']
[0.233s] Level 1:colcon.colcon_core.package_identification:_identify(src/sensor_py_pkg) by extension 'colcon_pkg'
[0.233s] Level 1:colcon.colcon_core.package_identification:_identify(src/sensor_py_pkg) by extensions ['colcon_meta']
[0.233s] Level 1:colcon.colcon_core.package_identification:_identify(src/sensor_py_pkg) by extension 'colcon_meta'
[0.233s] Level 1:colcon.colcon_core.package_identification:_identify(src/sensor_py_pkg) by extensions ['ros']
[0.233s] Level 1:colcon.colcon_core.package_identification:_identify(src/sensor_py_pkg) by extension 'ros'
[0.234s] DEBUG:colcon.colcon_core.package_identification:Package 'src/sensor_py_pkg' with type 'ros.ament_python' and name 'sensor_py_pkg'
[0.234s] Level 1:colcon.colcon_core.package_discovery:discover_packages(recursive) using defaults
[0.234s] Level 1:colcon.colcon_core.package_discovery:discover_packages(ignore) discover
[0.234s] Level 1:colcon.colcon_core.package_discovery:discover_packages(ignore) using defaults
[0.234s] Level 1:colcon.colcon_core.package_discovery:discover_packages(path) discover
[0.234s] Level 1:colcon.colcon_core.package_discovery:discover_packages(path) using defaults
[0.248s] Level 1:colcon.colcon_core.package_discovery:discover_packages(prefix_path) check parameters
[0.248s] Level 1:colcon.colcon_core.package_discovery:discover_packages(prefix_path) discover
[0.249s] WARNING:colcon.colcon_ros.prefix_path.ament:The path '/home/vd/my_ws/install/sensor_py_pkg' in the environment variable AMENT_PREFIX_PATH doesn't exist
[0.249s] WARNING:colcon.colcon_ros.prefix_path.ament:The path '/home/vd/my_ws/install/py_srvcli' in the environment variable AMENT_PREFIX_PATH doesn't exist
[0.249s] WARNING:colcon.colcon_ros.prefix_path.ament:The path '/home/vd/my_ws/install/sensor_cpp_interface' in the environment variable AMENT_PREFIX_PATH doesn't exist
[0.249s] WARNING:colcon.colcon_ros.prefix_path.catkin:The path '/home/vd/my_ws/install/sensor_cpp_interface' in the environment variable CMAKE_PREFIX_PATH doesn't exist
[0.249s] DEBUG:colcon.colcon_installed_package_information.package_discovery:Found 0 installed packages in /home/vd/my_ws/install
[0.249s] DEBUG:colcon.colcon_installed_package_information.package_discovery:Found 2 installed packages in /home/vd/ros2ws/install
[0.250s] DEBUG:colcon.colcon_installed_package_information.package_discovery:Found 270 installed packages in /opt/ros/humble
[0.251s] Level 1:colcon.colcon_core.package_discovery:discover_packages(prefix_path) using defaults
[0.276s] Level 5:colcon.colcon_core.verb:set package 'sensor_cpp_interface' build argument 'cmake_args' from command line to 'None'
[0.276s] Level 5:colcon.colcon_core.verb:set package 'sensor_cpp_interface' build argument 'cmake_target' from command line to 'None'
[0.276s] Level 5:colcon.colcon_core.verb:set package 'sensor_cpp_interface' build argument 'cmake_target_skip_unavailable' from command line to 'False'
[0.276s] Level 5:colcon.colcon_core.verb:set package 'sensor_cpp_interface' build argument 'cmake_clean_cache' from command line to 'False'
[0.276s] Level 5:colcon.colcon_core.verb:set package 'sensor_cpp_interface' build argument 'cmake_clean_first' from command line to 'False'
[0.276s] Level 5:colcon.colcon_core.verb:set package 'sensor_cpp_interface' build argument 'cmake_force_configure' from command line to 'False'
[0.276s] Level 5:colcon.colcon_core.verb:set package 'sensor_cpp_interface' build argument 'ament_cmake_args' from command line to 'None'
[0.276s] Level 5:colcon.colcon_core.verb:set package 'sensor_cpp_interface' build argument 'catkin_cmake_args' from command line to 'None'
[0.276s] Level 5:colcon.colcon_core.verb:set package 'sensor_cpp_interface' build argument 'catkin_skip_building_tests' from command line to 'False'
[0.276s] DEBUG:colcon.colcon_core.verb:Building package 'sensor_cpp_interface' with the following arguments: {'ament_cmake_args': None, 'build_base': '/home/vd/my_ws/build/sensor_cpp_interface', 'catkin_cmake_args': None, 'catkin_skip_building_tests': False, 'cmake_args': None, 'cmake_clean_cache': False, 'cmake_clean_first': False, 'cmake_force_configure': False, 'cmake_target': None, 'cmake_target_skip_unavailable': False, 'install_base': '/home/vd/my_ws/install/sensor_cpp_interface', 'merge_install': False, 'path': '/home/vd/my_ws/src/sensor_cpp_interface', 'symlink_install': False, 'test_result_base': None}
[0.276s] Level 5:colcon.colcon_core.verb:set package 'py_srvcli' build argument 'cmake_args' from command line to 'None'
[0.277s] Level 5:colcon.colcon_core.verb:set package 'py_srvcli' build argument 'cmake_target' from command line to 'None'
[0.277s] Level 5:colcon.colcon_core.verb:set package 'py_srvcli' build argument 'cmake_target_skip_unavailable' from command line to 'False'
[0.277s] Level 5:colcon.colcon_core.verb:set package 'py_srvcli' build argument 'cmake_clean_cache' from command line to 'False'
[0.277s] Level 5:colcon.colcon_core.verb:set package 'py_srvcli' build argument 'cmake_clean_first' from command line to 'False'
[0.277s] Level 5:colcon.colcon_core.verb:set package 'py_srvcli' build argument 'cmake_force_configure' from command line to 'False'
[0.277s] Level 5:colcon.colcon_core.verb:set package 'py_srvcli' build argument 'ament_cmake_args' from command line to 'None'
[0.277s] Level 5:colcon.colcon_core.verb:set package 'py_srvcli' build argument 'catkin_cmake_args' from command line to 'None'
[0.277s] Level 5:colcon.colcon_core.verb:set package 'py_srvcli' build argument 'catkin_skip_building_tests' from command line to 'False'
[0.277s] DEBUG:colcon.colcon_core.verb:Building package 'py_srvcli' with the following arguments: {'ament_cmake_args': None, 'build_base': '/home/vd/my_ws/build/py_srvcli', 'catkin_cmake_args': None, 'catkin_skip_building_tests': False, 'cmake_args': None, 'cmake_clean_cache': False, 'cmake_clean_first': False, 'cmake_force_configure': False, 'cmake_target': None, 'cmake_target_skip_unavailable': False, 'install_base': '/home/vd/my_ws/install/py_srvcli', 'merge_install': False, 'path': '/home/vd/my_ws/src/py_srvcli', 'symlink_install': False, 'test_result_base': None}
[0.277s] Level 5:colcon.colcon_core.verb:set package 'sensor_py_pkg' build argument 'cmake_args' from command line to 'None'
[0.277s] Level 5:colcon.colcon_core.verb:set package 'sensor_py_pkg' build argument 'cmake_target' from command line to 'None'
[0.277s] Level 5:colcon.colcon_core.verb:set package 'sensor_py_pkg' build argument 'cmake_target_skip_unavailable' from command line to 'False'
[0.277s] Level 5:colcon.colcon_core.verb:set package 'sensor_py_pkg' build argument 'cmake_clean_cache' from command line to 'False'
[0.277s] Level 5:colcon.colcon_core.verb:set package 'sensor_py_pkg' build argument 'cmake_clean_first' from command line to 'False'
[0.277s] Level 5:colcon.colcon_core.verb:set package 'sensor_py_pkg' build argument 'cmake_force_configure' from command line to 'False'
[0.277s] Level 5:colcon.colcon_core.verb:set package 'sensor_py_pkg' build argument 'ament_cmake_args' from command line to 'None'
[0.277s] Level 5:colcon.colcon_core.verb:set package 'sensor_py_pkg' build argument 'catkin_cmake_args' from command line to 'None'
[0.277s] Level 5:colcon.colcon_core.verb:set package 'sensor_py_pkg' build argument 'catkin_skip_building_tests' from command line to 'False'
[0.277s] DEBUG:colcon.colcon_core.verb:Building package 'sensor_py_pkg' with the following arguments: {'ament_cmake_args': None, 'build_base': '/home/vd/my_ws/build/sensor_py_pkg', 'catkin_cmake_args': None, 'catkin_skip_building_tests': False, 'cmake_args': None, 'cmake_clean_cache': False, 'cmake_clean_first': False, 'cmake_force_configure': False, 'cmake_target': None, 'cmake_target_skip_unavailable': False, 'install_base': '/home/vd/my_ws/install/sensor_py_pkg', 'merge_install': False, 'path': '/home/vd/my_ws/src/sensor_py_pkg', 'symlink_install': False, 'test_result_base': None}
[0.278s] INFO:colcon.colcon_core.executor:Executing jobs using 'parallel' executor
[0.278s] DEBUG:colcon.colcon_parallel_executor.executor.parallel:run_until_complete
[0.279s] INFO:colcon.colcon_ros.task.ament_cmake.build:Building ROS package in '/home/vd/my_ws/src/sensor_cpp_interface' with build type 'ament_cmake'
[0.279s] INFO:colcon.colcon_cmake.task.cmake.build:Building CMake package in '/home/vd/my_ws/src/sensor_cpp_interface'
[0.280s] INFO:colcon.colcon_core.plugin_system:Skipping extension 'colcon_core.shell.bat': Not used on non-Windows systems
[0.280s] INFO:colcon.colcon_core.shell:Skip shell extension 'powershell' for command environment: Not usable outside of PowerShell
[0.280s] DEBUG:colcon.colcon_core.shell:Skip shell extension 'dsv' for command environment
[0.286s] DEBUG:colcon.colcon_core.event_handler.log_command:Invoking command in '/home/vd/my_ws/build/sensor_cpp_interface': CMAKE_PREFIX_PATH=${CMAKE_PREFIX_PATH}:/home/vd/my_ws/install/sensor_py_pkg:/home/vd/my_ws/install/py_srvcli:/home/vd/ros2ws/install/py_pubsub:/opt/ros/humble /usr/bin/cmake /home/vd/my_ws/src/sensor_cpp_interface -DCMAKE_INSTALL_PREFIX=/home/vd/my_ws/install/sensor_cpp_interface
[1.433s] DEBUG:colcon.colcon_core.event_handler.log_command:Invoked command in '/home/vd/my_ws/build/sensor_cpp_interface' returned '0': CMAKE_PREFIX_PATH=${CMAKE_PREFIX_PATH}:/home/vd/my_ws/install/sensor_py_pkg:/home/vd/my_ws/install/py_srvcli:/home/vd/ros2ws/install/py_pubsub:/opt/ros/humble /usr/bin/cmake /home/vd/my_ws/src/sensor_cpp_interface -DCMAKE_INSTALL_PREFIX=/home/vd/my_ws/install/sensor_cpp_interface
[1.435s] DEBUG:colcon.colcon_core.event_handler.log_command:Invoking command in '/home/vd/my_ws/build/sensor_cpp_interface': CMAKE_PREFIX_PATH=${CMAKE_PREFIX_PATH}:/home/vd/my_ws/install/sensor_py_pkg:/home/vd/my_ws/install/py_srvcli:/home/vd/ros2ws/install/py_pubsub:/opt/ros/humble /usr/bin/cmake --build /home/vd/my_ws/build/sensor_cpp_interface -- -j4 -l4
[5.153s] DEBUG:colcon.colcon_core.event_handler.log_command:Invoked command in '/home/vd/my_ws/build/sensor_cpp_interface' returned '0': CMAKE_PREFIX_PATH=${CMAKE_PREFIX_PATH}:/home/vd/my_ws/install/sensor_py_pkg:/home/vd/my_ws/install/py_srvcli:/home/vd/ros2ws/install/py_pubsub:/opt/ros/humble /usr/bin/cmake --build /home/vd/my_ws/build/sensor_cpp_interface -- -j4 -l4
[5.161s] DEBUG:colcon.colcon_core.event_handler.log_command:Invoking command in '/home/vd/my_ws/build/sensor_cpp_interface': CMAKE_PREFIX_PATH=${CMAKE_PREFIX_PATH}:/home/vd/my_ws/install/sensor_py_pkg:/home/vd/my_ws/install/py_srvcli:/home/vd/ros2ws/install/py_pubsub:/opt/ros/humble /usr/bin/cmake --install /home/vd/my_ws/build/sensor_cpp_interface
[5.218s] Level 1:colcon.colcon_core.environment:create_environment_scripts_only(sensor_cpp_interface)
[5.218s] DEBUG:colcon.colcon_core.event_handler.log_command:Invoked command in '/home/vd/my_ws/build/sensor_cpp_interface' returned '0': CMAKE_PREFIX_PATH=${CMAKE_PREFIX_PATH}:/home/vd/my_ws/install/sensor_py_pkg:/home/vd/my_ws/install/py_srvcli:/home/vd/ros2ws/install/py_pubsub:/opt/ros/humble /usr/bin/cmake --install /home/vd/my_ws/build/sensor_cpp_interface
[5.220s] Level 1:colcon.colcon_core.environment:checking '/home/vd/my_ws/install/sensor_cpp_interface' for CMake module files
[5.220s] Level 1:colcon.colcon_core.environment:checking '/home/vd/my_ws/install/sensor_cpp_interface' for CMake config files
[5.220s] Level 1:colcon.colcon_core.shell:create_environment_hook('sensor_cpp_interface', 'cmake_prefix_path')
[5.220s] INFO:colcon.colcon_core.shell:Creating environment hook '/home/vd/my_ws/install/sensor_cpp_interface/share/sensor_cpp_interface/hook/cmake_prefix_path.ps1'
[5.221s] INFO:colcon.colcon_core.shell:Creating environment descriptor '/home/vd/my_ws/install/sensor_cpp_interface/share/sensor_cpp_interface/hook/cmake_prefix_path.dsv'
[5.221s] INFO:colcon.colcon_core.shell:Creating environment hook '/home/vd/my_ws/install/sensor_cpp_interface/share/sensor_cpp_interface/hook/cmake_prefix_path.sh'
[5.222s] Level 1:colcon.colcon_core.environment:checking '/home/vd/my_ws/install/sensor_cpp_interface/lib'
[5.222s] Level 1:colcon.colcon_core.shell:create_environment_hook('sensor_cpp_interface', 'ld_library_path_lib')
[5.222s] INFO:colcon.colcon_core.shell:Creating environment hook '/home/vd/my_ws/install/sensor_cpp_interface/share/sensor_cpp_interface/hook/ld_library_path_lib.ps1'
[5.222s] INFO:colcon.colcon_core.shell:Creating environment descriptor '/home/vd/my_ws/install/sensor_cpp_interface/share/sensor_cpp_interface/hook/ld_library_path_lib.dsv'
[5.222s] INFO:colcon.colcon_core.shell:Creating environment hook '/home/vd/my_ws/install/sensor_cpp_interface/share/sensor_cpp_interface/hook/ld_library_path_lib.sh'
[5.222s] Level 1:colcon.colcon_core.environment:checking '/home/vd/my_ws/install/sensor_cpp_interface/bin'
[5.222s] Level 1:colcon.colcon_core.environment:checking '/home/vd/my_ws/install/sensor_cpp_interface/lib/pkgconfig/sensor_cpp_interface.pc'
[5.223s] Level 1:colcon.colcon_core.environment:checking '/home/vd/my_ws/install/sensor_cpp_interface/lib/python3.10/site-packages'
[5.223s] Level 1:colcon.colcon_core.environment:checking '/home/vd/my_ws/install/sensor_cpp_interface/bin'
[5.223s] INFO:colcon.colcon_core.shell:Creating package script '/home/vd/my_ws/install/sensor_cpp_interface/share/sensor_cpp_interface/package.ps1'
[5.223s] INFO:colcon.colcon_core.shell:Creating package descriptor '/home/vd/my_ws/install/sensor_cpp_interface/share/sensor_cpp_interface/package.dsv'
[5.224s] INFO:colcon.colcon_core.shell:Creating package script '/home/vd/my_ws/install/sensor_cpp_interface/share/sensor_cpp_interface/package.sh'
[5.224s] INFO:colcon.colcon_core.shell:Creating package script '/home/vd/my_ws/install/sensor_cpp_interface/share/sensor_cpp_interface/package.bash'
[5.225s] INFO:colcon.colcon_core.shell:Creating package script '/home/vd/my_ws/install/sensor_cpp_interface/share/sensor_cpp_interface/package.zsh'
[5.225s] Level 1:colcon.colcon_core.environment:create_file_with_runtime_dependencies(/home/vd/my_ws/install/sensor_cpp_interface/share/colcon-core/packages/sensor_cpp_interface)
[5.225s] Level 1:colcon.colcon_core.environment:create_environment_scripts_only(sensor_cpp_interface)
[5.226s] Level 1:colcon.colcon_core.environment:checking '/home/vd/my_ws/install/sensor_cpp_interface' for CMake module files
[5.226s] Level 1:colcon.colcon_core.environment:checking '/home/vd/my_ws/install/sensor_cpp_interface' for CMake config files
[5.226s] Level 1:colcon.colcon_core.shell:create_environment_hook('sensor_cpp_interface', 'cmake_prefix_path')
[5.226s] INFO:colcon.colcon_core.shell:Creating environment hook '/home/vd/my_ws/install/sensor_cpp_interface/share/sensor_cpp_interface/hook/cmake_prefix_path.ps1'
[5.226s] INFO:colcon.colcon_core.shell:Creating environment descriptor '/home/vd/my_ws/install/sensor_cpp_interface/share/sensor_cpp_interface/hook/cmake_prefix_path.dsv'
[5.227s] INFO:colcon.colcon_core.shell:Creating environment hook '/home/vd/my_ws/install/sensor_cpp_interface/share/sensor_cpp_interface/hook/cmake_prefix_path.sh'
[5.227s] Level 1:colcon.colcon_core.environment:checking '/home/vd/my_ws/install/sensor_cpp_interface/lib'
[5.227s] Level 1:colcon.colcon_core.shell:create_environment_hook('sensor_cpp_interface', 'ld_library_path_lib')
[5.227s] INFO:colcon.colcon_core.shell:Creating environment hook '/home/vd/my_ws/install/sensor_cpp_interface/share/sensor_cpp_interface/hook/ld_library_path_lib.ps1'
[5.227s] INFO:colcon.colcon_core.shell:Creating environment descriptor '/home/vd/my_ws/install/sensor_cpp_interface/share/sensor_cpp_interface/hook/ld_library_path_lib.dsv'
[5.228s] INFO:colcon.colcon_core.shell:Creating environment hook '/home/vd/my_ws/install/sensor_cpp_interface/share/sensor_cpp_interface/hook/ld_library_path_lib.sh'
[5.228s] Level 1:colcon.colcon_core.environment:checking '/home/vd/my_ws/install/sensor_cpp_interface/bin'
[5.228s] Level 1:colcon.colcon_core.environment:checking '/home/vd/my_ws/install/sensor_cpp_interface/lib/pkgconfig/sensor_cpp_interface.pc'
[5.228s] Level 1:colcon.colcon_core.environment:checking '/home/vd/my_ws/install/sensor_cpp_interface/lib/python3.10/site-packages'
[5.228s] Level 1:colcon.colcon_core.environment:checking '/home/vd/my_ws/install/sensor_cpp_interface/bin'
[5.228s] INFO:colcon.colcon_core.shell:Creating package script '/home/vd/my_ws/install/sensor_cpp_interface/share/sensor_cpp_interface/package.ps1'
[5.229s] INFO:colcon.colcon_core.shell:Creating package descriptor '/home/vd/my_ws/install/sensor_cpp_interface/share/sensor_cpp_interface/package.dsv'
[5.229s] INFO:colcon.colcon_core.shell:Creating package script '/home/vd/my_ws/install/sensor_cpp_interface/share/sensor_cpp_interface/package.sh'
[5.229s] INFO:colcon.colcon_core.shell:Creating package script '/home/vd/my_ws/install/sensor_cpp_interface/share/sensor_cpp_interface/package.bash'
[5.230s] INFO:colcon.colcon_core.shell:Creating package script '/home/vd/my_ws/install/sensor_cpp_interface/share/sensor_cpp_interface/package.zsh'
[5.230s] Level 1:colcon.colcon_core.environment:create_file_with_runtime_dependencies(/home/vd/my_ws/install/sensor_cpp_interface/share/colcon-core/packages/sensor_cpp_interface)
[5.230s] INFO:colcon.colcon_ros.task.ament_python.build:Building ROS package in '/home/vd/my_ws/src/py_srvcli' with build type 'ament_python'
[5.230s] Level 1:colcon.colcon_core.shell:create_environment_hook('py_srvcli', 'ament_prefix_path')
[5.230s] INFO:colcon.colcon_core.shell:Creating environment hook '/home/vd/my_ws/install/py_srvcli/share/py_srvcli/hook/ament_prefix_path.ps1'
[5.231s] INFO:colcon.colcon_core.shell:Creating environment descriptor '/home/vd/my_ws/install/py_srvcli/share/py_srvcli/hook/ament_prefix_path.dsv'
[5.231s] INFO:colcon.colcon_core.shell:Creating environment hook '/home/vd/my_ws/install/py_srvcli/share/py_srvcli/hook/ament_prefix_path.sh'
[5.231s] INFO:colcon.colcon_core.shell:Skip shell extension 'powershell' for command environment: Not usable outside of PowerShell
[5.231s] DEBUG:colcon.colcon_core.shell:Skip shell extension 'dsv' for command environment
[5.233s] INFO:colcon.colcon_ros.task.ament_python.build:Building ROS package in '/home/vd/my_ws/src/sensor_py_pkg' with build type 'ament_python'
[5.233s] Level 1:colcon.colcon_core.shell:create_environment_hook('sensor_py_pkg', 'ament_prefix_path')
[5.234s] INFO:colcon.colcon_core.shell:Creating environment hook '/home/vd/my_ws/install/sensor_py_pkg/share/sensor_py_pkg/hook/ament_prefix_path.ps1'
[5.234s] INFO:colcon.colcon_core.shell:Creating environment descriptor '/home/vd/my_ws/install/sensor_py_pkg/share/sensor_py_pkg/hook/ament_prefix_path.dsv'
[5.234s] INFO:colcon.colcon_core.shell:Creating environment hook '/home/vd/my_ws/install/sensor_py_pkg/share/sensor_py_pkg/hook/ament_prefix_path.sh'
[5.235s] INFO:colcon.colcon_core.shell:Skip shell extension 'powershell' for command environment: Not usable outside of PowerShell
[5.235s] DEBUG:colcon.colcon_core.shell:Skip shell extension 'dsv' for command environment
[5.430s] INFO:colcon.colcon_core.task.python.build:Building Python package in '/home/vd/my_ws/src/py_srvcli'
[5.430s] INFO:colcon.colcon_core.shell:Skip shell extension 'powershell' for command environment: Not usable outside of PowerShell
[5.430s] DEBUG:colcon.colcon_core.shell:Skip shell extension 'dsv' for command environment
[5.623s] INFO:colcon.colcon_core.task.python.build:Building Python package in '/home/vd/my_ws/src/sensor_py_pkg'
[5.623s] INFO:colcon.colcon_core.shell:Skip shell extension 'powershell' for command environment: Not usable outside of PowerShell
[5.623s] DEBUG:colcon.colcon_core.shell:Skip shell extension 'dsv' for command environment
[5.929s] DEBUG:colcon.colcon_core.event_handler.log_command:Invoking command in '/home/vd/my_ws/src/py_srvcli': PYTHONPATH=/home/vd/my_ws/build/py_srvcli/prefix_override:/usr/lib/python3/dist-packages/colcon_core/task/python/colcon_distutils_commands:/home/vd/my_ws/install/py_srvcli/lib/python3.10/site-packages:${PYTHONPATH} /usr/bin/python3 -W ignore:setup.py install is deprecated -W ignore:easy_install command is deprecated setup.py egg_info --egg-base ../../build/py_srvcli build --build-base /home/vd/my_ws/build/py_srvcli/build install --record /home/vd/my_ws/build/py_srvcli/install.log --single-version-externally-managed install_data
[5.932s] DEBUG:colcon.colcon_core.event_handler.log_command:Invoking command in '/home/vd/my_ws/src/sensor_py_pkg': PYTHONPATH=/home/vd/my_ws/build/sensor_py_pkg/prefix_override:/usr/lib/python3/dist-packages/colcon_core/task/python/colcon_distutils_commands:/home/vd/my_ws/install/sensor_py_pkg/lib/python3.10/site-packages:${PYTHONPATH} /usr/bin/python3 -W ignore:setup.py install is deprecated -W ignore:easy_install command is deprecated setup.py egg_info --egg-base ../../build/sensor_py_pkg build --build-base /home/vd/my_ws/build/sensor_py_pkg/build install --record /home/vd/my_ws/build/sensor_py_pkg/install.log --single-version-externally-managed install_data
[6.171s] Level 1:colcon.colcon_core.environment:checking '/home/vd/my_ws/install/py_srvcli' for CMake module files
[6.171s] DEBUG:colcon.colcon_core.event_handler.log_command:Invoked command in '/home/vd/my_ws/src/py_srvcli' returned '0': PYTHONPATH=/home/vd/my_ws/build/py_srvcli/prefix_override:/usr/lib/python3/dist-packages/colcon_core/task/python/colcon_distutils_commands:/home/vd/my_ws/install/py_srvcli/lib/python3.10/site-packages:${PYTHONPATH} /usr/bin/python3 -W ignore:setup.py install is deprecated -W ignore:easy_install command is deprecated setup.py egg_info --egg-base ../../build/py_srvcli build --build-base /home/vd/my_ws/build/py_srvcli/build install --record /home/vd/my_ws/build/py_srvcli/install.log --single-version-externally-managed install_data
[6.172s] Level 1:colcon.colcon_core.environment:checking '/home/vd/my_ws/install/py_srvcli' for CMake config files
[6.172s] Level 1:colcon.colcon_core.environment:checking '/home/vd/my_ws/install/py_srvcli/lib'
[6.172s] Level 1:colcon.colcon_core.environment:checking '/home/vd/my_ws/install/py_srvcli/bin'
[6.172s] Level 1:colcon.colcon_core.environment:checking '/home/vd/my_ws/install/py_srvcli/lib/pkgconfig/py_srvcli.pc'
[6.172s] Level 1:colcon.colcon_core.environment:checking '/home/vd/my_ws/install/py_srvcli/lib/python3.10/site-packages'
[6.172s] Level 1:colcon.colcon_core.shell:create_environment_hook('py_srvcli', 'pythonpath')
[6.172s] INFO:colcon.colcon_core.shell:Creating environment hook '/home/vd/my_ws/install/py_srvcli/share/py_srvcli/hook/pythonpath.ps1'
[6.173s] INFO:colcon.colcon_core.shell:Creating environment descriptor '/home/vd/my_ws/install/py_srvcli/share/py_srvcli/hook/pythonpath.dsv'
[6.173s] INFO:colcon.colcon_core.shell:Creating environment hook '/home/vd/my_ws/install/py_srvcli/share/py_srvcli/hook/pythonpath.sh'
[6.173s] Level 1:colcon.colcon_core.environment:checking '/home/vd/my_ws/install/py_srvcli/bin'
[6.173s] Level 1:colcon.colcon_core.environment:create_environment_scripts_only(py_srvcli)
[6.174s] INFO:colcon.colcon_core.shell:Creating package script '/home/vd/my_ws/install/py_srvcli/share/py_srvcli/package.ps1'
[6.174s] INFO:colcon.colcon_core.shell:Creating package descriptor '/home/vd/my_ws/install/py_srvcli/share/py_srvcli/package.dsv'
[6.174s] INFO:colcon.colcon_core.shell:Creating package script '/home/vd/my_ws/install/py_srvcli/share/py_srvcli/package.sh'
[6.174s] INFO:colcon.colcon_core.shell:Creating package script '/home/vd/my_ws/install/py_srvcli/share/py_srvcli/package.bash'
[6.174s] INFO:colcon.colcon_core.shell:Creating package script '/home/vd/my_ws/install/py_srvcli/share/py_srvcli/package.zsh'
[6.175s] Level 1:colcon.colcon_core.environment:create_file_with_runtime_dependencies(/home/vd/my_ws/install/py_srvcli/share/colcon-core/packages/py_srvcli)
[6.175s] Level 1:colcon.colcon_core.environment:checking '/home/vd/my_ws/install/sensor_py_pkg' for CMake module files
[6.176s] DEBUG:colcon.colcon_core.event_handler.log_command:Invoked command in '/home/vd/my_ws/src/sensor_py_pkg' returned '0': PYTHONPATH=/home/vd/my_ws/build/sensor_py_pkg/prefix_override:/usr/lib/python3/dist-packages/colcon_core/task/python/colcon_distutils_commands:/home/vd/my_ws/install/sensor_py_pkg/lib/python3.10/site-packages:${PYTHONPATH} /usr/bin/python3 -W ignore:setup.py install is deprecated -W ignore:easy_install command is deprecated setup.py egg_info --egg-base ../../build/sensor_py_pkg build --build-base /home/vd/my_ws/build/sensor_py_pkg/build install --record /home/vd/my_ws/build/sensor_py_pkg/install.log --single-version-externally-managed install_data
[6.176s] Level 1:colcon.colcon_core.environment:checking '/home/vd/my_ws/install/sensor_py_pkg' for CMake config files
[6.176s] Level 1:colcon.colcon_core.environment:checking '/home/vd/my_ws/install/sensor_py_pkg/lib'
[6.176s] Level 1:colcon.colcon_core.environment:checking '/home/vd/my_ws/install/sensor_py_pkg/bin'
[6.176s] Level 1:colcon.colcon_core.environment:checking '/home/vd/my_ws/install/sensor_py_pkg/lib/pkgconfig/sensor_py_pkg.pc'
[6.177s] Level 1:colcon.colcon_core.environment:checking '/home/vd/my_ws/install/sensor_py_pkg/lib/python3.10/site-packages'
[6.177s] Level 1:colcon.colcon_core.shell:create_environment_hook('sensor_py_pkg', 'pythonpath')
[6.177s] INFO:colcon.colcon_core.shell:Creating environment hook '/home/vd/my_ws/install/sensor_py_pkg/share/sensor_py_pkg/hook/pythonpath.ps1'
[6.177s] INFO:colcon.colcon_core.shell:Creating environment descriptor '/home/vd/my_ws/install/sensor_py_pkg/share/sensor_py_pkg/hook/pythonpath.dsv'
[6.177s] INFO:colcon.colcon_core.shell:Creating environment hook '/home/vd/my_ws/install/sensor_py_pkg/share/sensor_py_pkg/hook/pythonpath.sh'
[6.178s] Level 1:colcon.colcon_core.environment:checking '/home/vd/my_ws/install/sensor_py_pkg/bin'
[6.178s] Level 1:colcon.colcon_core.environment:create_environment_scripts_only(sensor_py_pkg)
[6.178s] INFO:colcon.colcon_core.shell:Creating package script '/home/vd/my_ws/install/sensor_py_pkg/share/sensor_py_pkg/package.ps1'
[6.178s] INFO:colcon.colcon_core.shell:Creating package descriptor '/home/vd/my_ws/install/sensor_py_pkg/share/sensor_py_pkg/package.dsv'
[6.179s] INFO:colcon.colcon_core.shell:Creating package script '/home/vd/my_ws/install/sensor_py_pkg/share/sensor_py_pkg/package.sh'
[6.179s] INFO:colcon.colcon_core.shell:Creating package script '/home/vd/my_ws/install/sensor_py_pkg/share/sensor_py_pkg/package.bash'
[6.179s] INFO:colcon.colcon_core.shell:Creating package script '/home/vd/my_ws/install/sensor_py_pkg/share/sensor_py_pkg/package.zsh'
[6.179s] Level 1:colcon.colcon_core.environment:create_file_with_runtime_dependencies(/home/vd/my_ws/install/sensor_py_pkg/share/colcon-core/packages/sensor_py_pkg)
[6.180s] DEBUG:colcon.colcon_parallel_executor.executor.parallel:closing loop
[6.180s] DEBUG:colcon.colcon_parallel_executor.executor.parallel:loop closed
[6.180s] DEBUG:colcon.colcon_parallel_executor.executor.parallel:run_until_complete finished with '0'
[6.180s] DEBUG:colcon.colcon_core.event_reactor:joining thread
[6.183s] INFO:colcon.colcon_core.plugin_system:Skipping extension 'colcon_notification.desktop_notification.terminal_notifier': Not used on non-Darwin systems
[6.183s] INFO:colcon.colcon_core.plugin_system:Skipping extension 'colcon_notification.desktop_notification.win32': Not used on non-Windows systems
[6.183s] INFO:colcon.colcon_notification.desktop_notification:Sending desktop notification using 'notify2'
[6.191s] DEBUG:colcon.colcon_core.event_reactor:joined thread
[6.192s] INFO:colcon.colcon_core.shell:Creating prefix script '/home/vd/my_ws/install/local_setup.ps1'
[6.193s] INFO:colcon.colcon_core.shell:Creating prefix util module '/home/vd/my_ws/install/_local_setup_util_ps1.py'
[6.195s] INFO:colcon.colcon_core.shell:Creating prefix chain script '/home/vd/my_ws/install/setup.ps1'
[6.197s] INFO:colcon.colcon_core.shell:Creating prefix script '/home/vd/my_ws/install/local_setup.sh'
[6.197s] INFO:colcon.colcon_core.shell:Creating prefix util module '/home/vd/my_ws/install/_local_setup_util_sh.py'
[6.198s] INFO:colcon.colcon_core.shell:Creating prefix chain script '/home/vd/my_ws/install/setup.sh'
[6.198s] INFO:colcon.colcon_core.shell:Creating prefix script '/home/vd/my_ws/install/local_setup.bash'
[6.199s] INFO:colcon.colcon_core.shell:Creating prefix chain script '/home/vd/my_ws/install/setup.bash'
[6.199s] INFO:colcon.colcon_core.shell:Creating prefix script '/home/vd/my_ws/install/local_setup.zsh'
[6.200s] INFO:colcon.colcon_core.shell:Creating prefix chain script '/home/vd/my_ws/install/setup.zsh'
