-- The C compiler identification is GNU 11.4.0
-- The CXX compiler identification is GNU 11.4.0
-- Detecting C compiler ABI info
-- Detecting C compiler ABI info - done
-- Check for working C compiler: /usr/lib/ccache/cc - skipped
-- Detecting C compile features
-- Detecting C compile features - done
-- Detecting CXX compiler ABI info
-- Detecting CXX compiler ABI info - done
-- Check for working CXX compiler: /usr/lib/ccache/c++ - skipped
-- Detecting CXX compile features
-- Detecting CXX compile features - done
-- Found ament_cmake: 1.3.10 (/opt/ros/humble/share/ament_cmake/cmake)
-- Found Python3: /usr/bin/python3 (found version "3.10.12") found components: Interpreter 
-- Found rosidl_default_generators: 1.2.0 (/opt/ros/humble/share/rosidl_default_generators/cmake)
-- Using all available rosidl_typesupport_c: rosidl_typesupport_fastrtps_c;rosidl_typesupport_introspection_c
-- Found rosidl_adapter: 3.1.5 (/opt/ros/humble/share/rosidl_adapter/cmake)
-- Using all available rosidl_typesupport_cpp: rosidl_typesupport_fastrtps_cpp;rosidl_typesupport_introspection_cpp
-- Found ament_cmake_ros: 0.10.0 (/opt/ros/humble/share/ament_cmake_ros/cmake)
-- Using all available rosidl_typesupport_c: rosidl_typesupport_fastrtps_c;rosidl_typesupport_introspection_c
-- Using all available rosidl_typesupport_cpp: rosidl_typesupport_fastrtps_cpp;rosidl_typesupport_introspection_cpp
-- Found PythonInterp: /usr/bin/python3 (found suitable version "3.10.12", minimum required is "3.6") 
-- Found python_cmake_module: 0.10.0 (/opt/ros/humble/share/python_cmake_module/cmake)
-- Found PythonLibs: /usr/lib/x86_64-linux-gnu/libpython3.10.so (found suitable version "3.10.12", minimum required is "3.5") 
-- Using PYTHON_EXECUTABLE: /usr/bin/python3
-- Using PYTHON_INCLUDE_DIRS: /usr/include/python3.10
-- Using PYTHON_LIBRARIES: /usr/lib/x86_64-linux-gnu/libpython3.10.so
-- Found PythonExtra: .so  
-- Configuring done
-- Generating done
-- Build files have been written to: /home/vd/my_ws/build/sensor_cpp_interface
[  2%] [34m[1mGenerating C code for ROS interfaces[0m
[  4%] [34m[1mGenerating C++ code for ROS interfaces[0m
[  4%] Built target ament_cmake_python_copy_sensor_cpp_interface
running egg_info
creating sensor_cpp_interface.egg-info
writing sensor_cpp_interface.egg-info/PKG-INFO
writing dependency_links to sensor_cpp_interface.egg-info/dependency_links.txt
writing top-level names to sensor_cpp_interface.egg-info/top_level.txt
writing manifest file 'sensor_cpp_interface.egg-info/SOURCES.txt'
reading manifest file 'sensor_cpp_interface.egg-info/SOURCES.txt'
writing manifest file 'sensor_cpp_interface.egg-info/SOURCES.txt'
[  4%] Built target ament_cmake_python_build_sensor_cpp_interface_egg
[  6%] [32mBuilding C object CMakeFiles/sensor_cpp_interface__rosidl_generator_c.dir/rosidl_generator_c/sensor_cpp_interface/msg/detail/sensor_data__functions.c.o[0m
[  8%] [32mBuilding C object CMakeFiles/sensor_cpp_interface__rosidl_generator_c.dir/rosidl_generator_c/sensor_cpp_interface/action/detail/fib__functions.c.o[0m
[ 10%] [32mBuilding C object CMakeFiles/sensor_cpp_interface__rosidl_generator_c.dir/rosidl_generator_c/sensor_cpp_interface/srv/detail/addition__functions.c.o[0m
[ 12%] [32m[1mLinking C shared library libsensor_cpp_interface__rosidl_generator_c.so[0m
[ 12%] Built target sensor_cpp_interface__rosidl_generator_c
[ 14%] [34m[1mGenerating C type support for eProsima Fast-RTPS[0m
[ 17%] [34m[1mGenerating C introspection for ROS interfaces[0m
[ 19%] [34m[1mGenerating C type support dispatch for ROS interfaces[0m
[ 19%] Built target sensor_cpp_interface__cpp
[ 21%] [34m[1mGenerating C++ type support dispatch for ROS interfaces[0m
[ 23%] [32mBuilding CXX object CMakeFiles/sensor_cpp_interface__rosidl_typesupport_c.dir/rosidl_typesupport_c/sensor_cpp_interface/msg/sensor_data__type_support.cpp.o[0m
[ 25%] [32mBuilding CXX object CMakeFiles/sensor_cpp_interface__rosidl_typesupport_c.dir/rosidl_typesupport_c/sensor_cpp_interface/srv/addition__type_support.cpp.o[0m
[ 27%] [32mBuilding CXX object CMakeFiles/sensor_cpp_interface__rosidl_typesupport_c.dir/rosidl_typesupport_c/sensor_cpp_interface/action/fib__type_support.cpp.o[0m
[ 29%] [32mBuilding C object CMakeFiles/sensor_cpp_interface__rosidl_typesupport_introspection_c.dir/rosidl_typesupport_introspection_c/sensor_cpp_interface/msg/detail/sensor_data__type_support.c.o[0m
[ 31%] [32m[1mLinking CXX shared library libsensor_cpp_interface__rosidl_typesupport_c.so[0m
[ 34%] [32mBuilding C object CMakeFiles/sensor_cpp_interface__rosidl_typesupport_introspection_c.dir/rosidl_typesupport_introspection_c/sensor_cpp_interface/srv/detail/addition__type_support.c.o[0m
[ 34%] Built target sensor_cpp_interface__rosidl_typesupport_c
[ 36%] [32mBuilding CXX object CMakeFiles/sensor_cpp_interface__rosidl_typesupport_cpp.dir/rosidl_typesupport_cpp/sensor_cpp_interface/msg/sensor_data__type_support.cpp.o[0m
[ 38%] [32mBuilding C object CMakeFiles/sensor_cpp_interface__rosidl_typesupport_introspection_c.dir/rosidl_typesupport_introspection_c/sensor_cpp_interface/action/detail/fib__type_support.c.o[0m
[ 40%] [34m[1mGenerating C++ type support for eProsima Fast-RTPS[0m
[ 42%] [32mBuilding CXX object CMakeFiles/sensor_cpp_interface__rosidl_typesupport_cpp.dir/rosidl_typesupport_cpp/sensor_cpp_interface/srv/addition__type_support.cpp.o[0m
[ 44%] [32m[1mLinking C shared library libsensor_cpp_interface__rosidl_typesupport_introspection_c.so[0m
[ 46%] [32mBuilding CXX object CMakeFiles/sensor_cpp_interface__rosidl_typesupport_cpp.dir/rosidl_typesupport_cpp/sensor_cpp_interface/action/fib__type_support.cpp.o[0m
[ 48%] [32mBuilding CXX object CMakeFiles/sensor_cpp_interface__rosidl_typesupport_fastrtps_c.dir/rosidl_typesupport_fastrtps_c/sensor_cpp_interface/msg/detail/sensor_data__type_support_c.cpp.o[0m
[ 48%] Built target sensor_cpp_interface__rosidl_typesupport_introspection_c
[ 51%] [32mBuilding CXX object CMakeFiles/sensor_cpp_interface__rosidl_typesupport_fastrtps_c.dir/rosidl_typesupport_fastrtps_c/sensor_cpp_interface/action/detail/fib__type_support_c.cpp.o[0m
[ 53%] [32m[1mLinking CXX shared library libsensor_cpp_interface__rosidl_typesupport_cpp.so[0m
[ 55%] [32mBuilding CXX object CMakeFiles/sensor_cpp_interface__rosidl_typesupport_fastrtps_c.dir/rosidl_typesupport_fastrtps_c/sensor_cpp_interface/srv/detail/addition__type_support_c.cpp.o[0m
[ 55%] Built target sensor_cpp_interface__rosidl_typesupport_cpp
[ 57%] [34m[1mGenerating C++ introspection for ROS interfaces[0m
[ 59%] [32m[1mLinking CXX shared library libsensor_cpp_interface__rosidl_typesupport_fastrtps_c.so[0m
[ 59%] Built target sensor_cpp_interface__rosidl_typesupport_fastrtps_c
[ 61%] [32mBuilding CXX object CMakeFiles/sensor_cpp_interface__rosidl_typesupport_fastrtps_cpp.dir/rosidl_typesupport_fastrtps_cpp/sensor_cpp_interface/srv/detail/dds_fastrtps/addition__type_support.cpp.o[0m
[ 63%] [32mBuilding CXX object CMakeFiles/sensor_cpp_interface__rosidl_typesupport_introspection_cpp.dir/rosidl_typesupport_introspection_cpp/sensor_cpp_interface/msg/detail/sensor_data__type_support.cpp.o[0m
[ 65%] [32mBuilding CXX object CMakeFiles/sensor_cpp_interface__rosidl_typesupport_fastrtps_cpp.dir/rosidl_typesupport_fastrtps_cpp/sensor_cpp_interface/msg/detail/dds_fastrtps/sensor_data__type_support.cpp.o[0m
[ 68%] [32mBuilding CXX object CMakeFiles/sensor_cpp_interface__rosidl_typesupport_fastrtps_cpp.dir/rosidl_typesupport_fastrtps_cpp/sensor_cpp_interface/action/detail/dds_fastrtps/fib__type_support.cpp.o[0m
[ 70%] [32mBuilding CXX object CMakeFiles/sensor_cpp_interface__rosidl_typesupport_introspection_cpp.dir/rosidl_typesupport_introspection_cpp/sensor_cpp_interface/srv/detail/addition__type_support.cpp.o[0m
[ 72%] [32mBuilding CXX object CMakeFiles/sensor_cpp_interface__rosidl_typesupport_introspection_cpp.dir/rosidl_typesupport_introspection_cpp/sensor_cpp_interface/action/detail/fib__type_support.cpp.o[0m
[ 74%] [32m[1mLinking CXX shared library libsensor_cpp_interface__rosidl_typesupport_introspection_cpp.so[0m
[ 76%] [32m[1mLinking CXX shared library libsensor_cpp_interface__rosidl_typesupport_fastrtps_cpp.so[0m
[ 76%] Built target sensor_cpp_interface__rosidl_typesupport_introspection_cpp
[ 76%] Built target sensor_cpp_interface__rosidl_typesupport_fastrtps_cpp
[ 76%] Built target sensor_cpp_interface
[ 78%] [34m[1mGenerating Python code for ROS interfaces[0m
[ 78%] Built target sensor_cpp_interface__py
[ 80%] [32mBuilding C object CMakeFiles/sensor_cpp_interface__rosidl_generator_py.dir/rosidl_generator_py/sensor_cpp_interface/srv/_addition_s.c.o[0m
[ 85%] [32mBuilding C object CMakeFiles/sensor_cpp_interface__rosidl_generator_py.dir/rosidl_generator_py/sensor_cpp_interface/msg/_sensor_data_s.c.o[0m
[ 85%] [32mBuilding C object CMakeFiles/sensor_cpp_interface__rosidl_generator_py.dir/rosidl_generator_py/sensor_cpp_interface/action/_fib_s.c.o[0m
[ 87%] [32m[1mLinking C shared library rosidl_generator_py/sensor_cpp_interface/libsensor_cpp_interface__rosidl_generator_py.so[0m
[ 87%] Built target sensor_cpp_interface__rosidl_generator_py
[ 89%] [32mBuilding C object CMakeFiles/sensor_cpp_interface__rosidl_typesupport_introspection_c__pyext.dir/rosidl_generator_py/sensor_cpp_interface/_sensor_cpp_interface_s.ep.rosidl_typesupport_introspection_c.c.o[0m
[ 91%] [32mBuilding C object CMakeFiles/sensor_cpp_interface__rosidl_typesupport_fastrtps_c__pyext.dir/rosidl_generator_py/sensor_cpp_interface/_sensor_cpp_interface_s.ep.rosidl_typesupport_fastrtps_c.c.o[0m
[ 93%] [32mBuilding C object CMakeFiles/sensor_cpp_interface__rosidl_typesupport_c__pyext.dir/rosidl_generator_py/sensor_cpp_interface/_sensor_cpp_interface_s.ep.rosidl_typesupport_c.c.o[0m
[ 95%] [32m[1mLinking C shared library rosidl_generator_py/sensor_cpp_interface/sensor_cpp_interface_s__rosidl_typesupport_c.cpython-310-x86_64-linux-gnu.so[0m
[ 97%] [32m[1mLinking C shared library rosidl_generator_py/sensor_cpp_interface/sensor_cpp_interface_s__rosidl_typesupport_introspection_c.cpython-310-x86_64-linux-gnu.so[0m
[100%] [32m[1mLinking C shared library rosidl_generator_py/sensor_cpp_interface/sensor_cpp_interface_s__rosidl_typesupport_fastrtps_c.cpython-310-x86_64-linux-gnu.so[0m
[100%] Built target sensor_cpp_interface__rosidl_typesupport_introspection_c__pyext
[100%] Built target sensor_cpp_interface__rosidl_typesupport_fastrtps_c__pyext
[100%] Built target sensor_cpp_interface__rosidl_typesupport_c__pyext
-- Install configuration: ""
-- Installing: /home/vd/my_ws/install/sensor_cpp_interface/share/ament_index/resource_index/rosidl_interfaces/sensor_cpp_interface
-- Installing: /home/vd/my_ws/install/sensor_cpp_interface/include/sensor_cpp_interface/sensor_cpp_interface
-- Installing: /home/vd/my_ws/install/sensor_cpp_interface/include/sensor_cpp_interface/sensor_cpp_interface/action
-- Installing: /home/vd/my_ws/install/sensor_cpp_interface/include/sensor_cpp_interface/sensor_cpp_interface/action/detail
-- Installing: /home/vd/my_ws/install/sensor_cpp_interface/include/sensor_cpp_interface/sensor_cpp_interface/action/detail/fib__struct.h
-- Installing: /home/vd/my_ws/install/sensor_cpp_interface/include/sensor_cpp_interface/sensor_cpp_interface/action/detail/fib__type_support.h
-- Installing: /home/vd/my_ws/install/sensor_cpp_interface/include/sensor_cpp_interface/sensor_cpp_interface/action/detail/fib__functions.h
-- Installing: /home/vd/my_ws/install/sensor_cpp_interface/include/sensor_cpp_interface/sensor_cpp_interface/action/detail/fib__functions.c
-- Installing: /home/vd/my_ws/install/sensor_cpp_interface/include/sensor_cpp_interface/sensor_cpp_interface/action/fib.h
-- Installing: /home/vd/my_ws/install/sensor_cpp_interface/include/sensor_cpp_interface/sensor_cpp_interface/msg
-- Installing: /home/vd/my_ws/install/sensor_cpp_interface/include/sensor_cpp_interface/sensor_cpp_interface/msg/rosidl_generator_c__visibility_control.h
-- Installing: /home/vd/my_ws/install/sensor_cpp_interface/include/sensor_cpp_interface/sensor_cpp_interface/msg/sensor_data.h
-- Installing: /home/vd/my_ws/install/sensor_cpp_interface/include/sensor_cpp_interface/sensor_cpp_interface/msg/detail
-- Installing: /home/vd/my_ws/install/sensor_cpp_interface/include/sensor_cpp_interface/sensor_cpp_interface/msg/detail/sensor_data__functions.c
-- Installing: /home/vd/my_ws/install/sensor_cpp_interface/include/sensor_cpp_interface/sensor_cpp_interface/msg/detail/sensor_data__struct.h
-- Installing: /home/vd/my_ws/install/sensor_cpp_interface/include/sensor_cpp_interface/sensor_cpp_interface/msg/detail/sensor_data__type_support.h
-- Installing: /home/vd/my_ws/install/sensor_cpp_interface/include/sensor_cpp_interface/sensor_cpp_interface/msg/detail/sensor_data__functions.h
-- Installing: /home/vd/my_ws/install/sensor_cpp_interface/include/sensor_cpp_interface/sensor_cpp_interface/srv
-- Installing: /home/vd/my_ws/install/sensor_cpp_interface/include/sensor_cpp_interface/sensor_cpp_interface/srv/addition.h
-- Installing: /home/vd/my_ws/install/sensor_cpp_interface/include/sensor_cpp_interface/sensor_cpp_interface/srv/detail
-- Installing: /home/vd/my_ws/install/sensor_cpp_interface/include/sensor_cpp_interface/sensor_cpp_interface/srv/detail/addition__type_support.h
-- Installing: /home/vd/my_ws/install/sensor_cpp_interface/include/sensor_cpp_interface/sensor_cpp_interface/srv/detail/addition__functions.c
-- Installing: /home/vd/my_ws/install/sensor_cpp_interface/include/sensor_cpp_interface/sensor_cpp_interface/srv/detail/addition__functions.h
-- Installing: /home/vd/my_ws/install/sensor_cpp_interface/include/sensor_cpp_interface/sensor_cpp_interface/srv/detail/addition__struct.h
-- Installing: /home/vd/my_ws/install/sensor_cpp_interface/share/sensor_cpp_interface/environment/library_path.sh
-- Installing: /home/vd/my_ws/install/sensor_cpp_interface/share/sensor_cpp_interface/environment/library_path.dsv
-- Installing: /home/vd/my_ws/install/sensor_cpp_interface/lib/libsensor_cpp_interface__rosidl_generator_c.so
-- Set runtime path of "/home/vd/my_ws/install/sensor_cpp_interface/lib/libsensor_cpp_interface__rosidl_generator_c.so" to ""
-- Up-to-date: /home/vd/my_ws/install/sensor_cpp_interface/include/sensor_cpp_interface/sensor_cpp_interface
-- Up-to-date: /home/vd/my_ws/install/sensor_cpp_interface/include/sensor_cpp_interface/sensor_cpp_interface/action
-- Up-to-date: /home/vd/my_ws/install/sensor_cpp_interface/include/sensor_cpp_interface/sensor_cpp_interface/action/detail
-- Installing: /home/vd/my_ws/install/sensor_cpp_interface/include/sensor_cpp_interface/sensor_cpp_interface/action/detail/fib__rosidl_typesupport_fastrtps_c.h
-- Up-to-date: /home/vd/my_ws/install/sensor_cpp_interface/include/sensor_cpp_interface/sensor_cpp_interface/msg
-- Installing: /home/vd/my_ws/install/sensor_cpp_interface/include/sensor_cpp_interface/sensor_cpp_interface/msg/rosidl_typesupport_fastrtps_c__visibility_control.h
-- Up-to-date: /home/vd/my_ws/install/sensor_cpp_interface/include/sensor_cpp_interface/sensor_cpp_interface/msg/detail
-- Installing: /home/vd/my_ws/install/sensor_cpp_interface/include/sensor_cpp_interface/sensor_cpp_interface/msg/detail/sensor_data__rosidl_typesupport_fastrtps_c.h
-- Up-to-date: /home/vd/my_ws/install/sensor_cpp_interface/include/sensor_cpp_interface/sensor_cpp_interface/srv
-- Up-to-date: /home/vd/my_ws/install/sensor_cpp_interface/include/sensor_cpp_interface/sensor_cpp_interface/srv/detail
-- Installing: /home/vd/my_ws/install/sensor_cpp_interface/include/sensor_cpp_interface/sensor_cpp_interface/srv/detail/addition__rosidl_typesupport_fastrtps_c.h
-- Installing: /home/vd/my_ws/install/sensor_cpp_interface/lib/libsensor_cpp_interface__rosidl_typesupport_fastrtps_c.so
-- Set runtime path of "/home/vd/my_ws/install/sensor_cpp_interface/lib/libsensor_cpp_interface__rosidl_typesupport_fastrtps_c.so" to ""
-- Up-to-date: /home/vd/my_ws/install/sensor_cpp_interface/include/sensor_cpp_interface/sensor_cpp_interface
-- Up-to-date: /home/vd/my_ws/install/sensor_cpp_interface/include/sensor_cpp_interface/sensor_cpp_interface/action
-- Up-to-date: /home/vd/my_ws/install/sensor_cpp_interface/include/sensor_cpp_interface/sensor_cpp_interface/action/detail
-- Installing: /home/vd/my_ws/install/sensor_cpp_interface/include/sensor_cpp_interface/sensor_cpp_interface/action/detail/fib__rosidl_typesupport_introspection_c.h
-- Installing: /home/vd/my_ws/install/sensor_cpp_interface/include/sensor_cpp_interface/sensor_cpp_interface/action/detail/fib__type_support.c
-- Up-to-date: /home/vd/my_ws/install/sensor_cpp_interface/include/sensor_cpp_interface/sensor_cpp_interface/msg
-- Installing: /home/vd/my_ws/install/sensor_cpp_interface/include/sensor_cpp_interface/sensor_cpp_interface/msg/rosidl_typesupport_introspection_c__visibility_control.h
-- Up-to-date: /home/vd/my_ws/install/sensor_cpp_interface/include/sensor_cpp_interface/sensor_cpp_interface/msg/detail
-- Installing: /home/vd/my_ws/install/sensor_cpp_interface/include/sensor_cpp_interface/sensor_cpp_interface/msg/detail/sensor_data__rosidl_typesupport_introspection_c.h
-- Installing: /home/vd/my_ws/install/sensor_cpp_interface/include/sensor_cpp_interface/sensor_cpp_interface/msg/detail/sensor_data__type_support.c
-- Up-to-date: /home/vd/my_ws/install/sensor_cpp_interface/include/sensor_cpp_interface/sensor_cpp_interface/srv
-- Up-to-date: /home/vd/my_ws/install/sensor_cpp_interface/include/sensor_cpp_interface/sensor_cpp_interface/srv/detail
-- Installing: /home/vd/my_ws/install/sensor_cpp_interface/include/sensor_cpp_interface/sensor_cpp_interface/srv/detail/addition__rosidl_typesupport_introspection_c.h
-- Installing: /home/vd/my_ws/install/sensor_cpp_interface/include/sensor_cpp_interface/sensor_cpp_interface/srv/detail/addition__type_support.c
-- Installing: /home/vd/my_ws/install/sensor_cpp_interface/lib/libsensor_cpp_interface__rosidl_typesupport_introspection_c.so
-- Set runtime path of "/home/vd/my_ws/install/sensor_cpp_interface/lib/libsensor_cpp_interface__rosidl_typesupport_introspection_c.so" to ""
-- Installing: /home/vd/my_ws/install/sensor_cpp_interface/lib/libsensor_cpp_interface__rosidl_typesupport_c.so
-- Set runtime path of "/home/vd/my_ws/install/sensor_cpp_interface/lib/libsensor_cpp_interface__rosidl_typesupport_c.so" to ""
-- Up-to-date: /home/vd/my_ws/install/sensor_cpp_interface/include/sensor_cpp_interface/sensor_cpp_interface
-- Up-to-date: /home/vd/my_ws/install/sensor_cpp_interface/include/sensor_cpp_interface/sensor_cpp_interface/action
-- Installing: /home/vd/my_ws/install/sensor_cpp_interface/include/sensor_cpp_interface/sensor_cpp_interface/action/fib.hpp
-- Up-to-date: /home/vd/my_ws/install/sensor_cpp_interface/include/sensor_cpp_interface/sensor_cpp_interface/action/detail
-- Installing: /home/vd/my_ws/install/sensor_cpp_interface/include/sensor_cpp_interface/sensor_cpp_interface/action/detail/fib__builder.hpp
-- Installing: /home/vd/my_ws/install/sensor_cpp_interface/include/sensor_cpp_interface/sensor_cpp_interface/action/detail/fib__traits.hpp
-- Installing: /home/vd/my_ws/install/sensor_cpp_interface/include/sensor_cpp_interface/sensor_cpp_interface/action/detail/fib__struct.hpp
-- Up-to-date: /home/vd/my_ws/install/sensor_cpp_interface/include/sensor_cpp_interface/sensor_cpp_interface/msg
-- Up-to-date: /home/vd/my_ws/install/sensor_cpp_interface/include/sensor_cpp_interface/sensor_cpp_interface/msg/detail
-- Installing: /home/vd/my_ws/install/sensor_cpp_interface/include/sensor_cpp_interface/sensor_cpp_interface/msg/detail/sensor_data__struct.hpp
-- Installing: /home/vd/my_ws/install/sensor_cpp_interface/include/sensor_cpp_interface/sensor_cpp_interface/msg/detail/sensor_data__traits.hpp
-- Installing: /home/vd/my_ws/install/sensor_cpp_interface/include/sensor_cpp_interface/sensor_cpp_interface/msg/detail/sensor_data__builder.hpp
-- Installing: /home/vd/my_ws/install/sensor_cpp_interface/include/sensor_cpp_interface/sensor_cpp_interface/msg/sensor_data.hpp
-- Up-to-date: /home/vd/my_ws/install/sensor_cpp_interface/include/sensor_cpp_interface/sensor_cpp_interface/srv
-- Installing: /home/vd/my_ws/install/sensor_cpp_interface/include/sensor_cpp_interface/sensor_cpp_interface/srv/addition.hpp
-- Up-to-date: /home/vd/my_ws/install/sensor_cpp_interface/include/sensor_cpp_interface/sensor_cpp_interface/srv/detail
-- Installing: /home/vd/my_ws/install/sensor_cpp_interface/include/sensor_cpp_interface/sensor_cpp_interface/srv/detail/addition__builder.hpp
-- Installing: /home/vd/my_ws/install/sensor_cpp_interface/include/sensor_cpp_interface/sensor_cpp_interface/srv/detail/addition__struct.hpp
-- Installing: /home/vd/my_ws/install/sensor_cpp_interface/include/sensor_cpp_interface/sensor_cpp_interface/srv/detail/addition__traits.hpp
-- Up-to-date: /home/vd/my_ws/install/sensor_cpp_interface/include/sensor_cpp_interface/sensor_cpp_interface
-- Up-to-date: /home/vd/my_ws/install/sensor_cpp_interface/include/sensor_cpp_interface/sensor_cpp_interface/action
-- Up-to-date: /home/vd/my_ws/install/sensor_cpp_interface/include/sensor_cpp_interface/sensor_cpp_interface/action/detail
-- Installing: /home/vd/my_ws/install/sensor_cpp_interface/include/sensor_cpp_interface/sensor_cpp_interface/action/detail/dds_fastrtps
-- Installing: /home/vd/my_ws/install/sensor_cpp_interface/include/sensor_cpp_interface/sensor_cpp_interface/action/detail/fib__rosidl_typesupport_fastrtps_cpp.hpp
-- Up-to-date: /home/vd/my_ws/install/sensor_cpp_interface/include/sensor_cpp_interface/sensor_cpp_interface/msg
-- Installing: /home/vd/my_ws/install/sensor_cpp_interface/include/sensor_cpp_interface/sensor_cpp_interface/msg/rosidl_typesupport_fastrtps_cpp__visibility_control.h
-- Up-to-date: /home/vd/my_ws/install/sensor_cpp_interface/include/sensor_cpp_interface/sensor_cpp_interface/msg/detail
-- Installing: /home/vd/my_ws/install/sensor_cpp_interface/include/sensor_cpp_interface/sensor_cpp_interface/msg/detail/dds_fastrtps
-- Installing: /home/vd/my_ws/install/sensor_cpp_interface/include/sensor_cpp_interface/sensor_cpp_interface/msg/detail/sensor_data__rosidl_typesupport_fastrtps_cpp.hpp
-- Up-to-date: /home/vd/my_ws/install/sensor_cpp_interface/include/sensor_cpp_interface/sensor_cpp_interface/srv
-- Up-to-date: /home/vd/my_ws/install/sensor_cpp_interface/include/sensor_cpp_interface/sensor_cpp_interface/srv/detail
-- Installing: /home/vd/my_ws/install/sensor_cpp_interface/include/sensor_cpp_interface/sensor_cpp_interface/srv/detail/dds_fastrtps
-- Installing: /home/vd/my_ws/install/sensor_cpp_interface/include/sensor_cpp_interface/sensor_cpp_interface/srv/detail/addition__rosidl_typesupport_fastrtps_cpp.hpp
-- Installing: /home/vd/my_ws/install/sensor_cpp_interface/lib/libsensor_cpp_interface__rosidl_typesupport_fastrtps_cpp.so
-- Set runtime path of "/home/vd/my_ws/install/sensor_cpp_interface/lib/libsensor_cpp_interface__rosidl_typesupport_fastrtps_cpp.so" to ""
-- Up-to-date: /home/vd/my_ws/install/sensor_cpp_interface/include/sensor_cpp_interface/sensor_cpp_interface
-- Up-to-date: /home/vd/my_ws/install/sensor_cpp_interface/include/sensor_cpp_interface/sensor_cpp_interface/action
-- Up-to-date: /home/vd/my_ws/install/sensor_cpp_interface/include/sensor_cpp_interface/sensor_cpp_interface/action/detail
-- Installing: /home/vd/my_ws/install/sensor_cpp_interface/include/sensor_cpp_interface/sensor_cpp_interface/action/detail/fib__rosidl_typesupport_introspection_cpp.hpp
-- Installing: /home/vd/my_ws/install/sensor_cpp_interface/include/sensor_cpp_interface/sensor_cpp_interface/action/detail/fib__type_support.cpp
-- Up-to-date: /home/vd/my_ws/install/sensor_cpp_interface/include/sensor_cpp_interface/sensor_cpp_interface/msg
-- Up-to-date: /home/vd/my_ws/install/sensor_cpp_interface/include/sensor_cpp_interface/sensor_cpp_interface/msg/detail
-- Installing: /home/vd/my_ws/install/sensor_cpp_interface/include/sensor_cpp_interface/sensor_cpp_interface/msg/detail/sensor_data__rosidl_typesupport_introspection_cpp.hpp
-- Installing: /home/vd/my_ws/install/sensor_cpp_interface/include/sensor_cpp_interface/sensor_cpp_interface/msg/detail/sensor_data__type_support.cpp
-- Up-to-date: /home/vd/my_ws/install/sensor_cpp_interface/include/sensor_cpp_interface/sensor_cpp_interface/srv
-- Up-to-date: /home/vd/my_ws/install/sensor_cpp_interface/include/sensor_cpp_interface/sensor_cpp_interface/srv/detail
-- Installing: /home/vd/my_ws/install/sensor_cpp_interface/include/sensor_cpp_interface/sensor_cpp_interface/srv/detail/addition__rosidl_typesupport_introspection_cpp.hpp
-- Installing: /home/vd/my_ws/install/sensor_cpp_interface/include/sensor_cpp_interface/sensor_cpp_interface/srv/detail/addition__type_support.cpp
-- Installing: /home/vd/my_ws/install/sensor_cpp_interface/lib/libsensor_cpp_interface__rosidl_typesupport_introspection_cpp.so
-- Set runtime path of "/home/vd/my_ws/install/sensor_cpp_interface/lib/libsensor_cpp_interface__rosidl_typesupport_introspection_cpp.so" to ""
-- Installing: /home/vd/my_ws/install/sensor_cpp_interface/lib/libsensor_cpp_interface__rosidl_typesupport_cpp.so
-- Set runtime path of "/home/vd/my_ws/install/sensor_cpp_interface/lib/libsensor_cpp_interface__rosidl_typesupport_cpp.so" to ""
-- Installing: /home/vd/my_ws/install/sensor_cpp_interface/share/sensor_cpp_interface/environment/pythonpath.sh
-- Installing: /home/vd/my_ws/install/sensor_cpp_interface/share/sensor_cpp_interface/environment/pythonpath.dsv
-- Installing: /home/vd/my_ws/install/sensor_cpp_interface/local/lib/python3.10/dist-packages/sensor_cpp_interface-0.0.0-py3.10.egg-info
-- Installing: /home/vd/my_ws/install/sensor_cpp_interface/local/lib/python3.10/dist-packages/sensor_cpp_interface-0.0.0-py3.10.egg-info/SOURCES.txt
-- Installing: /home/vd/my_ws/install/sensor_cpp_interface/local/lib/python3.10/dist-packages/sensor_cpp_interface-0.0.0-py3.10.egg-info/PKG-INFO
-- Installing: /home/vd/my_ws/install/sensor_cpp_interface/local/lib/python3.10/dist-packages/sensor_cpp_interface-0.0.0-py3.10.egg-info/top_level.txt
-- Installing: /home/vd/my_ws/install/sensor_cpp_interface/local/lib/python3.10/dist-packages/sensor_cpp_interface-0.0.0-py3.10.egg-info/dependency_links.txt
-- Installing: /home/vd/my_ws/install/sensor_cpp_interface/local/lib/python3.10/dist-packages/sensor_cpp_interface
-- Installing: /home/vd/my_ws/install/sensor_cpp_interface/local/lib/python3.10/dist-packages/sensor_cpp_interface/sensor_cpp_interface_s__rosidl_typesupport_c.cpython-310-x86_64-linux-gnu.so
-- Installing: /home/vd/my_ws/install/sensor_cpp_interface/local/lib/python3.10/dist-packages/sensor_cpp_interface/sensor_cpp_interface_s__rosidl_typesupport_introspection_c.cpython-310-x86_64-linux-gnu.so
-- Installing: /home/vd/my_ws/install/sensor_cpp_interface/local/lib/python3.10/dist-packages/sensor_cpp_interface/_sensor_cpp_interface_s.ep.rosidl_typesupport_c.c
-- Installing: /home/vd/my_ws/install/sensor_cpp_interface/local/lib/python3.10/dist-packages/sensor_cpp_interface/_sensor_cpp_interface_s.ep.rosidl_typesupport_fastrtps_c.c
-- Installing: /home/vd/my_ws/install/sensor_cpp_interface/local/lib/python3.10/dist-packages/sensor_cpp_interface/libsensor_cpp_interface__rosidl_generator_py.so
-- Installing: /home/vd/my_ws/install/sensor_cpp_interface/local/lib/python3.10/dist-packages/sensor_cpp_interface/_sensor_cpp_interface_s.ep.rosidl_typesupport_introspection_c.c
-- Installing: /home/vd/my_ws/install/sensor_cpp_interface/local/lib/python3.10/dist-packages/sensor_cpp_interface/action
-- Installing: /home/vd/my_ws/install/sensor_cpp_interface/local/lib/python3.10/dist-packages/sensor_cpp_interface/action/_fib_s.c
-- Installing: /home/vd/my_ws/install/sensor_cpp_interface/local/lib/python3.10/dist-packages/sensor_cpp_interface/action/__init__.py
-- Installing: /home/vd/my_ws/install/sensor_cpp_interface/local/lib/python3.10/dist-packages/sensor_cpp_interface/action/_fib.py
-- Installing: /home/vd/my_ws/install/sensor_cpp_interface/local/lib/python3.10/dist-packages/sensor_cpp_interface/__init__.py
-- Installing: /home/vd/my_ws/install/sensor_cpp_interface/local/lib/python3.10/dist-packages/sensor_cpp_interface/msg
-- Installing: /home/vd/my_ws/install/sensor_cpp_interface/local/lib/python3.10/dist-packages/sensor_cpp_interface/msg/_sensor_data_s.c
-- Installing: /home/vd/my_ws/install/sensor_cpp_interface/local/lib/python3.10/dist-packages/sensor_cpp_interface/msg/_sensor_data.py
-- Installing: /home/vd/my_ws/install/sensor_cpp_interface/local/lib/python3.10/dist-packages/sensor_cpp_interface/msg/__init__.py
-- Installing: /home/vd/my_ws/install/sensor_cpp_interface/local/lib/python3.10/dist-packages/sensor_cpp_interface/sensor_cpp_interface_s__rosidl_typesupport_fastrtps_c.cpython-310-x86_64-linux-gnu.so
-- Installing: /home/vd/my_ws/install/sensor_cpp_interface/local/lib/python3.10/dist-packages/sensor_cpp_interface/srv
-- Installing: /home/vd/my_ws/install/sensor_cpp_interface/local/lib/python3.10/dist-packages/sensor_cpp_interface/srv/_addition_s.c
-- Installing: /home/vd/my_ws/install/sensor_cpp_interface/local/lib/python3.10/dist-packages/sensor_cpp_interface/srv/__init__.py
-- Installing: /home/vd/my_ws/install/sensor_cpp_interface/local/lib/python3.10/dist-packages/sensor_cpp_interface/srv/_addition.py
Listing '/home/vd/my_ws/install/sensor_cpp_interface/local/lib/python3.10/dist-packages/sensor_cpp_interface'...
Compiling '/home/vd/my_ws/install/sensor_cpp_interface/local/lib/python3.10/dist-packages/sensor_cpp_interface/__init__.py'...
Listing '/home/vd/my_ws/install/sensor_cpp_interface/local/lib/python3.10/dist-packages/sensor_cpp_interface/action'...
Compiling '/home/vd/my_ws/install/sensor_cpp_interface/local/lib/python3.10/dist-packages/sensor_cpp_interface/action/__init__.py'...
Compiling '/home/vd/my_ws/install/sensor_cpp_interface/local/lib/python3.10/dist-packages/sensor_cpp_interface/action/_fib.py'...
Listing '/home/vd/my_ws/install/sensor_cpp_interface/local/lib/python3.10/dist-packages/sensor_cpp_interface/msg'...
Compiling '/home/vd/my_ws/install/sensor_cpp_interface/local/lib/python3.10/dist-packages/sensor_cpp_interface/msg/__init__.py'...
Compiling '/home/vd/my_ws/install/sensor_cpp_interface/local/lib/python3.10/dist-packages/sensor_cpp_interface/msg/_sensor_data.py'...
Listing '/home/vd/my_ws/install/sensor_cpp_interface/local/lib/python3.10/dist-packages/sensor_cpp_interface/srv'...
Compiling '/home/vd/my_ws/install/sensor_cpp_interface/local/lib/python3.10/dist-packages/sensor_cpp_interface/srv/__init__.py'...
Compiling '/home/vd/my_ws/install/sensor_cpp_interface/local/lib/python3.10/dist-packages/sensor_cpp_interface/srv/_addition.py'...
-- Installing: /home/vd/my_ws/install/sensor_cpp_interface/local/lib/python3.10/dist-packages/sensor_cpp_interface/sensor_cpp_interface_s__rosidl_typesupport_fastrtps_c.cpython-310-x86_64-linux-gnu.so
-- Set runtime path of "/home/vd/my_ws/install/sensor_cpp_interface/local/lib/python3.10/dist-packages/sensor_cpp_interface/sensor_cpp_interface_s__rosidl_typesupport_fastrtps_c.cpython-310-x86_64-linux-gnu.so" to ""
-- Installing: /home/vd/my_ws/install/sensor_cpp_interface/local/lib/python3.10/dist-packages/sensor_cpp_interface/sensor_cpp_interface_s__rosidl_typesupport_introspection_c.cpython-310-x86_64-linux-gnu.so
-- Set runtime path of "/home/vd/my_ws/install/sensor_cpp_interface/local/lib/python3.10/dist-packages/sensor_cpp_interface/sensor_cpp_interface_s__rosidl_typesupport_introspection_c.cpython-310-x86_64-linux-gnu.so" to ""
-- Installing: /home/vd/my_ws/install/sensor_cpp_interface/local/lib/python3.10/dist-packages/sensor_cpp_interface/sensor_cpp_interface_s__rosidl_typesupport_c.cpython-310-x86_64-linux-gnu.so
-- Set runtime path of "/home/vd/my_ws/install/sensor_cpp_interface/local/lib/python3.10/dist-packages/sensor_cpp_interface/sensor_cpp_interface_s__rosidl_typesupport_c.cpython-310-x86_64-linux-gnu.so" to ""
-- Installing: /home/vd/my_ws/install/sensor_cpp_interface/lib/libsensor_cpp_interface__rosidl_generator_py.so
-- Set runtime path of "/home/vd/my_ws/install/sensor_cpp_interface/lib/libsensor_cpp_interface__rosidl_generator_py.so" to ""
-- Installing: /home/vd/my_ws/install/sensor_cpp_interface/share/sensor_cpp_interface/msg/SensorData.idl
-- Installing: /home/vd/my_ws/install/sensor_cpp_interface/share/sensor_cpp_interface/srv/Addition.idl
-- Installing: /home/vd/my_ws/install/sensor_cpp_interface/share/sensor_cpp_interface/action/Fib.idl
-- Installing: /home/vd/my_ws/install/sensor_cpp_interface/share/sensor_cpp_interface/msg/SensorData.msg
-- Installing: /home/vd/my_ws/install/sensor_cpp_interface/share/sensor_cpp_interface/srv/Addition.srv
-- Installing: /home/vd/my_ws/install/sensor_cpp_interface/share/sensor_cpp_interface/srv/Addition_Request.msg
-- Installing: /home/vd/my_ws/install/sensor_cpp_interface/share/sensor_cpp_interface/srv/Addition_Response.msg
-- Installing: /home/vd/my_ws/install/sensor_cpp_interface/share/sensor_cpp_interface/action/Fib.action
-- Installing: /home/vd/my_ws/install/sensor_cpp_interface/share/ament_index/resource_index/package_run_dependencies/sensor_cpp_interface
-- Installing: /home/vd/my_ws/install/sensor_cpp_interface/share/ament_index/resource_index/parent_prefix_path/sensor_cpp_interface
-- Installing: /home/vd/my_ws/install/sensor_cpp_interface/share/sensor_cpp_interface/environment/ament_prefix_path.sh
-- Installing: /home/vd/my_ws/install/sensor_cpp_interface/share/sensor_cpp_interface/environment/ament_prefix_path.dsv
-- Installing: /home/vd/my_ws/install/sensor_cpp_interface/share/sensor_cpp_interface/environment/path.sh
-- Installing: /home/vd/my_ws/install/sensor_cpp_interface/share/sensor_cpp_interface/environment/path.dsv
-- Installing: /home/vd/my_ws/install/sensor_cpp_interface/share/sensor_cpp_interface/local_setup.bash
-- Installing: /home/vd/my_ws/install/sensor_cpp_interface/share/sensor_cpp_interface/local_setup.sh
-- Installing: /home/vd/my_ws/install/sensor_cpp_interface/share/sensor_cpp_interface/local_setup.zsh
-- Installing: /home/vd/my_ws/install/sensor_cpp_interface/share/sensor_cpp_interface/local_setup.dsv
-- Installing: /home/vd/my_ws/install/sensor_cpp_interface/share/sensor_cpp_interface/package.dsv
-- Installing: /home/vd/my_ws/install/sensor_cpp_interface/share/ament_index/resource_index/packages/sensor_cpp_interface
-- Installing: /home/vd/my_ws/install/sensor_cpp_interface/share/sensor_cpp_interface/cmake/export_sensor_cpp_interface__rosidl_generator_cExport.cmake
-- Installing: /home/vd/my_ws/install/sensor_cpp_interface/share/sensor_cpp_interface/cmake/export_sensor_cpp_interface__rosidl_generator_cExport-noconfig.cmake
-- Installing: /home/vd/my_ws/install/sensor_cpp_interface/share/sensor_cpp_interface/cmake/export_sensor_cpp_interface__rosidl_typesupport_fastrtps_cExport.cmake
-- Installing: /home/vd/my_ws/install/sensor_cpp_interface/share/sensor_cpp_interface/cmake/export_sensor_cpp_interface__rosidl_typesupport_fastrtps_cExport-noconfig.cmake
-- Installing: /home/vd/my_ws/install/sensor_cpp_interface/share/sensor_cpp_interface/cmake/sensor_cpp_interface__rosidl_typesupport_introspection_cExport.cmake
-- Installing: /home/vd/my_ws/install/sensor_cpp_interface/share/sensor_cpp_interface/cmake/sensor_cpp_interface__rosidl_typesupport_introspection_cExport-noconfig.cmake
-- Installing: /home/vd/my_ws/install/sensor_cpp_interface/share/sensor_cpp_interface/cmake/sensor_cpp_interface__rosidl_typesupport_cExport.cmake
-- Installing: /home/vd/my_ws/install/sensor_cpp_interface/share/sensor_cpp_interface/cmake/sensor_cpp_interface__rosidl_typesupport_cExport-noconfig.cmake
-- Installing: /home/vd/my_ws/install/sensor_cpp_interface/share/sensor_cpp_interface/cmake/export_sensor_cpp_interface__rosidl_generator_cppExport.cmake
-- Installing: /home/vd/my_ws/install/sensor_cpp_interface/share/sensor_cpp_interface/cmake/export_sensor_cpp_interface__rosidl_typesupport_fastrtps_cppExport.cmake
-- Installing: /home/vd/my_ws/install/sensor_cpp_interface/share/sensor_cpp_interface/cmake/export_sensor_cpp_interface__rosidl_typesupport_fastrtps_cppExport-noconfig.cmake
-- Installing: /home/vd/my_ws/install/sensor_cpp_interface/share/sensor_cpp_interface/cmake/sensor_cpp_interface__rosidl_typesupport_introspection_cppExport.cmake
-- Installing: /home/vd/my_ws/install/sensor_cpp_interface/share/sensor_cpp_interface/cmake/sensor_cpp_interface__rosidl_typesupport_introspection_cppExport-noconfig.cmake
-- Installing: /home/vd/my_ws/install/sensor_cpp_interface/share/sensor_cpp_interface/cmake/sensor_cpp_interface__rosidl_typesupport_cppExport.cmake
-- Installing: /home/vd/my_ws/install/sensor_cpp_interface/share/sensor_cpp_interface/cmake/sensor_cpp_interface__rosidl_typesupport_cppExport-noconfig.cmake
-- Installing: /home/vd/my_ws/install/sensor_cpp_interface/share/sensor_cpp_interface/cmake/export_sensor_cpp_interface__rosidl_generator_pyExport.cmake
-- Installing: /home/vd/my_ws/install/sensor_cpp_interface/share/sensor_cpp_interface/cmake/export_sensor_cpp_interface__rosidl_generator_pyExport-noconfig.cmake
-- Installing: /home/vd/my_ws/install/sensor_cpp_interface/share/sensor_cpp_interface/cmake/rosidl_cmake-extras.cmake
-- Installing: /home/vd/my_ws/install/sensor_cpp_interface/share/sensor_cpp_interface/cmake/ament_cmake_export_dependencies-extras.cmake
-- Installing: /home/vd/my_ws/install/sensor_cpp_interface/share/sensor_cpp_interface/cmake/ament_cmake_export_include_directories-extras.cmake
-- Installing: /home/vd/my_ws/install/sensor_cpp_interface/share/sensor_cpp_interface/cmake/ament_cmake_export_libraries-extras.cmake
-- Installing: /home/vd/my_ws/install/sensor_cpp_interface/share/sensor_cpp_interface/cmake/ament_cmake_export_targets-extras.cmake
-- Installing: /home/vd/my_ws/install/sensor_cpp_interface/share/sensor_cpp_interface/cmake/rosidl_cmake_export_typesupport_targets-extras.cmake
-- Installing: /home/vd/my_ws/install/sensor_cpp_interface/share/sensor_cpp_interface/cmake/rosidl_cmake_export_typesupport_libraries-extras.cmake
-- Installing: /home/vd/my_ws/install/sensor_cpp_interface/share/sensor_cpp_interface/cmake/sensor_cpp_interfaceConfig.cmake
-- Installing: /home/vd/my_ws/install/sensor_cpp_interface/share/sensor_cpp_interface/cmake/sensor_cpp_interfaceConfig-version.cmake
-- Installing: /home/vd/my_ws/install/sensor_cpp_interface/share/sensor_cpp_interface/package.xml
