[0.007s] Invoking command in '/home/vd/my_ws/build/sensor_cpp_interface': CMAKE_PREFIX_PATH=${CMAKE_PREFIX_PATH}:/home/vd/my_ws/install/sensor_py_pkg:/home/vd/my_ws/install/py_srvcli:/home/vd/ros2ws/install/py_pubsub:/opt/ros/humble /usr/bin/cmake /home/vd/my_ws/src/sensor_cpp_interface -DCMAKE_INSTALL_PREFIX=/home/vd/my_ws/install/sensor_cpp_interface
[0.101s] -- The C compiler identification is GNU 11.4.0
[0.186s] -- The CXX compiler identification is GNU 11.4.0
[0.194s] -- Detecting C compiler ABI info
[0.235s] -- Detecting C compiler ABI info - done
[0.240s] -- Check for working C compiler: /usr/lib/ccache/cc - skipped
[0.241s] -- Detecting C compile features
[0.241s] -- Detecting C compile features - done
[0.244s] -- Detecting CXX compiler ABI info
[0.292s] -- Detecting CXX compiler ABI info - done
[0.297s] -- Check for working CXX compiler: /usr/lib/ccache/c++ - skipped
[0.298s] -- Detecting CXX compile features
[0.298s] -- Detecting CXX compile features - done
[0.299s] -- Found ament_cmake: 1.3.10 (/opt/ros/humble/share/ament_cmake/cmake)
[0.404s] -- Found Python3: /usr/bin/python3 (found version "3.10.12") found components: Interpreter 
[0.469s] -- Found rosidl_default_generators: 1.2.0 (/opt/ros/humble/share/rosidl_default_generators/cmake)
[0.471s] -- Using all available rosidl_typesupport_c: rosidl_typesupport_fastrtps_c;rosidl_typesupport_introspection_c
[0.475s] -- Found rosidl_adapter: 3.1.5 (/opt/ros/humble/share/rosidl_adapter/cmake)
[0.500s] -- Using all available rosidl_typesupport_cpp: rosidl_typesupport_fastrtps_cpp;rosidl_typesupport_introspection_cpp
[0.733s] -- Found ament_cmake_ros: 0.10.0 (/opt/ros/humble/share/ament_cmake_ros/cmake)
[0.865s] -- Using all available rosidl_typesupport_c: rosidl_typesupport_fastrtps_c;rosidl_typesupport_introspection_c
[1.038s] -- Using all available rosidl_typesupport_cpp: rosidl_typesupport_fastrtps_cpp;rosidl_typesupport_introspection_cpp
[1.055s] -- Found PythonInterp: /usr/bin/python3 (found suitable version "3.10.12", minimum required is "3.6") 
[1.056s] -- Found python_cmake_module: 0.10.0 (/opt/ros/humble/share/python_cmake_module/cmake)
[1.074s] -- Found PythonLibs: /usr/lib/x86_64-linux-gnu/libpython3.10.so (found suitable version "3.10.12", minimum required is "3.5") 
[1.074s] -- Using PYTHON_EXECUTABLE: /usr/bin/python3
[1.074s] -- Using PYTHON_INCLUDE_DIRS: /usr/include/python3.10
[1.074s] -- Using PYTHON_LIBRARIES: /usr/lib/x86_64-linux-gnu/libpython3.10.so
[1.089s] -- Found PythonExtra: .so  
[1.120s] -- Configuring done
[1.142s] -- Generating done
[1.150s] -- Build files have been written to: /home/vd/my_ws/build/sensor_cpp_interface
[1.154s] Invoked command in '/home/vd/my_ws/build/sensor_cpp_interface' returned '0': CMAKE_PREFIX_PATH=${CMAKE_PREFIX_PATH}:/home/vd/my_ws/install/sensor_py_pkg:/home/vd/my_ws/install/py_srvcli:/home/vd/ros2ws/install/py_pubsub:/opt/ros/humble /usr/bin/cmake /home/vd/my_ws/src/sensor_cpp_interface -DCMAKE_INSTALL_PREFIX=/home/vd/my_ws/install/sensor_cpp_interface
[1.156s] Invoking command in '/home/vd/my_ws/build/sensor_cpp_interface': CMAKE_PREFIX_PATH=${CMAKE_PREFIX_PATH}:/home/vd/my_ws/install/sensor_py_pkg:/home/vd/my_ws/install/py_srvcli:/home/vd/ros2ws/install/py_pubsub:/opt/ros/humble /usr/bin/cmake --build /home/vd/my_ws/build/sensor_cpp_interface -- -j4 -l4
[1.183s] [  2%] [34m[1mGenerating C code for ROS interfaces[0m
[1.191s] [  4%] [34m[1mGenerating C++ code for ROS interfaces[0m
[1.201s] [  4%] Built target ament_cmake_python_copy_sensor_cpp_interface
[1.506s] running egg_info
[1.506s] creating sensor_cpp_interface.egg-info
[1.506s] writing sensor_cpp_interface.egg-info/PKG-INFO
[1.506s] writing dependency_links to sensor_cpp_interface.egg-info/dependency_links.txt
[1.506s] writing top-level names to sensor_cpp_interface.egg-info/top_level.txt
[1.507s] writing manifest file 'sensor_cpp_interface.egg-info/SOURCES.txt'
[1.509s] reading manifest file 'sensor_cpp_interface.egg-info/SOURCES.txt'
[1.509s] writing manifest file 'sensor_cpp_interface.egg-info/SOURCES.txt'
[1.538s] [  4%] Built target ament_cmake_python_build_sensor_cpp_interface_egg
[1.718s] [  6%] [32mBuilding C object CMakeFiles/sensor_cpp_interface__rosidl_generator_c.dir/rosidl_generator_c/sensor_cpp_interface/msg/detail/sensor_data__functions.c.o[0m
[1.719s] [  8%] [32mBuilding C object CMakeFiles/sensor_cpp_interface__rosidl_generator_c.dir/rosidl_generator_c/sensor_cpp_interface/action/detail/fib__functions.c.o[0m
[1.722s] [ 10%] [32mBuilding C object CMakeFiles/sensor_cpp_interface__rosidl_generator_c.dir/rosidl_generator_c/sensor_cpp_interface/srv/detail/addition__functions.c.o[0m
[1.762s] [ 12%] [32m[1mLinking C shared library libsensor_cpp_interface__rosidl_generator_c.so[0m
[1.806s] [ 12%] Built target sensor_cpp_interface__rosidl_generator_c
[1.823s] [ 14%] [34m[1mGenerating C type support for eProsima Fast-RTPS[0m
[1.825s] [ 17%] [34m[1mGenerating C introspection for ROS interfaces[0m
[1.835s] [ 19%] [34m[1mGenerating C type support dispatch for ROS interfaces[0m
[2.136s] [ 19%] Built target sensor_cpp_interface__cpp
[2.156s] [ 21%] [34m[1mGenerating C++ type support dispatch for ROS interfaces[0m
[2.676s] [ 23%] [32mBuilding CXX object CMakeFiles/sensor_cpp_interface__rosidl_typesupport_c.dir/rosidl_typesupport_c/sensor_cpp_interface/msg/sensor_data__type_support.cpp.o[0m
[2.706s] [ 25%] [32mBuilding CXX object CMakeFiles/sensor_cpp_interface__rosidl_typesupport_c.dir/rosidl_typesupport_c/sensor_cpp_interface/srv/addition__type_support.cpp.o[0m
[2.740s] [ 27%] [32mBuilding CXX object CMakeFiles/sensor_cpp_interface__rosidl_typesupport_c.dir/rosidl_typesupport_c/sensor_cpp_interface/action/fib__type_support.cpp.o[0m
[2.763s] [ 29%] [32mBuilding C object CMakeFiles/sensor_cpp_interface__rosidl_typesupport_introspection_c.dir/rosidl_typesupport_introspection_c/sensor_cpp_interface/msg/detail/sensor_data__type_support.c.o[0m
[2.773s] [ 31%] [32m[1mLinking CXX shared library libsensor_cpp_interface__rosidl_typesupport_c.so[0m
[2.840s] [ 34%] [32mBuilding C object CMakeFiles/sensor_cpp_interface__rosidl_typesupport_introspection_c.dir/rosidl_typesupport_introspection_c/sensor_cpp_interface/srv/detail/addition__type_support.c.o[0m
[2.878s] [ 34%] Built target sensor_cpp_interface__rosidl_typesupport_c
[2.879s] [ 36%] [32mBuilding CXX object CMakeFiles/sensor_cpp_interface__rosidl_typesupport_cpp.dir/rosidl_typesupport_cpp/sensor_cpp_interface/msg/sensor_data__type_support.cpp.o[0m
[2.887s] [ 38%] [32mBuilding C object CMakeFiles/sensor_cpp_interface__rosidl_typesupport_introspection_c.dir/rosidl_typesupport_introspection_c/sensor_cpp_interface/action/detail/fib__type_support.c.o[0m
[2.894s] [ 40%] [34m[1mGenerating C++ type support for eProsima Fast-RTPS[0m
[2.932s] [ 42%] [32mBuilding CXX object CMakeFiles/sensor_cpp_interface__rosidl_typesupport_cpp.dir/rosidl_typesupport_cpp/sensor_cpp_interface/srv/addition__type_support.cpp.o[0m
[2.941s] [ 44%] [32m[1mLinking C shared library libsensor_cpp_interface__rosidl_typesupport_introspection_c.so[0m
[2.965s] [ 46%] [32mBuilding CXX object CMakeFiles/sensor_cpp_interface__rosidl_typesupport_cpp.dir/rosidl_typesupport_cpp/sensor_cpp_interface/action/fib__type_support.cpp.o[0m
[2.992s] [ 48%] [32mBuilding CXX object CMakeFiles/sensor_cpp_interface__rosidl_typesupport_fastrtps_c.dir/rosidl_typesupport_fastrtps_c/sensor_cpp_interface/msg/detail/sensor_data__type_support_c.cpp.o[0m
[3.004s] [ 48%] Built target sensor_cpp_interface__rosidl_typesupport_introspection_c
[3.014s] [ 51%] [32mBuilding CXX object CMakeFiles/sensor_cpp_interface__rosidl_typesupport_fastrtps_c.dir/rosidl_typesupport_fastrtps_c/sensor_cpp_interface/action/detail/fib__type_support_c.cpp.o[0m
[3.017s] [ 53%] [32m[1mLinking CXX shared library libsensor_cpp_interface__rosidl_typesupport_cpp.so[0m
[3.021s] [ 55%] [32mBuilding CXX object CMakeFiles/sensor_cpp_interface__rosidl_typesupport_fastrtps_c.dir/rosidl_typesupport_fastrtps_c/sensor_cpp_interface/srv/detail/addition__type_support_c.cpp.o[0m
[3.103s] [ 55%] Built target sensor_cpp_interface__rosidl_typesupport_cpp
[3.122s] [ 57%] [34m[1mGenerating C++ introspection for ROS interfaces[0m
[3.206s] [ 59%] [32m[1mLinking CXX shared library libsensor_cpp_interface__rosidl_typesupport_fastrtps_c.so[0m
[3.343s] [ 59%] Built target sensor_cpp_interface__rosidl_typesupport_fastrtps_c
[3.712s] [ 61%] [32mBuilding CXX object CMakeFiles/sensor_cpp_interface__rosidl_typesupport_fastrtps_cpp.dir/rosidl_typesupport_fastrtps_cpp/sensor_cpp_interface/srv/detail/dds_fastrtps/addition__type_support.cpp.o[0m
[3.723s] [ 63%] [32mBuilding CXX object CMakeFiles/sensor_cpp_interface__rosidl_typesupport_introspection_cpp.dir/rosidl_typesupport_introspection_cpp/sensor_cpp_interface/msg/detail/sensor_data__type_support.cpp.o[0m
[3.723s] [ 65%] [32mBuilding CXX object CMakeFiles/sensor_cpp_interface__rosidl_typesupport_fastrtps_cpp.dir/rosidl_typesupport_fastrtps_cpp/sensor_cpp_interface/msg/detail/dds_fastrtps/sensor_data__type_support.cpp.o[0m
[3.727s] [ 68%] [32mBuilding CXX object CMakeFiles/sensor_cpp_interface__rosidl_typesupport_fastrtps_cpp.dir/rosidl_typesupport_fastrtps_cpp/sensor_cpp_interface/action/detail/dds_fastrtps/fib__type_support.cpp.o[0m
[3.756s] [ 70%] [32mBuilding CXX object CMakeFiles/sensor_cpp_interface__rosidl_typesupport_introspection_cpp.dir/rosidl_typesupport_introspection_cpp/sensor_cpp_interface/srv/detail/addition__type_support.cpp.o[0m
[3.766s] [ 72%] [32mBuilding CXX object CMakeFiles/sensor_cpp_interface__rosidl_typesupport_introspection_cpp.dir/rosidl_typesupport_introspection_cpp/sensor_cpp_interface/action/detail/fib__type_support.cpp.o[0m
[3.782s] [ 74%] [32m[1mLinking CXX shared library libsensor_cpp_interface__rosidl_typesupport_introspection_cpp.so[0m
[3.864s] [ 76%] [32m[1mLinking CXX shared library libsensor_cpp_interface__rosidl_typesupport_fastrtps_cpp.so[0m
[3.876s] [ 76%] Built target sensor_cpp_interface__rosidl_typesupport_introspection_cpp
[3.946s] [ 76%] Built target sensor_cpp_interface__rosidl_typesupport_fastrtps_cpp
[3.962s] [ 76%] Built target sensor_cpp_interface
[3.978s] [ 78%] [34m[1mGenerating Python code for ROS interfaces[0m
[4.714s] [ 78%] Built target sensor_cpp_interface__py
[4.728s] [ 80%] [32mBuilding C object CMakeFiles/sensor_cpp_interface__rosidl_generator_py.dir/rosidl_generator_py/sensor_cpp_interface/srv/_addition_s.c.o[0m
[4.729s] [ 85%] [32mBuilding C object CMakeFiles/sensor_cpp_interface__rosidl_generator_py.dir/rosidl_generator_py/sensor_cpp_interface/msg/_sensor_data_s.c.o[0m
[4.729s] [ 85%] [32mBuilding C object CMakeFiles/sensor_cpp_interface__rosidl_generator_py.dir/rosidl_generator_py/sensor_cpp_interface/action/_fib_s.c.o[0m
[4.767s] [ 87%] [32m[1mLinking C shared library rosidl_generator_py/sensor_cpp_interface/libsensor_cpp_interface__rosidl_generator_py.so[0m
[4.799s] [ 87%] Built target sensor_cpp_interface__rosidl_generator_py
[4.815s] [ 89%] [32mBuilding C object CMakeFiles/sensor_cpp_interface__rosidl_typesupport_introspection_c__pyext.dir/rosidl_generator_py/sensor_cpp_interface/_sensor_cpp_interface_s.ep.rosidl_typesupport_introspection_c.c.o[0m
[4.815s] [ 91%] [32mBuilding C object CMakeFiles/sensor_cpp_interface__rosidl_typesupport_fastrtps_c__pyext.dir/rosidl_generator_py/sensor_cpp_interface/_sensor_cpp_interface_s.ep.rosidl_typesupport_fastrtps_c.c.o[0m
[4.816s] [ 93%] [32mBuilding C object CMakeFiles/sensor_cpp_interface__rosidl_typesupport_c__pyext.dir/rosidl_generator_py/sensor_cpp_interface/_sensor_cpp_interface_s.ep.rosidl_typesupport_c.c.o[0m
[4.827s] [ 95%] [32m[1mLinking C shared library rosidl_generator_py/sensor_cpp_interface/sensor_cpp_interface_s__rosidl_typesupport_c.cpython-310-x86_64-linux-gnu.so[0m
[4.827s] [ 97%] [32m[1mLinking C shared library rosidl_generator_py/sensor_cpp_interface/sensor_cpp_interface_s__rosidl_typesupport_introspection_c.cpython-310-x86_64-linux-gnu.so[0m
[4.827s] [100%] [32m[1mLinking C shared library rosidl_generator_py/sensor_cpp_interface/sensor_cpp_interface_s__rosidl_typesupport_fastrtps_c.cpython-310-x86_64-linux-gnu.so[0m
[4.859s] [100%] Built target sensor_cpp_interface__rosidl_typesupport_introspection_c__pyext
[4.865s] [100%] Built target sensor_cpp_interface__rosidl_typesupport_fastrtps_c__pyext
[4.866s] [100%] Built target sensor_cpp_interface__rosidl_typesupport_c__pyext
[4.874s] Invoked command in '/home/vd/my_ws/build/sensor_cpp_interface' returned '0': CMAKE_PREFIX_PATH=${CMAKE_PREFIX_PATH}:/home/vd/my_ws/install/sensor_py_pkg:/home/vd/my_ws/install/py_srvcli:/home/vd/ros2ws/install/py_pubsub:/opt/ros/humble /usr/bin/cmake --build /home/vd/my_ws/build/sensor_cpp_interface -- -j4 -l4
[4.882s] Invoking command in '/home/vd/my_ws/build/sensor_cpp_interface': CMAKE_PREFIX_PATH=${CMAKE_PREFIX_PATH}:/home/vd/my_ws/install/sensor_py_pkg:/home/vd/my_ws/install/py_srvcli:/home/vd/ros2ws/install/py_pubsub:/opt/ros/humble /usr/bin/cmake --install /home/vd/my_ws/build/sensor_cpp_interface
[4.887s] -- Install configuration: ""
[4.887s] -- Installing: /home/vd/my_ws/install/sensor_cpp_interface/share/ament_index/resource_index/rosidl_interfaces/sensor_cpp_interface
[4.887s] -- Installing: /home/vd/my_ws/install/sensor_cpp_interface/include/sensor_cpp_interface/sensor_cpp_interface
[4.888s] -- Installing: /home/vd/my_ws/install/sensor_cpp_interface/include/sensor_cpp_interface/sensor_cpp_interface/action
[4.888s] -- Installing: /home/vd/my_ws/install/sensor_cpp_interface/include/sensor_cpp_interface/sensor_cpp_interface/action/detail
[4.888s] -- Installing: /home/vd/my_ws/install/sensor_cpp_interface/include/sensor_cpp_interface/sensor_cpp_interface/action/detail/fib__struct.h
[4.888s] -- Installing: /home/vd/my_ws/install/sensor_cpp_interface/include/sensor_cpp_interface/sensor_cpp_interface/action/detail/fib__type_support.h
[4.888s] -- Installing: /home/vd/my_ws/install/sensor_cpp_interface/include/sensor_cpp_interface/sensor_cpp_interface/action/detail/fib__functions.h
[4.888s] -- Installing: /home/vd/my_ws/install/sensor_cpp_interface/include/sensor_cpp_interface/sensor_cpp_interface/action/detail/fib__functions.c
[4.888s] -- Installing: /home/vd/my_ws/install/sensor_cpp_interface/include/sensor_cpp_interface/sensor_cpp_interface/action/fib.h
[4.888s] -- Installing: /home/vd/my_ws/install/sensor_cpp_interface/include/sensor_cpp_interface/sensor_cpp_interface/msg
[4.888s] -- Installing: /home/vd/my_ws/install/sensor_cpp_interface/include/sensor_cpp_interface/sensor_cpp_interface/msg/rosidl_generator_c__visibility_control.h
[4.888s] -- Installing: /home/vd/my_ws/install/sensor_cpp_interface/include/sensor_cpp_interface/sensor_cpp_interface/msg/sensor_data.h
[4.888s] -- Installing: /home/vd/my_ws/install/sensor_cpp_interface/include/sensor_cpp_interface/sensor_cpp_interface/msg/detail
[4.888s] -- Installing: /home/vd/my_ws/install/sensor_cpp_interface/include/sensor_cpp_interface/sensor_cpp_interface/msg/detail/sensor_data__functions.c
[4.889s] -- Installing: /home/vd/my_ws/install/sensor_cpp_interface/include/sensor_cpp_interface/sensor_cpp_interface/msg/detail/sensor_data__struct.h
[4.889s] -- Installing: /home/vd/my_ws/install/sensor_cpp_interface/include/sensor_cpp_interface/sensor_cpp_interface/msg/detail/sensor_data__type_support.h
[4.889s] -- Installing: /home/vd/my_ws/install/sensor_cpp_interface/include/sensor_cpp_interface/sensor_cpp_interface/msg/detail/sensor_data__functions.h
[4.889s] -- Installing: /home/vd/my_ws/install/sensor_cpp_interface/include/sensor_cpp_interface/sensor_cpp_interface/srv
[4.889s] -- Installing: /home/vd/my_ws/install/sensor_cpp_interface/include/sensor_cpp_interface/sensor_cpp_interface/srv/addition.h
[4.889s] -- Installing: /home/vd/my_ws/install/sensor_cpp_interface/include/sensor_cpp_interface/sensor_cpp_interface/srv/detail
[4.889s] -- Installing: /home/vd/my_ws/install/sensor_cpp_interface/include/sensor_cpp_interface/sensor_cpp_interface/srv/detail/addition__type_support.h
[4.889s] -- Installing: /home/vd/my_ws/install/sensor_cpp_interface/include/sensor_cpp_interface/sensor_cpp_interface/srv/detail/addition__functions.c
[4.889s] -- Installing: /home/vd/my_ws/install/sensor_cpp_interface/include/sensor_cpp_interface/sensor_cpp_interface/srv/detail/addition__functions.h
[4.889s] -- Installing: /home/vd/my_ws/install/sensor_cpp_interface/include/sensor_cpp_interface/sensor_cpp_interface/srv/detail/addition__struct.h
[4.889s] -- Installing: /home/vd/my_ws/install/sensor_cpp_interface/share/sensor_cpp_interface/environment/library_path.sh
[4.890s] -- Installing: /home/vd/my_ws/install/sensor_cpp_interface/share/sensor_cpp_interface/environment/library_path.dsv
[4.890s] -- Installing: /home/vd/my_ws/install/sensor_cpp_interface/lib/libsensor_cpp_interface__rosidl_generator_c.so
[4.890s] -- Set runtime path of "/home/vd/my_ws/install/sensor_cpp_interface/lib/libsensor_cpp_interface__rosidl_generator_c.so" to ""
[4.890s] -- Up-to-date: /home/vd/my_ws/install/sensor_cpp_interface/include/sensor_cpp_interface/sensor_cpp_interface
[4.890s] -- Up-to-date: /home/vd/my_ws/install/sensor_cpp_interface/include/sensor_cpp_interface/sensor_cpp_interface/action
[4.890s] -- Up-to-date: /home/vd/my_ws/install/sensor_cpp_interface/include/sensor_cpp_interface/sensor_cpp_interface/action/detail
[4.890s] -- Installing: /home/vd/my_ws/install/sensor_cpp_interface/include/sensor_cpp_interface/sensor_cpp_interface/action/detail/fib__rosidl_typesupport_fastrtps_c.h
[4.890s] -- Up-to-date: /home/vd/my_ws/install/sensor_cpp_interface/include/sensor_cpp_interface/sensor_cpp_interface/msg
[4.890s] -- Installing: /home/vd/my_ws/install/sensor_cpp_interface/include/sensor_cpp_interface/sensor_cpp_interface/msg/rosidl_typesupport_fastrtps_c__visibility_control.h
[4.890s] -- Up-to-date: /home/vd/my_ws/install/sensor_cpp_interface/include/sensor_cpp_interface/sensor_cpp_interface/msg/detail
[4.891s] -- Installing: /home/vd/my_ws/install/sensor_cpp_interface/include/sensor_cpp_interface/sensor_cpp_interface/msg/detail/sensor_data__rosidl_typesupport_fastrtps_c.h
[4.891s] -- Up-to-date: /home/vd/my_ws/install/sensor_cpp_interface/include/sensor_cpp_interface/sensor_cpp_interface/srv
[4.891s] -- Up-to-date: /home/vd/my_ws/install/sensor_cpp_interface/include/sensor_cpp_interface/sensor_cpp_interface/srv/detail
[4.891s] -- Installing: /home/vd/my_ws/install/sensor_cpp_interface/include/sensor_cpp_interface/sensor_cpp_interface/srv/detail/addition__rosidl_typesupport_fastrtps_c.h
[4.891s] -- Installing: /home/vd/my_ws/install/sensor_cpp_interface/lib/libsensor_cpp_interface__rosidl_typesupport_fastrtps_c.so
[4.891s] -- Set runtime path of "/home/vd/my_ws/install/sensor_cpp_interface/lib/libsensor_cpp_interface__rosidl_typesupport_fastrtps_c.so" to ""
[4.891s] -- Up-to-date: /home/vd/my_ws/install/sensor_cpp_interface/include/sensor_cpp_interface/sensor_cpp_interface
[4.891s] -- Up-to-date: /home/vd/my_ws/install/sensor_cpp_interface/include/sensor_cpp_interface/sensor_cpp_interface/action
[4.891s] -- Up-to-date: /home/vd/my_ws/install/sensor_cpp_interface/include/sensor_cpp_interface/sensor_cpp_interface/action/detail
[4.891s] -- Installing: /home/vd/my_ws/install/sensor_cpp_interface/include/sensor_cpp_interface/sensor_cpp_interface/action/detail/fib__rosidl_typesupport_introspection_c.h
[4.891s] -- Installing: /home/vd/my_ws/install/sensor_cpp_interface/include/sensor_cpp_interface/sensor_cpp_interface/action/detail/fib__type_support.c
[4.891s] -- Up-to-date: /home/vd/my_ws/install/sensor_cpp_interface/include/sensor_cpp_interface/sensor_cpp_interface/msg
[4.891s] -- Installing: /home/vd/my_ws/install/sensor_cpp_interface/include/sensor_cpp_interface/sensor_cpp_interface/msg/rosidl_typesupport_introspection_c__visibility_control.h
[4.891s] -- Up-to-date: /home/vd/my_ws/install/sensor_cpp_interface/include/sensor_cpp_interface/sensor_cpp_interface/msg/detail
[4.892s] -- Installing: /home/vd/my_ws/install/sensor_cpp_interface/include/sensor_cpp_interface/sensor_cpp_interface/msg/detail/sensor_data__rosidl_typesupport_introspection_c.h
[4.892s] -- Installing: /home/vd/my_ws/install/sensor_cpp_interface/include/sensor_cpp_interface/sensor_cpp_interface/msg/detail/sensor_data__type_support.c
[4.892s] -- Up-to-date: /home/vd/my_ws/install/sensor_cpp_interface/include/sensor_cpp_interface/sensor_cpp_interface/srv
[4.892s] -- Up-to-date: /home/vd/my_ws/install/sensor_cpp_interface/include/sensor_cpp_interface/sensor_cpp_interface/srv/detail
[4.892s] -- Installing: /home/vd/my_ws/install/sensor_cpp_interface/include/sensor_cpp_interface/sensor_cpp_interface/srv/detail/addition__rosidl_typesupport_introspection_c.h
[4.892s] -- Installing: /home/vd/my_ws/install/sensor_cpp_interface/include/sensor_cpp_interface/sensor_cpp_interface/srv/detail/addition__type_support.c
[4.892s] -- Installing: /home/vd/my_ws/install/sensor_cpp_interface/lib/libsensor_cpp_interface__rosidl_typesupport_introspection_c.so
[4.892s] -- Set runtime path of "/home/vd/my_ws/install/sensor_cpp_interface/lib/libsensor_cpp_interface__rosidl_typesupport_introspection_c.so" to ""
[4.892s] -- Installing: /home/vd/my_ws/install/sensor_cpp_interface/lib/libsensor_cpp_interface__rosidl_typesupport_c.so
[4.892s] -- Set runtime path of "/home/vd/my_ws/install/sensor_cpp_interface/lib/libsensor_cpp_interface__rosidl_typesupport_c.so" to ""
[4.892s] -- Up-to-date: /home/vd/my_ws/install/sensor_cpp_interface/include/sensor_cpp_interface/sensor_cpp_interface
[4.893s] -- Up-to-date: /home/vd/my_ws/install/sensor_cpp_interface/include/sensor_cpp_interface/sensor_cpp_interface/action
[4.893s] -- Installing: /home/vd/my_ws/install/sensor_cpp_interface/include/sensor_cpp_interface/sensor_cpp_interface/action/fib.hpp
[4.893s] -- Up-to-date: /home/vd/my_ws/install/sensor_cpp_interface/include/sensor_cpp_interface/sensor_cpp_interface/action/detail
[4.893s] -- Installing: /home/vd/my_ws/install/sensor_cpp_interface/include/sensor_cpp_interface/sensor_cpp_interface/action/detail/fib__builder.hpp
[4.893s] -- Installing: /home/vd/my_ws/install/sensor_cpp_interface/include/sensor_cpp_interface/sensor_cpp_interface/action/detail/fib__traits.hpp
[4.893s] -- Installing: /home/vd/my_ws/install/sensor_cpp_interface/include/sensor_cpp_interface/sensor_cpp_interface/action/detail/fib__struct.hpp
[4.893s] -- Up-to-date: /home/vd/my_ws/install/sensor_cpp_interface/include/sensor_cpp_interface/sensor_cpp_interface/msg
[4.893s] -- Up-to-date: /home/vd/my_ws/install/sensor_cpp_interface/include/sensor_cpp_interface/sensor_cpp_interface/msg/detail
[4.893s] -- Installing: /home/vd/my_ws/install/sensor_cpp_interface/include/sensor_cpp_interface/sensor_cpp_interface/msg/detail/sensor_data__struct.hpp
[4.893s] -- Installing: /home/vd/my_ws/install/sensor_cpp_interface/include/sensor_cpp_interface/sensor_cpp_interface/msg/detail/sensor_data__traits.hpp
[4.893s] -- Installing: /home/vd/my_ws/install/sensor_cpp_interface/include/sensor_cpp_interface/sensor_cpp_interface/msg/detail/sensor_data__builder.hpp
[4.893s] -- Installing: /home/vd/my_ws/install/sensor_cpp_interface/include/sensor_cpp_interface/sensor_cpp_interface/msg/sensor_data.hpp
[4.893s] -- Up-to-date: /home/vd/my_ws/install/sensor_cpp_interface/include/sensor_cpp_interface/sensor_cpp_interface/srv
[4.893s] -- Installing: /home/vd/my_ws/install/sensor_cpp_interface/include/sensor_cpp_interface/sensor_cpp_interface/srv/addition.hpp
[4.894s] -- Up-to-date: /home/vd/my_ws/install/sensor_cpp_interface/include/sensor_cpp_interface/sensor_cpp_interface/srv/detail
[4.894s] -- Installing: /home/vd/my_ws/install/sensor_cpp_interface/include/sensor_cpp_interface/sensor_cpp_interface/srv/detail/addition__builder.hpp
[4.894s] -- Installing: /home/vd/my_ws/install/sensor_cpp_interface/include/sensor_cpp_interface/sensor_cpp_interface/srv/detail/addition__struct.hpp
[4.894s] -- Installing: /home/vd/my_ws/install/sensor_cpp_interface/include/sensor_cpp_interface/sensor_cpp_interface/srv/detail/addition__traits.hpp
[4.894s] -- Up-to-date: /home/vd/my_ws/install/sensor_cpp_interface/include/sensor_cpp_interface/sensor_cpp_interface
[4.894s] -- Up-to-date: /home/vd/my_ws/install/sensor_cpp_interface/include/sensor_cpp_interface/sensor_cpp_interface/action
[4.894s] -- Up-to-date: /home/vd/my_ws/install/sensor_cpp_interface/include/sensor_cpp_interface/sensor_cpp_interface/action/detail
[4.894s] -- Installing: /home/vd/my_ws/install/sensor_cpp_interface/include/sensor_cpp_interface/sensor_cpp_interface/action/detail/dds_fastrtps
[4.894s] -- Installing: /home/vd/my_ws/install/sensor_cpp_interface/include/sensor_cpp_interface/sensor_cpp_interface/action/detail/fib__rosidl_typesupport_fastrtps_cpp.hpp
[4.894s] -- Up-to-date: /home/vd/my_ws/install/sensor_cpp_interface/include/sensor_cpp_interface/sensor_cpp_interface/msg
[4.894s] -- Installing: /home/vd/my_ws/install/sensor_cpp_interface/include/sensor_cpp_interface/sensor_cpp_interface/msg/rosidl_typesupport_fastrtps_cpp__visibility_control.h
[4.894s] -- Up-to-date: /home/vd/my_ws/install/sensor_cpp_interface/include/sensor_cpp_interface/sensor_cpp_interface/msg/detail
[4.894s] -- Installing: /home/vd/my_ws/install/sensor_cpp_interface/include/sensor_cpp_interface/sensor_cpp_interface/msg/detail/dds_fastrtps
[4.894s] -- Installing: /home/vd/my_ws/install/sensor_cpp_interface/include/sensor_cpp_interface/sensor_cpp_interface/msg/detail/sensor_data__rosidl_typesupport_fastrtps_cpp.hpp
[4.895s] -- Up-to-date: /home/vd/my_ws/install/sensor_cpp_interface/include/sensor_cpp_interface/sensor_cpp_interface/srv
[4.895s] -- Up-to-date: /home/vd/my_ws/install/sensor_cpp_interface/include/sensor_cpp_interface/sensor_cpp_interface/srv/detail
[4.895s] -- Installing: /home/vd/my_ws/install/sensor_cpp_interface/include/sensor_cpp_interface/sensor_cpp_interface/srv/detail/dds_fastrtps
[4.895s] -- Installing: /home/vd/my_ws/install/sensor_cpp_interface/include/sensor_cpp_interface/sensor_cpp_interface/srv/detail/addition__rosidl_typesupport_fastrtps_cpp.hpp
[4.895s] -- Installing: /home/vd/my_ws/install/sensor_cpp_interface/lib/libsensor_cpp_interface__rosidl_typesupport_fastrtps_cpp.so
[4.895s] -- Set runtime path of "/home/vd/my_ws/install/sensor_cpp_interface/lib/libsensor_cpp_interface__rosidl_typesupport_fastrtps_cpp.so" to ""
[4.895s] -- Up-to-date: /home/vd/my_ws/install/sensor_cpp_interface/include/sensor_cpp_interface/sensor_cpp_interface
[4.895s] -- Up-to-date: /home/vd/my_ws/install/sensor_cpp_interface/include/sensor_cpp_interface/sensor_cpp_interface/action
[4.895s] -- Up-to-date: /home/vd/my_ws/install/sensor_cpp_interface/include/sensor_cpp_interface/sensor_cpp_interface/action/detail
[4.895s] -- Installing: /home/vd/my_ws/install/sensor_cpp_interface/include/sensor_cpp_interface/sensor_cpp_interface/action/detail/fib__rosidl_typesupport_introspection_cpp.hpp
[4.895s] -- Installing: /home/vd/my_ws/install/sensor_cpp_interface/include/sensor_cpp_interface/sensor_cpp_interface/action/detail/fib__type_support.cpp
[4.895s] -- Up-to-date: /home/vd/my_ws/install/sensor_cpp_interface/include/sensor_cpp_interface/sensor_cpp_interface/msg
[4.895s] -- Up-to-date: /home/vd/my_ws/install/sensor_cpp_interface/include/sensor_cpp_interface/sensor_cpp_interface/msg/detail
[4.895s] -- Installing: /home/vd/my_ws/install/sensor_cpp_interface/include/sensor_cpp_interface/sensor_cpp_interface/msg/detail/sensor_data__rosidl_typesupport_introspection_cpp.hpp
[4.896s] -- Installing: /home/vd/my_ws/install/sensor_cpp_interface/include/sensor_cpp_interface/sensor_cpp_interface/msg/detail/sensor_data__type_support.cpp
[4.896s] -- Up-to-date: /home/vd/my_ws/install/sensor_cpp_interface/include/sensor_cpp_interface/sensor_cpp_interface/srv
[4.896s] -- Up-to-date: /home/vd/my_ws/install/sensor_cpp_interface/include/sensor_cpp_interface/sensor_cpp_interface/srv/detail
[4.896s] -- Installing: /home/vd/my_ws/install/sensor_cpp_interface/include/sensor_cpp_interface/sensor_cpp_interface/srv/detail/addition__rosidl_typesupport_introspection_cpp.hpp
[4.896s] -- Installing: /home/vd/my_ws/install/sensor_cpp_interface/include/sensor_cpp_interface/sensor_cpp_interface/srv/detail/addition__type_support.cpp
[4.896s] -- Installing: /home/vd/my_ws/install/sensor_cpp_interface/lib/libsensor_cpp_interface__rosidl_typesupport_introspection_cpp.so
[4.896s] -- Set runtime path of "/home/vd/my_ws/install/sensor_cpp_interface/lib/libsensor_cpp_interface__rosidl_typesupport_introspection_cpp.so" to ""
[4.896s] -- Installing: /home/vd/my_ws/install/sensor_cpp_interface/lib/libsensor_cpp_interface__rosidl_typesupport_cpp.so
[4.896s] -- Set runtime path of "/home/vd/my_ws/install/sensor_cpp_interface/lib/libsensor_cpp_interface__rosidl_typesupport_cpp.so" to ""
[4.896s] -- Installing: /home/vd/my_ws/install/sensor_cpp_interface/share/sensor_cpp_interface/environment/pythonpath.sh
[4.896s] -- Installing: /home/vd/my_ws/install/sensor_cpp_interface/share/sensor_cpp_interface/environment/pythonpath.dsv
[4.897s] -- Installing: /home/vd/my_ws/install/sensor_cpp_interface/local/lib/python3.10/dist-packages/sensor_cpp_interface-0.0.0-py3.10.egg-info
[4.897s] -- Installing: /home/vd/my_ws/install/sensor_cpp_interface/local/lib/python3.10/dist-packages/sensor_cpp_interface-0.0.0-py3.10.egg-info/SOURCES.txt
[4.897s] -- Installing: /home/vd/my_ws/install/sensor_cpp_interface/local/lib/python3.10/dist-packages/sensor_cpp_interface-0.0.0-py3.10.egg-info/PKG-INFO
[4.897s] -- Installing: /home/vd/my_ws/install/sensor_cpp_interface/local/lib/python3.10/dist-packages/sensor_cpp_interface-0.0.0-py3.10.egg-info/top_level.txt
[4.897s] -- Installing: /home/vd/my_ws/install/sensor_cpp_interface/local/lib/python3.10/dist-packages/sensor_cpp_interface-0.0.0-py3.10.egg-info/dependency_links.txt
[4.897s] -- Installing: /home/vd/my_ws/install/sensor_cpp_interface/local/lib/python3.10/dist-packages/sensor_cpp_interface
[4.897s] -- Installing: /home/vd/my_ws/install/sensor_cpp_interface/local/lib/python3.10/dist-packages/sensor_cpp_interface/sensor_cpp_interface_s__rosidl_typesupport_c.cpython-310-x86_64-linux-gnu.so
[4.897s] -- Installing: /home/vd/my_ws/install/sensor_cpp_interface/local/lib/python3.10/dist-packages/sensor_cpp_interface/sensor_cpp_interface_s__rosidl_typesupport_introspection_c.cpython-310-x86_64-linux-gnu.so
[4.897s] -- Installing: /home/vd/my_ws/install/sensor_cpp_interface/local/lib/python3.10/dist-packages/sensor_cpp_interface/_sensor_cpp_interface_s.ep.rosidl_typesupport_c.c
[4.897s] -- Installing: /home/vd/my_ws/install/sensor_cpp_interface/local/lib/python3.10/dist-packages/sensor_cpp_interface/_sensor_cpp_interface_s.ep.rosidl_typesupport_fastrtps_c.c
[4.897s] -- Installing: /home/vd/my_ws/install/sensor_cpp_interface/local/lib/python3.10/dist-packages/sensor_cpp_interface/libsensor_cpp_interface__rosidl_generator_py.so
[4.898s] -- Installing: /home/vd/my_ws/install/sensor_cpp_interface/local/lib/python3.10/dist-packages/sensor_cpp_interface/_sensor_cpp_interface_s.ep.rosidl_typesupport_introspection_c.c
[4.898s] -- Installing: /home/vd/my_ws/install/sensor_cpp_interface/local/lib/python3.10/dist-packages/sensor_cpp_interface/action
[4.898s] -- Installing: /home/vd/my_ws/install/sensor_cpp_interface/local/lib/python3.10/dist-packages/sensor_cpp_interface/action/_fib_s.c
[4.898s] -- Installing: /home/vd/my_ws/install/sensor_cpp_interface/local/lib/python3.10/dist-packages/sensor_cpp_interface/action/__init__.py
[4.898s] -- Installing: /home/vd/my_ws/install/sensor_cpp_interface/local/lib/python3.10/dist-packages/sensor_cpp_interface/action/_fib.py
[4.898s] -- Installing: /home/vd/my_ws/install/sensor_cpp_interface/local/lib/python3.10/dist-packages/sensor_cpp_interface/__init__.py
[4.898s] -- Installing: /home/vd/my_ws/install/sensor_cpp_interface/local/lib/python3.10/dist-packages/sensor_cpp_interface/msg
[4.898s] -- Installing: /home/vd/my_ws/install/sensor_cpp_interface/local/lib/python3.10/dist-packages/sensor_cpp_interface/msg/_sensor_data_s.c
[4.898s] -- Installing: /home/vd/my_ws/install/sensor_cpp_interface/local/lib/python3.10/dist-packages/sensor_cpp_interface/msg/_sensor_data.py
[4.898s] -- Installing: /home/vd/my_ws/install/sensor_cpp_interface/local/lib/python3.10/dist-packages/sensor_cpp_interface/msg/__init__.py
[4.898s] -- Installing: /home/vd/my_ws/install/sensor_cpp_interface/local/lib/python3.10/dist-packages/sensor_cpp_interface/sensor_cpp_interface_s__rosidl_typesupport_fastrtps_c.cpython-310-x86_64-linux-gnu.so
[4.898s] -- Installing: /home/vd/my_ws/install/sensor_cpp_interface/local/lib/python3.10/dist-packages/sensor_cpp_interface/srv
[4.898s] -- Installing: /home/vd/my_ws/install/sensor_cpp_interface/local/lib/python3.10/dist-packages/sensor_cpp_interface/srv/_addition_s.c
[4.898s] -- Installing: /home/vd/my_ws/install/sensor_cpp_interface/local/lib/python3.10/dist-packages/sensor_cpp_interface/srv/__init__.py
[4.898s] -- Installing: /home/vd/my_ws/install/sensor_cpp_interface/local/lib/python3.10/dist-packages/sensor_cpp_interface/srv/_addition.py
[4.928s] Listing '/home/vd/my_ws/install/sensor_cpp_interface/local/lib/python3.10/dist-packages/sensor_cpp_interface'...
[4.928s] Compiling '/home/vd/my_ws/install/sensor_cpp_interface/local/lib/python3.10/dist-packages/sensor_cpp_interface/__init__.py'...
[4.928s] Listing '/home/vd/my_ws/install/sensor_cpp_interface/local/lib/python3.10/dist-packages/sensor_cpp_interface/action'...
[4.928s] Compiling '/home/vd/my_ws/install/sensor_cpp_interface/local/lib/python3.10/dist-packages/sensor_cpp_interface/action/__init__.py'...
[4.928s] Compiling '/home/vd/my_ws/install/sensor_cpp_interface/local/lib/python3.10/dist-packages/sensor_cpp_interface/action/_fib.py'...
[4.928s] Listing '/home/vd/my_ws/install/sensor_cpp_interface/local/lib/python3.10/dist-packages/sensor_cpp_interface/msg'...
[4.928s] Compiling '/home/vd/my_ws/install/sensor_cpp_interface/local/lib/python3.10/dist-packages/sensor_cpp_interface/msg/__init__.py'...
[4.928s] Compiling '/home/vd/my_ws/install/sensor_cpp_interface/local/lib/python3.10/dist-packages/sensor_cpp_interface/msg/_sensor_data.py'...
[4.928s] Listing '/home/vd/my_ws/install/sensor_cpp_interface/local/lib/python3.10/dist-packages/sensor_cpp_interface/srv'...
[4.928s] Compiling '/home/vd/my_ws/install/sensor_cpp_interface/local/lib/python3.10/dist-packages/sensor_cpp_interface/srv/__init__.py'...
[4.928s] Compiling '/home/vd/my_ws/install/sensor_cpp_interface/local/lib/python3.10/dist-packages/sensor_cpp_interface/srv/_addition.py'...
[4.931s] -- Installing: /home/vd/my_ws/install/sensor_cpp_interface/local/lib/python3.10/dist-packages/sensor_cpp_interface/sensor_cpp_interface_s__rosidl_typesupport_fastrtps_c.cpython-310-x86_64-linux-gnu.so
[4.932s] -- Set runtime path of "/home/vd/my_ws/install/sensor_cpp_interface/local/lib/python3.10/dist-packages/sensor_cpp_interface/sensor_cpp_interface_s__rosidl_typesupport_fastrtps_c.cpython-310-x86_64-linux-gnu.so" to ""
[4.932s] -- Installing: /home/vd/my_ws/install/sensor_cpp_interface/local/lib/python3.10/dist-packages/sensor_cpp_interface/sensor_cpp_interface_s__rosidl_typesupport_introspection_c.cpython-310-x86_64-linux-gnu.so
[4.932s] -- Set runtime path of "/home/vd/my_ws/install/sensor_cpp_interface/local/lib/python3.10/dist-packages/sensor_cpp_interface/sensor_cpp_interface_s__rosidl_typesupport_introspection_c.cpython-310-x86_64-linux-gnu.so" to ""
[4.932s] -- Installing: /home/vd/my_ws/install/sensor_cpp_interface/local/lib/python3.10/dist-packages/sensor_cpp_interface/sensor_cpp_interface_s__rosidl_typesupport_c.cpython-310-x86_64-linux-gnu.so
[4.932s] -- Set runtime path of "/home/vd/my_ws/install/sensor_cpp_interface/local/lib/python3.10/dist-packages/sensor_cpp_interface/sensor_cpp_interface_s__rosidl_typesupport_c.cpython-310-x86_64-linux-gnu.so" to ""
[4.932s] -- Installing: /home/vd/my_ws/install/sensor_cpp_interface/lib/libsensor_cpp_interface__rosidl_generator_py.so
[4.933s] -- Set runtime path of "/home/vd/my_ws/install/sensor_cpp_interface/lib/libsensor_cpp_interface__rosidl_generator_py.so" to ""
[4.933s] -- Installing: /home/vd/my_ws/install/sensor_cpp_interface/share/sensor_cpp_interface/msg/SensorData.idl
[4.933s] -- Installing: /home/vd/my_ws/install/sensor_cpp_interface/share/sensor_cpp_interface/srv/Addition.idl
[4.933s] -- Installing: /home/vd/my_ws/install/sensor_cpp_interface/share/sensor_cpp_interface/action/Fib.idl
[4.933s] -- Installing: /home/vd/my_ws/install/sensor_cpp_interface/share/sensor_cpp_interface/msg/SensorData.msg
[4.933s] -- Installing: /home/vd/my_ws/install/sensor_cpp_interface/share/sensor_cpp_interface/srv/Addition.srv
[4.933s] -- Installing: /home/vd/my_ws/install/sensor_cpp_interface/share/sensor_cpp_interface/srv/Addition_Request.msg
[4.933s] -- Installing: /home/vd/my_ws/install/sensor_cpp_interface/share/sensor_cpp_interface/srv/Addition_Response.msg
[4.933s] -- Installing: /home/vd/my_ws/install/sensor_cpp_interface/share/sensor_cpp_interface/action/Fib.action
[4.933s] -- Installing: /home/vd/my_ws/install/sensor_cpp_interface/share/ament_index/resource_index/package_run_dependencies/sensor_cpp_interface
[4.934s] -- Installing: /home/vd/my_ws/install/sensor_cpp_interface/share/ament_index/resource_index/parent_prefix_path/sensor_cpp_interface
[4.934s] -- Installing: /home/vd/my_ws/install/sensor_cpp_interface/share/sensor_cpp_interface/environment/ament_prefix_path.sh
[4.934s] -- Installing: /home/vd/my_ws/install/sensor_cpp_interface/share/sensor_cpp_interface/environment/ament_prefix_path.dsv
[4.934s] -- Installing: /home/vd/my_ws/install/sensor_cpp_interface/share/sensor_cpp_interface/environment/path.sh
[4.934s] -- Installing: /home/vd/my_ws/install/sensor_cpp_interface/share/sensor_cpp_interface/environment/path.dsv
[4.934s] -- Installing: /home/vd/my_ws/install/sensor_cpp_interface/share/sensor_cpp_interface/local_setup.bash
[4.934s] -- Installing: /home/vd/my_ws/install/sensor_cpp_interface/share/sensor_cpp_interface/local_setup.sh
[4.934s] -- Installing: /home/vd/my_ws/install/sensor_cpp_interface/share/sensor_cpp_interface/local_setup.zsh
[4.934s] -- Installing: /home/vd/my_ws/install/sensor_cpp_interface/share/sensor_cpp_interface/local_setup.dsv
[4.935s] -- Installing: /home/vd/my_ws/install/sensor_cpp_interface/share/sensor_cpp_interface/package.dsv
[4.935s] -- Installing: /home/vd/my_ws/install/sensor_cpp_interface/share/ament_index/resource_index/packages/sensor_cpp_interface
[4.935s] -- Installing: /home/vd/my_ws/install/sensor_cpp_interface/share/sensor_cpp_interface/cmake/export_sensor_cpp_interface__rosidl_generator_cExport.cmake
[4.935s] -- Installing: /home/vd/my_ws/install/sensor_cpp_interface/share/sensor_cpp_interface/cmake/export_sensor_cpp_interface__rosidl_generator_cExport-noconfig.cmake
[4.935s] -- Installing: /home/vd/my_ws/install/sensor_cpp_interface/share/sensor_cpp_interface/cmake/export_sensor_cpp_interface__rosidl_typesupport_fastrtps_cExport.cmake
[4.935s] -- Installing: /home/vd/my_ws/install/sensor_cpp_interface/share/sensor_cpp_interface/cmake/export_sensor_cpp_interface__rosidl_typesupport_fastrtps_cExport-noconfig.cmake
[4.935s] -- Installing: /home/vd/my_ws/install/sensor_cpp_interface/share/sensor_cpp_interface/cmake/sensor_cpp_interface__rosidl_typesupport_introspection_cExport.cmake
[4.935s] -- Installing: /home/vd/my_ws/install/sensor_cpp_interface/share/sensor_cpp_interface/cmake/sensor_cpp_interface__rosidl_typesupport_introspection_cExport-noconfig.cmake
[4.935s] -- Installing: /home/vd/my_ws/install/sensor_cpp_interface/share/sensor_cpp_interface/cmake/sensor_cpp_interface__rosidl_typesupport_cExport.cmake
[4.935s] -- Installing: /home/vd/my_ws/install/sensor_cpp_interface/share/sensor_cpp_interface/cmake/sensor_cpp_interface__rosidl_typesupport_cExport-noconfig.cmake
[4.936s] -- Installing: /home/vd/my_ws/install/sensor_cpp_interface/share/sensor_cpp_interface/cmake/export_sensor_cpp_interface__rosidl_generator_cppExport.cmake
[4.936s] -- Installing: /home/vd/my_ws/install/sensor_cpp_interface/share/sensor_cpp_interface/cmake/export_sensor_cpp_interface__rosidl_typesupport_fastrtps_cppExport.cmake
[4.936s] -- Installing: /home/vd/my_ws/install/sensor_cpp_interface/share/sensor_cpp_interface/cmake/export_sensor_cpp_interface__rosidl_typesupport_fastrtps_cppExport-noconfig.cmake
[4.936s] -- Installing: /home/vd/my_ws/install/sensor_cpp_interface/share/sensor_cpp_interface/cmake/sensor_cpp_interface__rosidl_typesupport_introspection_cppExport.cmake
[4.936s] -- Installing: /home/vd/my_ws/install/sensor_cpp_interface/share/sensor_cpp_interface/cmake/sensor_cpp_interface__rosidl_typesupport_introspection_cppExport-noconfig.cmake
[4.936s] -- Installing: /home/vd/my_ws/install/sensor_cpp_interface/share/sensor_cpp_interface/cmake/sensor_cpp_interface__rosidl_typesupport_cppExport.cmake
[4.936s] -- Installing: /home/vd/my_ws/install/sensor_cpp_interface/share/sensor_cpp_interface/cmake/sensor_cpp_interface__rosidl_typesupport_cppExport-noconfig.cmake
[4.936s] -- Installing: /home/vd/my_ws/install/sensor_cpp_interface/share/sensor_cpp_interface/cmake/export_sensor_cpp_interface__rosidl_generator_pyExport.cmake
[4.936s] -- Installing: /home/vd/my_ws/install/sensor_cpp_interface/share/sensor_cpp_interface/cmake/export_sensor_cpp_interface__rosidl_generator_pyExport-noconfig.cmake
[4.937s] -- Installing: /home/vd/my_ws/install/sensor_cpp_interface/share/sensor_cpp_interface/cmake/rosidl_cmake-extras.cmake
[4.937s] -- Installing: /home/vd/my_ws/install/sensor_cpp_interface/share/sensor_cpp_interface/cmake/ament_cmake_export_dependencies-extras.cmake
[4.937s] -- Installing: /home/vd/my_ws/install/sensor_cpp_interface/share/sensor_cpp_interface/cmake/ament_cmake_export_include_directories-extras.cmake
[4.937s] -- Installing: /home/vd/my_ws/install/sensor_cpp_interface/share/sensor_cpp_interface/cmake/ament_cmake_export_libraries-extras.cmake
[4.937s] -- Installing: /home/vd/my_ws/install/sensor_cpp_interface/share/sensor_cpp_interface/cmake/ament_cmake_export_targets-extras.cmake
[4.937s] -- Installing: /home/vd/my_ws/install/sensor_cpp_interface/share/sensor_cpp_interface/cmake/rosidl_cmake_export_typesupport_targets-extras.cmake
[4.937s] -- Installing: /home/vd/my_ws/install/sensor_cpp_interface/share/sensor_cpp_interface/cmake/rosidl_cmake_export_typesupport_libraries-extras.cmake
[4.937s] -- Installing: /home/vd/my_ws/install/sensor_cpp_interface/share/sensor_cpp_interface/cmake/sensor_cpp_interfaceConfig.cmake
[4.937s] -- Installing: /home/vd/my_ws/install/sensor_cpp_interface/share/sensor_cpp_interface/cmake/sensor_cpp_interfaceConfig-version.cmake
[4.937s] -- Installing: /home/vd/my_ws/install/sensor_cpp_interface/share/sensor_cpp_interface/package.xml
[4.939s] Invoked command in '/home/vd/my_ws/build/sensor_cpp_interface' returned '0': CMAKE_PREFIX_PATH=${CMAKE_PREFIX_PATH}:/home/vd/my_ws/install/sensor_py_pkg:/home/vd/my_ws/install/py_srvcli:/home/vd/ros2ws/install/py_pubsub:/opt/ros/humble /usr/bin/cmake --install /home/vd/my_ws/build/sensor_cpp_interface
