[0.710s] Invoking command in '/home/vd/my_ws/src/sensor_py_pkg': AMENT_PREFIX_PATH=/home/vd/my_ws/install/sensor_cpp_interface:${AMENT_PREFIX_PATH} CMAKE_PREFIX_PATH=/home/vd/my_ws/install/sensor_cpp_interface:${CMAKE_PREFIX_PATH} LD_LIBRARY_PATH=/home/vd/my_ws/install/sensor_cpp_interface/lib:${LD_LIBRARY_PATH} PYTHONPATH=/home/vd/my_ws/build/sensor_py_pkg/prefix_override:/usr/lib/python3/dist-packages/colcon_core/task/python/colcon_distutils_commands:/home/vd/my_ws/install/sensor_py_pkg/lib/python3.10/site-packages:/home/vd/my_ws/install/sensor_cpp_interface/local/lib/python3.10/dist-packages:${PYTHONPATH} /usr/bin/python3 -W ignore:setup.py install is deprecated -W ignore:easy_install command is deprecated setup.py egg_info --egg-base ../../build/sensor_py_pkg build --build-base /home/vd/my_ws/build/sensor_py_pkg/build install --record /home/vd/my_ws/build/sensor_py_pkg/install.log --single-version-externally-managed install_data
[0.893s] running egg_info
[0.894s] writing ../../build/sensor_py_pkg/sensor_py_pkg.egg-info/PKG-INFO
[0.894s] writing dependency_links to ../../build/sensor_py_pkg/sensor_py_pkg.egg-info/dependency_links.txt
[0.894s] writing entry points to ../../build/sensor_py_pkg/sensor_py_pkg.egg-info/entry_points.txt
[0.894s] writing requirements to ../../build/sensor_py_pkg/sensor_py_pkg.egg-info/requires.txt
[0.894s] writing top-level names to ../../build/sensor_py_pkg/sensor_py_pkg.egg-info/top_level.txt
[0.896s] reading manifest file '../../build/sensor_py_pkg/sensor_py_pkg.egg-info/SOURCES.txt'
[0.896s] writing manifest file '../../build/sensor_py_pkg/sensor_py_pkg.egg-info/SOURCES.txt'
[0.897s] running build
[0.897s] running build_py
[0.897s] running install
[0.897s] running install_lib
[0.898s] running install_data
[0.898s] running install_egg_info
[0.900s] removing '/home/vd/my_ws/install/sensor_py_pkg/lib/python3.10/site-packages/sensor_py_pkg-0.0.0-py3.10.egg-info' (and everything under it)
[0.900s] Copying ../../build/sensor_py_pkg/sensor_py_pkg.egg-info to /home/vd/my_ws/install/sensor_py_pkg/lib/python3.10/site-packages/sensor_py_pkg-0.0.0-py3.10.egg-info
[0.901s] running install_scripts
[0.917s] Installing msgpublisher script to /home/vd/my_ws/install/sensor_py_pkg/lib/sensor_py_pkg
[0.917s] Installing msgsubscriber script to /home/vd/my_ws/install/sensor_py_pkg/lib/sensor_py_pkg
[0.917s] writing list of installed files to '/home/vd/my_ws/build/sensor_py_pkg/install.log'
[0.948s] Invoked command in '/home/vd/my_ws/src/sensor_py_pkg' returned '0': AMENT_PREFIX_PATH=/home/vd/my_ws/install/sensor_cpp_interface:${AMENT_PREFIX_PATH} CMAKE_PREFIX_PATH=/home/vd/my_ws/install/sensor_cpp_interface:${CMAKE_PREFIX_PATH} LD_LIBRARY_PATH=/home/vd/my_ws/install/sensor_cpp_interface/lib:${LD_LIBRARY_PATH} PYTHONPATH=/home/vd/my_ws/build/sensor_py_pkg/prefix_override:/usr/lib/python3/dist-packages/colcon_core/task/python/colcon_distutils_commands:/home/vd/my_ws/install/sensor_py_pkg/lib/python3.10/site-packages:/home/vd/my_ws/install/sensor_cpp_interface/local/lib/python3.10/dist-packages:${PYTHONPATH} /usr/bin/python3 -W ignore:setup.py install is deprecated -W ignore:easy_install command is deprecated setup.py egg_info --egg-base ../../build/sensor_py_pkg build --build-base /home/vd/my_ws/build/sensor_py_pkg/build install --record /home/vd/my_ws/build/sensor_py_pkg/install.log --single-version-externally-managed install_data
