[0.099s] DEBUG:colcon:Command line arguments: ['/usr/bin/colcon', 'build']
[0.099s] DEBUG:colcon:Parsed command line arguments: Namespace(log_base=None, log_level=None, verb_name='build', build_base='build', install_base='install', merge_install=False, symlink_install=False, test_result_base=None, continue_on_error=False, executor='parallel', parallel_workers=4, event_handlers=None, ignore_user_meta=False, metas=['./colcon.meta'], base_paths=['.'], packages_ignore=None, packages_ignore_regex=None, paths=None, packages_up_to=None, packages_up_to_regex=None, packages_above=None, packages_above_and_dependencies=None, packages_above_depth=None, packages_select_by_dep=None, packages_skip_by_dep=None, packages_skip_up_to=None, packages_select_build_failed=False, packages_skip_build_finished=False, packages_select_test_failures=False, packages_skip_test_passed=False, packages_select=None, packages_skip=None, packages_select_regex=None, packages_skip_regex=None, packages_start=None, packages_end=None, allow_overriding=[], cmake_args=None, cmake_target=None, cmake_target_skip_unavailable=False, cmake_clean_cache=False, cmake_clean_first=False, cmake_force_configure=False, ament_cmake_args=None, catkin_cmake_args=None, catkin_skip_building_tests=False, mixin_files=None, mixin=None, verb_parser=<colcon_mixin.mixin.mixin_argument.MixinArgumentDecorator object at 0x7e5e65a35ea0>, verb_extension=<colcon_core.verb.build.BuildVerb object at 0x7e5e659f0eb0>, main=<bound method BuildVerb.main of <colcon_core.verb.build.BuildVerb object at 0x7e5e659f0eb0>>, mixin_verb=('build',))
[0.232s] Level 1:colcon.colcon_core.package_discovery:discover_packages(colcon_meta) check parameters
[0.233s] Level 1:colcon.colcon_core.package_discovery:discover_packages(recursive) check parameters
[0.233s] Level 1:colcon.colcon_core.package_discovery:discover_packages(ignore) check parameters
[0.233s] Level 1:colcon.colcon_core.package_discovery:discover_packages(path) check parameters
[0.233s] Level 1:colcon.colcon_core.package_discovery:discover_packages(colcon_meta) discover
[0.233s] Level 1:colcon.colcon_core.package_discovery:discover_packages(recursive) discover
[0.233s] INFO:colcon.colcon_core.package_discovery:Crawling recursively for packages in '/home/vd/my_ws'
[0.233s] Level 1:colcon.colcon_core.package_identification:_identify(.) by extensions ['ignore', 'ignore_ament_install']
[0.233s] Level 1:colcon.colcon_core.package_identification:_identify(.) by extension 'ignore'
[0.233s] Level 1:colcon.colcon_core.package_identification:_identify(.) by extension 'ignore_ament_install'
[0.233s] Level 1:colcon.colcon_core.package_identification:_identify(.) by extensions ['colcon_pkg']
[0.233s] Level 1:colcon.colcon_core.package_identification:_identify(.) by extension 'colcon_pkg'
[0.233s] Level 1:colcon.colcon_core.package_identification:_identify(.) by extensions ['colcon_meta']
[0.233s] Level 1:colcon.colcon_core.package_identification:_identify(.) by extension 'colcon_meta'
[0.233s] Level 1:colcon.colcon_core.package_identification:_identify(.) by extensions ['ros']
[0.233s] Level 1:colcon.colcon_core.package_identification:_identify(.) by extension 'ros'
[0.240s] Level 1:colcon.colcon_core.package_identification:_identify(.) by extensions ['cmake', 'python']
[0.240s] Level 1:colcon.colcon_core.package_identification:_identify(.) by extension 'cmake'
[0.240s] Level 1:colcon.colcon_core.package_identification:_identify(.) by extension 'python'
[0.241s] Level 1:colcon.colcon_core.package_identification:_identify(.) by extensions ['python_setup_py']
[0.241s] Level 1:colcon.colcon_core.package_identification:_identify(.) by extension 'python_setup_py'
[0.241s] Level 1:colcon.colcon_core.package_identification:_identify(build) by extensions ['ignore', 'ignore_ament_install']
[0.241s] Level 1:colcon.colcon_core.package_identification:_identify(build) by extension 'ignore'
[0.241s] Level 1:colcon.colcon_core.package_identification:_identify(build) ignored
[0.241s] Level 1:colcon.colcon_core.package_identification:_identify(install) by extensions ['ignore', 'ignore_ament_install']
[0.241s] Level 1:colcon.colcon_core.package_identification:_identify(install) by extension 'ignore'
[0.241s] Level 1:colcon.colcon_core.package_identification:_identify(install) ignored
[0.241s] Level 1:colcon.colcon_core.package_identification:_identify(log) by extensions ['ignore', 'ignore_ament_install']
[0.241s] Level 1:colcon.colcon_core.package_identification:_identify(log) by extension 'ignore'
[0.241s] Level 1:colcon.colcon_core.package_identification:_identify(log) ignored
[0.241s] Level 1:colcon.colcon_core.package_identification:_identify(src) by extensions ['ignore', 'ignore_ament_install']
[0.241s] Level 1:colcon.colcon_core.package_identification:_identify(src) by extension 'ignore'
[0.241s] Level 1:colcon.colcon_core.package_identification:_identify(src) by extension 'ignore_ament_install'
[0.241s] Level 1:colcon.colcon_core.package_identification:_identify(src) by extensions ['colcon_pkg']
[0.241s] Level 1:colcon.colcon_core.package_identification:_identify(src) by extension 'colcon_pkg'
[0.241s] Level 1:colcon.colcon_core.package_identification:_identify(src) by extensions ['colcon_meta']
[0.241s] Level 1:colcon.colcon_core.package_identification:_identify(src) by extension 'colcon_meta'
[0.241s] Level 1:colcon.colcon_core.package_identification:_identify(src) by extensions ['ros']
[0.241s] Level 1:colcon.colcon_core.package_identification:_identify(src) by extension 'ros'
[0.241s] Level 1:colcon.colcon_core.package_identification:_identify(src) by extensions ['cmake', 'python']
[0.241s] Level 1:colcon.colcon_core.package_identification:_identify(src) by extension 'cmake'
[0.241s] Level 1:colcon.colcon_core.package_identification:_identify(src) by extension 'python'
[0.241s] Level 1:colcon.colcon_core.package_identification:_identify(src) by extensions ['python_setup_py']
[0.241s] Level 1:colcon.colcon_core.package_identification:_identify(src) by extension 'python_setup_py'
[0.241s] Level 1:colcon.colcon_core.package_identification:_identify(src/py_srvcli) by extensions ['ignore', 'ignore_ament_install']
[0.242s] Level 1:colcon.colcon_core.package_identification:_identify(src/py_srvcli) by extension 'ignore'
[0.242s] Level 1:colcon.colcon_core.package_identification:_identify(src/py_srvcli) by extension 'ignore_ament_install'
[0.242s] Level 1:colcon.colcon_core.package_identification:_identify(src/py_srvcli) by extensions ['colcon_pkg']
[0.242s] Level 1:colcon.colcon_core.package_identification:_identify(src/py_srvcli) by extension 'colcon_pkg'
[0.242s] Level 1:colcon.colcon_core.package_identification:_identify(src/py_srvcli) by extensions ['colcon_meta']
[0.242s] Level 1:colcon.colcon_core.package_identification:_identify(src/py_srvcli) by extension 'colcon_meta'
[0.242s] Level 1:colcon.colcon_core.package_identification:_identify(src/py_srvcli) by extensions ['ros']
[0.242s] Level 1:colcon.colcon_core.package_identification:_identify(src/py_srvcli) by extension 'ros'
[0.243s] DEBUG:colcon.colcon_core.package_identification:Package 'src/py_srvcli' with type 'ros.ament_python' and name 'py_srvcli'
[0.243s] Level 1:colcon.colcon_core.package_identification:_identify(src/sensor_cpp_interface) by extensions ['ignore', 'ignore_ament_install']
[0.244s] Level 1:colcon.colcon_core.package_identification:_identify(src/sensor_cpp_interface) by extension 'ignore'
[0.244s] Level 1:colcon.colcon_core.package_identification:_identify(src/sensor_cpp_interface) by extension 'ignore_ament_install'
[0.244s] Level 1:colcon.colcon_core.package_identification:_identify(src/sensor_cpp_interface) by extensions ['colcon_pkg']
[0.244s] Level 1:colcon.colcon_core.package_identification:_identify(src/sensor_cpp_interface) by extension 'colcon_pkg'
[0.244s] Level 1:colcon.colcon_core.package_identification:_identify(src/sensor_cpp_interface) by extensions ['colcon_meta']
[0.244s] Level 1:colcon.colcon_core.package_identification:_identify(src/sensor_cpp_interface) by extension 'colcon_meta'
[0.244s] Level 1:colcon.colcon_core.package_identification:_identify(src/sensor_cpp_interface) by extensions ['ros']
[0.244s] Level 1:colcon.colcon_core.package_identification:_identify(src/sensor_cpp_interface) by extension 'ros'
[0.244s] DEBUG:colcon.colcon_core.package_identification:Package 'src/sensor_cpp_interface' with type 'ros.ament_cmake' and name 'sensor_cpp_interface'
[0.244s] Level 1:colcon.colcon_core.package_identification:_identify(src/sensor_py_pkg) by extensions ['ignore', 'ignore_ament_install']
[0.244s] Level 1:colcon.colcon_core.package_identification:_identify(src/sensor_py_pkg) by extension 'ignore'
[0.244s] Level 1:colcon.colcon_core.package_identification:_identify(src/sensor_py_pkg) by extension 'ignore_ament_install'
[0.244s] Level 1:colcon.colcon_core.package_identification:_identify(src/sensor_py_pkg) by extensions ['colcon_pkg']
[0.244s] Level 1:colcon.colcon_core.package_identification:_identify(src/sensor_py_pkg) by extension 'colcon_pkg'
[0.244s] Level 1:colcon.colcon_core.package_identification:_identify(src/sensor_py_pkg) by extensions ['colcon_meta']
[0.244s] Level 1:colcon.colcon_core.package_identification:_identify(src/sensor_py_pkg) by extension 'colcon_meta'
[0.244s] Level 1:colcon.colcon_core.package_identification:_identify(src/sensor_py_pkg) by extensions ['ros']
[0.244s] Level 1:colcon.colcon_core.package_identification:_identify(src/sensor_py_pkg) by extension 'ros'
[0.245s] DEBUG:colcon.colcon_core.package_identification:Package 'src/sensor_py_pkg' with type 'ros.ament_python' and name 'sensor_py_pkg'
[0.245s] Level 1:colcon.colcon_core.package_discovery:discover_packages(recursive) using defaults
[0.245s] Level 1:colcon.colcon_core.package_discovery:discover_packages(ignore) discover
[0.245s] Level 1:colcon.colcon_core.package_discovery:discover_packages(ignore) using defaults
[0.245s] Level 1:colcon.colcon_core.package_discovery:discover_packages(path) discover
[0.245s] Level 1:colcon.colcon_core.package_discovery:discover_packages(path) using defaults
[0.265s] Level 1:colcon.colcon_core.package_discovery:discover_packages(prefix_path) check parameters
[0.265s] Level 1:colcon.colcon_core.package_discovery:discover_packages(prefix_path) discover
[0.269s] DEBUG:colcon.colcon_installed_package_information.package_discovery:Found 2 installed packages in /home/vd/ros2ws/install
[0.270s] DEBUG:colcon.colcon_installed_package_information.package_discovery:Found 270 installed packages in /opt/ros/humble
[0.270s] Level 1:colcon.colcon_core.package_discovery:discover_packages(prefix_path) using defaults
[0.298s] Level 5:colcon.colcon_core.verb:set package 'sensor_cpp_interface' build argument 'cmake_args' from command line to 'None'
[0.298s] Level 5:colcon.colcon_core.verb:set package 'sensor_cpp_interface' build argument 'cmake_target' from command line to 'None'
[0.298s] Level 5:colcon.colcon_core.verb:set package 'sensor_cpp_interface' build argument 'cmake_target_skip_unavailable' from command line to 'False'
[0.298s] Level 5:colcon.colcon_core.verb:set package 'sensor_cpp_interface' build argument 'cmake_clean_cache' from command line to 'False'
[0.298s] Level 5:colcon.colcon_core.verb:set package 'sensor_cpp_interface' build argument 'cmake_clean_first' from command line to 'False'
[0.298s] Level 5:colcon.colcon_core.verb:set package 'sensor_cpp_interface' build argument 'cmake_force_configure' from command line to 'False'
[0.298s] Level 5:colcon.colcon_core.verb:set package 'sensor_cpp_interface' build argument 'ament_cmake_args' from command line to 'None'
[0.298s] Level 5:colcon.colcon_core.verb:set package 'sensor_cpp_interface' build argument 'catkin_cmake_args' from command line to 'None'
[0.298s] Level 5:colcon.colcon_core.verb:set package 'sensor_cpp_interface' build argument 'catkin_skip_building_tests' from command line to 'False'
[0.298s] DEBUG:colcon.colcon_core.verb:Building package 'sensor_cpp_interface' with the following arguments: {'ament_cmake_args': None, 'build_base': '/home/vd/my_ws/build/sensor_cpp_interface', 'catkin_cmake_args': None, 'catkin_skip_building_tests': False, 'cmake_args': None, 'cmake_clean_cache': False, 'cmake_clean_first': False, 'cmake_force_configure': False, 'cmake_target': None, 'cmake_target_skip_unavailable': False, 'install_base': '/home/vd/my_ws/install/sensor_cpp_interface', 'merge_install': False, 'path': '/home/vd/my_ws/src/sensor_cpp_interface', 'symlink_install': False, 'test_result_base': None}
[0.298s] Level 5:colcon.colcon_core.verb:set package 'py_srvcli' build argument 'cmake_args' from command line to 'None'
[0.298s] Level 5:colcon.colcon_core.verb:set package 'py_srvcli' build argument 'cmake_target' from command line to 'None'
[0.298s] Level 5:colcon.colcon_core.verb:set package 'py_srvcli' build argument 'cmake_target_skip_unavailable' from command line to 'False'
[0.298s] Level 5:colcon.colcon_core.verb:set package 'py_srvcli' build argument 'cmake_clean_cache' from command line to 'False'
[0.298s] Level 5:colcon.colcon_core.verb:set package 'py_srvcli' build argument 'cmake_clean_first' from command line to 'False'
[0.298s] Level 5:colcon.colcon_core.verb:set package 'py_srvcli' build argument 'cmake_force_configure' from command line to 'False'
[0.298s] Level 5:colcon.colcon_core.verb:set package 'py_srvcli' build argument 'ament_cmake_args' from command line to 'None'
[0.298s] Level 5:colcon.colcon_core.verb:set package 'py_srvcli' build argument 'catkin_cmake_args' from command line to 'None'
[0.298s] Level 5:colcon.colcon_core.verb:set package 'py_srvcli' build argument 'catkin_skip_building_tests' from command line to 'False'
[0.299s] DEBUG:colcon.colcon_core.verb:Building package 'py_srvcli' with the following arguments: {'ament_cmake_args': None, 'build_base': '/home/vd/my_ws/build/py_srvcli', 'catkin_cmake_args': None, 'catkin_skip_building_tests': False, 'cmake_args': None, 'cmake_clean_cache': False, 'cmake_clean_first': False, 'cmake_force_configure': False, 'cmake_target': None, 'cmake_target_skip_unavailable': False, 'install_base': '/home/vd/my_ws/install/py_srvcli', 'merge_install': False, 'path': '/home/vd/my_ws/src/py_srvcli', 'symlink_install': False, 'test_result_base': None}
[0.299s] Level 5:colcon.colcon_core.verb:set package 'sensor_py_pkg' build argument 'cmake_args' from command line to 'None'
[0.299s] Level 5:colcon.colcon_core.verb:set package 'sensor_py_pkg' build argument 'cmake_target' from command line to 'None'
[0.299s] Level 5:colcon.colcon_core.verb:set package 'sensor_py_pkg' build argument 'cmake_target_skip_unavailable' from command line to 'False'
[0.299s] Level 5:colcon.colcon_core.verb:set package 'sensor_py_pkg' build argument 'cmake_clean_cache' from command line to 'False'
[0.299s] Level 5:colcon.colcon_core.verb:set package 'sensor_py_pkg' build argument 'cmake_clean_first' from command line to 'False'
[0.299s] Level 5:colcon.colcon_core.verb:set package 'sensor_py_pkg' build argument 'cmake_force_configure' from command line to 'False'
[0.299s] Level 5:colcon.colcon_core.verb:set package 'sensor_py_pkg' build argument 'ament_cmake_args' from command line to 'None'
[0.299s] Level 5:colcon.colcon_core.verb:set package 'sensor_py_pkg' build argument 'catkin_cmake_args' from command line to 'None'
[0.299s] Level 5:colcon.colcon_core.verb:set package 'sensor_py_pkg' build argument 'catkin_skip_building_tests' from command line to 'False'
[0.299s] DEBUG:colcon.colcon_core.verb:Building package 'sensor_py_pkg' with the following arguments: {'ament_cmake_args': None, 'build_base': '/home/vd/my_ws/build/sensor_py_pkg', 'catkin_cmake_args': None, 'catkin_skip_building_tests': False, 'cmake_args': None, 'cmake_clean_cache': False, 'cmake_clean_first': False, 'cmake_force_configure': False, 'cmake_target': None, 'cmake_target_skip_unavailable': False, 'install_base': '/home/vd/my_ws/install/sensor_py_pkg', 'merge_install': False, 'path': '/home/vd/my_ws/src/sensor_py_pkg', 'symlink_install': False, 'test_result_base': None}
[0.299s] INFO:colcon.colcon_core.executor:Executing jobs using 'parallel' executor
[0.300s] DEBUG:colcon.colcon_parallel_executor.executor.parallel:run_until_complete
[0.300s] INFO:colcon.colcon_ros.task.ament_cmake.build:Building ROS package in '/home/vd/my_ws/src/sensor_cpp_interface' with build type 'ament_cmake'
[0.300s] INFO:colcon.colcon_cmake.task.cmake.build:Building CMake package in '/home/vd/my_ws/src/sensor_cpp_interface'
[0.303s] INFO:colcon.colcon_core.plugin_system:Skipping extension 'colcon_core.shell.bat': Not used on non-Windows systems
[0.303s] INFO:colcon.colcon_core.shell:Skip shell extension 'powershell' for command environment: Not usable outside of PowerShell
[0.303s] DEBUG:colcon.colcon_core.shell:Skip shell extension 'dsv' for command environment
[0.308s] DEBUG:colcon.colcon_core.event_handler.log_command:Invoking command in '/home/vd/my_ws/build/sensor_cpp_interface': CMAKE_PREFIX_PATH=${CMAKE_PREFIX_PATH}:/home/vd/ros2ws/install/py_pubsub:/opt/ros/humble /usr/bin/cmake --build /home/vd/my_ws/build/sensor_cpp_interface -- -j4 -l4
[0.635s] DEBUG:colcon.colcon_core.event_handler.log_command:Invoked command in '/home/vd/my_ws/build/sensor_cpp_interface' returned '0': CMAKE_PREFIX_PATH=${CMAKE_PREFIX_PATH}:/home/vd/ros2ws/install/py_pubsub:/opt/ros/humble /usr/bin/cmake --build /home/vd/my_ws/build/sensor_cpp_interface -- -j4 -l4
[0.642s] DEBUG:colcon.colcon_core.event_handler.log_command:Invoking command in '/home/vd/my_ws/build/sensor_cpp_interface': CMAKE_PREFIX_PATH=${CMAKE_PREFIX_PATH}:/home/vd/ros2ws/install/py_pubsub:/opt/ros/humble /usr/bin/cmake --install /home/vd/my_ws/build/sensor_cpp_interface
[0.695s] Level 1:colcon.colcon_core.environment:create_environment_scripts_only(sensor_cpp_interface)
[0.696s] DEBUG:colcon.colcon_core.event_handler.log_command:Invoked command in '/home/vd/my_ws/build/sensor_cpp_interface' returned '0': CMAKE_PREFIX_PATH=${CMAKE_PREFIX_PATH}:/home/vd/ros2ws/install/py_pubsub:/opt/ros/humble /usr/bin/cmake --install /home/vd/my_ws/build/sensor_cpp_interface
[0.698s] Level 1:colcon.colcon_core.environment:checking '/home/vd/my_ws/install/sensor_cpp_interface' for CMake module files
[0.699s] Level 1:colcon.colcon_core.environment:checking '/home/vd/my_ws/install/sensor_cpp_interface' for CMake config files
[0.699s] Level 1:colcon.colcon_core.shell:create_environment_hook('sensor_cpp_interface', 'cmake_prefix_path')
[0.699s] INFO:colcon.colcon_core.shell:Creating environment hook '/home/vd/my_ws/install/sensor_cpp_interface/share/sensor_cpp_interface/hook/cmake_prefix_path.ps1'
[0.700s] INFO:colcon.colcon_core.shell:Creating environment descriptor '/home/vd/my_ws/install/sensor_cpp_interface/share/sensor_cpp_interface/hook/cmake_prefix_path.dsv'
[0.700s] INFO:colcon.colcon_core.shell:Creating environment hook '/home/vd/my_ws/install/sensor_cpp_interface/share/sensor_cpp_interface/hook/cmake_prefix_path.sh'
[0.701s] Level 1:colcon.colcon_core.environment:checking '/home/vd/my_ws/install/sensor_cpp_interface/lib'
[0.701s] Level 1:colcon.colcon_core.shell:create_environment_hook('sensor_cpp_interface', 'ld_library_path_lib')
[0.701s] INFO:colcon.colcon_core.shell:Creating environment hook '/home/vd/my_ws/install/sensor_cpp_interface/share/sensor_cpp_interface/hook/ld_library_path_lib.ps1'
[0.702s] INFO:colcon.colcon_core.shell:Creating environment descriptor '/home/vd/my_ws/install/sensor_cpp_interface/share/sensor_cpp_interface/hook/ld_library_path_lib.dsv'
[0.702s] INFO:colcon.colcon_core.shell:Creating environment hook '/home/vd/my_ws/install/sensor_cpp_interface/share/sensor_cpp_interface/hook/ld_library_path_lib.sh'
[0.702s] Level 1:colcon.colcon_core.environment:checking '/home/vd/my_ws/install/sensor_cpp_interface/bin'
[0.702s] Level 1:colcon.colcon_core.environment:checking '/home/vd/my_ws/install/sensor_cpp_interface/lib/pkgconfig/sensor_cpp_interface.pc'
[0.702s] Level 1:colcon.colcon_core.environment:checking '/home/vd/my_ws/install/sensor_cpp_interface/lib/python3.10/site-packages'
[0.702s] Level 1:colcon.colcon_core.environment:checking '/home/vd/my_ws/install/sensor_cpp_interface/bin'
[0.703s] INFO:colcon.colcon_core.shell:Creating package script '/home/vd/my_ws/install/sensor_cpp_interface/share/sensor_cpp_interface/package.ps1'
[0.703s] INFO:colcon.colcon_core.shell:Creating package descriptor '/home/vd/my_ws/install/sensor_cpp_interface/share/sensor_cpp_interface/package.dsv'
[0.704s] INFO:colcon.colcon_core.shell:Creating package script '/home/vd/my_ws/install/sensor_cpp_interface/share/sensor_cpp_interface/package.sh'
[0.704s] INFO:colcon.colcon_core.shell:Creating package script '/home/vd/my_ws/install/sensor_cpp_interface/share/sensor_cpp_interface/package.bash'
[0.705s] INFO:colcon.colcon_core.shell:Creating package script '/home/vd/my_ws/install/sensor_cpp_interface/share/sensor_cpp_interface/package.zsh'
[0.706s] Level 1:colcon.colcon_core.environment:create_file_with_runtime_dependencies(/home/vd/my_ws/install/sensor_cpp_interface/share/colcon-core/packages/sensor_cpp_interface)
[0.706s] Level 1:colcon.colcon_core.environment:create_environment_scripts_only(sensor_cpp_interface)
[0.706s] Level 1:colcon.colcon_core.environment:checking '/home/vd/my_ws/install/sensor_cpp_interface' for CMake module files
[0.706s] Level 1:colcon.colcon_core.environment:checking '/home/vd/my_ws/install/sensor_cpp_interface' for CMake config files
[0.707s] Level 1:colcon.colcon_core.shell:create_environment_hook('sensor_cpp_interface', 'cmake_prefix_path')
[0.707s] INFO:colcon.colcon_core.shell:Creating environment hook '/home/vd/my_ws/install/sensor_cpp_interface/share/sensor_cpp_interface/hook/cmake_prefix_path.ps1'
[0.707s] INFO:colcon.colcon_core.shell:Creating environment descriptor '/home/vd/my_ws/install/sensor_cpp_interface/share/sensor_cpp_interface/hook/cmake_prefix_path.dsv'
[0.707s] INFO:colcon.colcon_core.shell:Creating environment hook '/home/vd/my_ws/install/sensor_cpp_interface/share/sensor_cpp_interface/hook/cmake_prefix_path.sh'
[0.707s] Level 1:colcon.colcon_core.environment:checking '/home/vd/my_ws/install/sensor_cpp_interface/lib'
[0.707s] Level 1:colcon.colcon_core.shell:create_environment_hook('sensor_cpp_interface', 'ld_library_path_lib')
[0.708s] INFO:colcon.colcon_core.shell:Creating environment hook '/home/vd/my_ws/install/sensor_cpp_interface/share/sensor_cpp_interface/hook/ld_library_path_lib.ps1'
[0.708s] INFO:colcon.colcon_core.shell:Creating environment descriptor '/home/vd/my_ws/install/sensor_cpp_interface/share/sensor_cpp_interface/hook/ld_library_path_lib.dsv'
[0.708s] INFO:colcon.colcon_core.shell:Creating environment hook '/home/vd/my_ws/install/sensor_cpp_interface/share/sensor_cpp_interface/hook/ld_library_path_lib.sh'
[0.708s] Level 1:colcon.colcon_core.environment:checking '/home/vd/my_ws/install/sensor_cpp_interface/bin'
[0.708s] Level 1:colcon.colcon_core.environment:checking '/home/vd/my_ws/install/sensor_cpp_interface/lib/pkgconfig/sensor_cpp_interface.pc'
[0.708s] Level 1:colcon.colcon_core.environment:checking '/home/vd/my_ws/install/sensor_cpp_interface/lib/python3.10/site-packages'
[0.709s] Level 1:colcon.colcon_core.environment:checking '/home/vd/my_ws/install/sensor_cpp_interface/bin'
[0.709s] INFO:colcon.colcon_core.shell:Creating package script '/home/vd/my_ws/install/sensor_cpp_interface/share/sensor_cpp_interface/package.ps1'
[0.709s] INFO:colcon.colcon_core.shell:Creating package descriptor '/home/vd/my_ws/install/sensor_cpp_interface/share/sensor_cpp_interface/package.dsv'
[0.709s] INFO:colcon.colcon_core.shell:Creating package script '/home/vd/my_ws/install/sensor_cpp_interface/share/sensor_cpp_interface/package.sh'
[0.710s] INFO:colcon.colcon_core.shell:Creating package script '/home/vd/my_ws/install/sensor_cpp_interface/share/sensor_cpp_interface/package.bash'
[0.710s] INFO:colcon.colcon_core.shell:Creating package script '/home/vd/my_ws/install/sensor_cpp_interface/share/sensor_cpp_interface/package.zsh'
[0.710s] Level 1:colcon.colcon_core.environment:create_file_with_runtime_dependencies(/home/vd/my_ws/install/sensor_cpp_interface/share/colcon-core/packages/sensor_cpp_interface)
[0.710s] INFO:colcon.colcon_ros.task.ament_python.build:Building ROS package in '/home/vd/my_ws/src/py_srvcli' with build type 'ament_python'
[0.711s] Level 1:colcon.colcon_core.shell:create_environment_hook('py_srvcli', 'ament_prefix_path')
[0.711s] INFO:colcon.colcon_core.shell:Creating environment hook '/home/vd/my_ws/install/py_srvcli/share/py_srvcli/hook/ament_prefix_path.ps1'
[0.711s] INFO:colcon.colcon_core.shell:Creating environment descriptor '/home/vd/my_ws/install/py_srvcli/share/py_srvcli/hook/ament_prefix_path.dsv'
[0.711s] INFO:colcon.colcon_core.shell:Creating environment hook '/home/vd/my_ws/install/py_srvcli/share/py_srvcli/hook/ament_prefix_path.sh'
[0.712s] INFO:colcon.colcon_core.shell:Skip shell extension 'powershell' for command environment: Not usable outside of PowerShell
[0.712s] DEBUG:colcon.colcon_core.shell:Skip shell extension 'dsv' for command environment
[0.714s] INFO:colcon.colcon_ros.task.ament_python.build:Building ROS package in '/home/vd/my_ws/src/sensor_py_pkg' with build type 'ament_python'
[0.714s] Level 1:colcon.colcon_core.shell:create_environment_hook('sensor_py_pkg', 'ament_prefix_path')
[0.714s] INFO:colcon.colcon_core.shell:Creating environment hook '/home/vd/my_ws/install/sensor_py_pkg/share/sensor_py_pkg/hook/ament_prefix_path.ps1'
[0.714s] INFO:colcon.colcon_core.shell:Creating environment descriptor '/home/vd/my_ws/install/sensor_py_pkg/share/sensor_py_pkg/hook/ament_prefix_path.dsv'
[0.715s] INFO:colcon.colcon_core.shell:Creating environment hook '/home/vd/my_ws/install/sensor_py_pkg/share/sensor_py_pkg/hook/ament_prefix_path.sh'
[0.715s] INFO:colcon.colcon_core.shell:Skip shell extension 'powershell' for command environment: Not usable outside of PowerShell
[0.715s] DEBUG:colcon.colcon_core.shell:Skip shell extension 'dsv' for command environment
[0.914s] INFO:colcon.colcon_core.task.python.build:Building Python package in '/home/vd/my_ws/src/py_srvcli'
[0.914s] INFO:colcon.colcon_core.shell:Skip shell extension 'powershell' for command environment: Not usable outside of PowerShell
[0.914s] DEBUG:colcon.colcon_core.shell:Skip shell extension 'dsv' for command environment
[1.112s] INFO:colcon.colcon_core.task.python.build:Building Python package in '/home/vd/my_ws/src/sensor_py_pkg'
[1.112s] INFO:colcon.colcon_core.shell:Skip shell extension 'powershell' for command environment: Not usable outside of PowerShell
[1.112s] DEBUG:colcon.colcon_core.shell:Skip shell extension 'dsv' for command environment
[1.555s] DEBUG:colcon.colcon_core.event_handler.log_command:Invoking command in '/home/vd/my_ws/src/sensor_py_pkg': AMENT_PREFIX_PATH=/home/vd/my_ws/install/sensor_cpp_interface:${AMENT_PREFIX_PATH} CMAKE_PREFIX_PATH=/home/vd/my_ws/install/sensor_cpp_interface:${CMAKE_PREFIX_PATH} LD_LIBRARY_PATH=/home/vd/my_ws/install/sensor_cpp_interface/lib:${LD_LIBRARY_PATH} PYTHONPATH=/home/vd/my_ws/build/sensor_py_pkg/prefix_override:/usr/lib/python3/dist-packages/colcon_core/task/python/colcon_distutils_commands:/home/vd/my_ws/install/sensor_py_pkg/lib/python3.10/site-packages:/home/vd/my_ws/install/sensor_cpp_interface/local/lib/python3.10/dist-packages:${PYTHONPATH} /usr/bin/python3 -W ignore:setup.py install is deprecated -W ignore:easy_install command is deprecated setup.py egg_info --egg-base ../../build/sensor_py_pkg build --build-base /home/vd/my_ws/build/sensor_py_pkg/build install --record /home/vd/my_ws/build/sensor_py_pkg/install.log --single-version-externally-managed install_data
[1.556s] DEBUG:colcon.colcon_core.event_handler.log_command:Invoking command in '/home/vd/my_ws/src/py_srvcli': AMENT_PREFIX_PATH=/home/vd/my_ws/install/sensor_cpp_interface:${AMENT_PREFIX_PATH} CMAKE_PREFIX_PATH=/home/vd/my_ws/install/sensor_cpp_interface:${CMAKE_PREFIX_PATH} LD_LIBRARY_PATH=/home/vd/my_ws/install/sensor_cpp_interface/lib:${LD_LIBRARY_PATH} PYTHONPATH=/home/vd/my_ws/build/py_srvcli/prefix_override:/usr/lib/python3/dist-packages/colcon_core/task/python/colcon_distutils_commands:/home/vd/my_ws/install/py_srvcli/lib/python3.10/site-packages:/home/vd/my_ws/install/sensor_cpp_interface/local/lib/python3.10/dist-packages:${PYTHONPATH} /usr/bin/python3 -W ignore:setup.py install is deprecated -W ignore:easy_install command is deprecated setup.py egg_info --egg-base ../../build/py_srvcli build --build-base /home/vd/my_ws/build/py_srvcli/build install --record /home/vd/my_ws/build/py_srvcli/install.log --single-version-externally-managed install_data
[1.798s] Level 1:colcon.colcon_core.environment:checking '/home/vd/my_ws/install/py_srvcli' for CMake module files
[1.799s] DEBUG:colcon.colcon_core.event_handler.log_command:Invoked command in '/home/vd/my_ws/src/py_srvcli' returned '0': AMENT_PREFIX_PATH=/home/vd/my_ws/install/sensor_cpp_interface:${AMENT_PREFIX_PATH} CMAKE_PREFIX_PATH=/home/vd/my_ws/install/sensor_cpp_interface:${CMAKE_PREFIX_PATH} LD_LIBRARY_PATH=/home/vd/my_ws/install/sensor_cpp_interface/lib:${LD_LIBRARY_PATH} PYTHONPATH=/home/vd/my_ws/build/py_srvcli/prefix_override:/usr/lib/python3/dist-packages/colcon_core/task/python/colcon_distutils_commands:/home/vd/my_ws/install/py_srvcli/lib/python3.10/site-packages:/home/vd/my_ws/install/sensor_cpp_interface/local/lib/python3.10/dist-packages:${PYTHONPATH} /usr/bin/python3 -W ignore:setup.py install is deprecated -W ignore:easy_install command is deprecated setup.py egg_info --egg-base ../../build/py_srvcli build --build-base /home/vd/my_ws/build/py_srvcli/build install --record /home/vd/my_ws/build/py_srvcli/install.log --single-version-externally-managed install_data
[1.799s] Level 1:colcon.colcon_core.environment:checking '/home/vd/my_ws/install/py_srvcli' for CMake config files
[1.799s] Level 1:colcon.colcon_core.environment:checking '/home/vd/my_ws/install/py_srvcli/lib'
[1.799s] Level 1:colcon.colcon_core.environment:checking '/home/vd/my_ws/install/py_srvcli/bin'
[1.799s] Level 1:colcon.colcon_core.environment:checking '/home/vd/my_ws/install/py_srvcli/lib/pkgconfig/py_srvcli.pc'
[1.800s] Level 1:colcon.colcon_core.environment:checking '/home/vd/my_ws/install/py_srvcli/lib/python3.10/site-packages'
[1.800s] Level 1:colcon.colcon_core.shell:create_environment_hook('py_srvcli', 'pythonpath')
[1.800s] INFO:colcon.colcon_core.shell:Creating environment hook '/home/vd/my_ws/install/py_srvcli/share/py_srvcli/hook/pythonpath.ps1'
[1.800s] INFO:colcon.colcon_core.shell:Creating environment descriptor '/home/vd/my_ws/install/py_srvcli/share/py_srvcli/hook/pythonpath.dsv'
[1.800s] INFO:colcon.colcon_core.shell:Creating environment hook '/home/vd/my_ws/install/py_srvcli/share/py_srvcli/hook/pythonpath.sh'
[1.801s] Level 1:colcon.colcon_core.environment:checking '/home/vd/my_ws/install/py_srvcli/bin'
[1.801s] Level 1:colcon.colcon_core.environment:create_environment_scripts_only(py_srvcli)
[1.801s] INFO:colcon.colcon_core.shell:Creating package script '/home/vd/my_ws/install/py_srvcli/share/py_srvcli/package.ps1'
[1.801s] INFO:colcon.colcon_core.shell:Creating package descriptor '/home/vd/my_ws/install/py_srvcli/share/py_srvcli/package.dsv'
[1.801s] INFO:colcon.colcon_core.shell:Creating package script '/home/vd/my_ws/install/py_srvcli/share/py_srvcli/package.sh'
[1.802s] INFO:colcon.colcon_core.shell:Creating package script '/home/vd/my_ws/install/py_srvcli/share/py_srvcli/package.bash'
[1.802s] INFO:colcon.colcon_core.shell:Creating package script '/home/vd/my_ws/install/py_srvcli/share/py_srvcli/package.zsh'
[1.802s] Level 1:colcon.colcon_core.environment:create_file_with_runtime_dependencies(/home/vd/my_ws/install/py_srvcli/share/colcon-core/packages/py_srvcli)
[1.803s] Level 1:colcon.colcon_core.environment:checking '/home/vd/my_ws/install/sensor_py_pkg' for CMake module files
[1.803s] DEBUG:colcon.colcon_core.event_handler.log_command:Invoked command in '/home/vd/my_ws/src/sensor_py_pkg' returned '0': AMENT_PREFIX_PATH=/home/vd/my_ws/install/sensor_cpp_interface:${AMENT_PREFIX_PATH} CMAKE_PREFIX_PATH=/home/vd/my_ws/install/sensor_cpp_interface:${CMAKE_PREFIX_PATH} LD_LIBRARY_PATH=/home/vd/my_ws/install/sensor_cpp_interface/lib:${LD_LIBRARY_PATH} PYTHONPATH=/home/vd/my_ws/build/sensor_py_pkg/prefix_override:/usr/lib/python3/dist-packages/colcon_core/task/python/colcon_distutils_commands:/home/vd/my_ws/install/sensor_py_pkg/lib/python3.10/site-packages:/home/vd/my_ws/install/sensor_cpp_interface/local/lib/python3.10/dist-packages:${PYTHONPATH} /usr/bin/python3 -W ignore:setup.py install is deprecated -W ignore:easy_install command is deprecated setup.py egg_info --egg-base ../../build/sensor_py_pkg build --build-base /home/vd/my_ws/build/sensor_py_pkg/build install --record /home/vd/my_ws/build/sensor_py_pkg/install.log --single-version-externally-managed install_data
[1.803s] Level 1:colcon.colcon_core.environment:checking '/home/vd/my_ws/install/sensor_py_pkg' for CMake config files
[1.804s] Level 1:colcon.colcon_core.environment:checking '/home/vd/my_ws/install/sensor_py_pkg/lib'
[1.804s] Level 1:colcon.colcon_core.environment:checking '/home/vd/my_ws/install/sensor_py_pkg/bin'
[1.804s] Level 1:colcon.colcon_core.environment:checking '/home/vd/my_ws/install/sensor_py_pkg/lib/pkgconfig/sensor_py_pkg.pc'
[1.804s] Level 1:colcon.colcon_core.environment:checking '/home/vd/my_ws/install/sensor_py_pkg/lib/python3.10/site-packages'
[1.804s] Level 1:colcon.colcon_core.shell:create_environment_hook('sensor_py_pkg', 'pythonpath')
[1.804s] INFO:colcon.colcon_core.shell:Creating environment hook '/home/vd/my_ws/install/sensor_py_pkg/share/sensor_py_pkg/hook/pythonpath.ps1'
[1.804s] INFO:colcon.colcon_core.shell:Creating environment descriptor '/home/vd/my_ws/install/sensor_py_pkg/share/sensor_py_pkg/hook/pythonpath.dsv'
[1.805s] INFO:colcon.colcon_core.shell:Creating environment hook '/home/vd/my_ws/install/sensor_py_pkg/share/sensor_py_pkg/hook/pythonpath.sh'
[1.805s] Level 1:colcon.colcon_core.environment:checking '/home/vd/my_ws/install/sensor_py_pkg/bin'
[1.805s] Level 1:colcon.colcon_core.environment:create_environment_scripts_only(sensor_py_pkg)
[1.805s] INFO:colcon.colcon_core.shell:Creating package script '/home/vd/my_ws/install/sensor_py_pkg/share/sensor_py_pkg/package.ps1'
[1.805s] INFO:colcon.colcon_core.shell:Creating package descriptor '/home/vd/my_ws/install/sensor_py_pkg/share/sensor_py_pkg/package.dsv'
[1.806s] INFO:colcon.colcon_core.shell:Creating package script '/home/vd/my_ws/install/sensor_py_pkg/share/sensor_py_pkg/package.sh'
[1.806s] INFO:colcon.colcon_core.shell:Creating package script '/home/vd/my_ws/install/sensor_py_pkg/share/sensor_py_pkg/package.bash'
[1.806s] INFO:colcon.colcon_core.shell:Creating package script '/home/vd/my_ws/install/sensor_py_pkg/share/sensor_py_pkg/package.zsh'
[1.806s] Level 1:colcon.colcon_core.environment:create_file_with_runtime_dependencies(/home/vd/my_ws/install/sensor_py_pkg/share/colcon-core/packages/sensor_py_pkg)
[1.807s] DEBUG:colcon.colcon_parallel_executor.executor.parallel:closing loop
[1.807s] DEBUG:colcon.colcon_parallel_executor.executor.parallel:loop closed
[1.807s] DEBUG:colcon.colcon_parallel_executor.executor.parallel:run_until_complete finished with '0'
[1.807s] DEBUG:colcon.colcon_core.event_reactor:joining thread
[1.811s] INFO:colcon.colcon_core.plugin_system:Skipping extension 'colcon_notification.desktop_notification.terminal_notifier': Not used on non-Darwin systems
[1.811s] INFO:colcon.colcon_core.plugin_system:Skipping extension 'colcon_notification.desktop_notification.win32': Not used on non-Windows systems
[1.811s] INFO:colcon.colcon_notification.desktop_notification:Sending desktop notification using 'notify2'
[1.829s] DEBUG:colcon.colcon_core.event_reactor:joined thread
[1.830s] INFO:colcon.colcon_core.shell:Creating prefix script '/home/vd/my_ws/install/local_setup.ps1'
[1.831s] INFO:colcon.colcon_core.shell:Creating prefix util module '/home/vd/my_ws/install/_local_setup_util_ps1.py'
[1.833s] INFO:colcon.colcon_core.shell:Creating prefix chain script '/home/vd/my_ws/install/setup.ps1'
[1.835s] INFO:colcon.colcon_core.shell:Creating prefix script '/home/vd/my_ws/install/local_setup.sh'
[1.836s] INFO:colcon.colcon_core.shell:Creating prefix util module '/home/vd/my_ws/install/_local_setup_util_sh.py'
[1.837s] INFO:colcon.colcon_core.shell:Creating prefix chain script '/home/vd/my_ws/install/setup.sh'
[1.838s] INFO:colcon.colcon_core.shell:Creating prefix script '/home/vd/my_ws/install/local_setup.bash'
[1.839s] INFO:colcon.colcon_core.shell:Creating prefix chain script '/home/vd/my_ws/install/setup.bash'
[1.840s] INFO:colcon.colcon_core.shell:Creating prefix script '/home/vd/my_ws/install/local_setup.zsh'
[1.841s] INFO:colcon.colcon_core.shell:Creating prefix chain script '/home/vd/my_ws/install/setup.zsh'
