[0.704s] Invoking command in '/home/vd/my_ws/src/py_srvcli': PYTHONPATH=/home/vd/my_ws/build/py_srvcli/prefix_override:/usr/lib/python3/dist-packages/colcon_core/task/python/colcon_distutils_commands:/home/vd/my_ws/install/py_srvcli/lib/python3.10/site-packages:${PYTHONPATH} /usr/bin/python3 -W ignore:setup.py install is deprecated -W ignore:easy_install command is deprecated setup.py egg_info --egg-base ../../build/py_srvcli build --build-base /home/vd/my_ws/build/py_srvcli/build install --record /home/vd/my_ws/build/py_srvcli/install.log --single-version-externally-managed install_data
[0.882s] running egg_info
[0.883s] writing ../../build/py_srvcli/py_srvcli.egg-info/PKG-INFO
[0.884s] writing dependency_links to ../../build/py_srvcli/py_srvcli.egg-info/dependency_links.txt
[0.884s] writing entry points to ../../build/py_srvcli/py_srvcli.egg-info/entry_points.txt
[0.884s] writing requirements to ../../build/py_srvcli/py_srvcli.egg-info/requires.txt
[0.884s] writing top-level names to ../../build/py_srvcli/py_srvcli.egg-info/top_level.txt
[0.885s] reading manifest file '../../build/py_srvcli/py_srvcli.egg-info/SOURCES.txt'
[0.885s] adding license file 'LICENSE'
[0.885s] writing manifest file '../../build/py_srvcli/py_srvcli.egg-info/SOURCES.txt'
[0.885s] running build
[0.885s] running build_py
[0.886s] running install
[0.886s] running install_lib
[0.887s] running install_data
[0.887s] running install_egg_info
[0.888s] removing '/home/vd/my_ws/install/py_srvcli/lib/python3.10/site-packages/py_srvcli-0.0.0-py3.10.egg-info' (and everything under it)
[0.889s] Copying ../../build/py_srvcli/py_srvcli.egg-info to /home/vd/my_ws/install/py_srvcli/lib/python3.10/site-packages/py_srvcli-0.0.0-py3.10.egg-info
[0.889s] running install_scripts
[0.904s] Installing Act_Client script to /home/vd/my_ws/install/py_srvcli/lib/py_srvcli
[0.904s] Installing Act_Server script to /home/vd/my_ws/install/py_srvcli/lib/py_srvcli
[0.904s] Installing client script to /home/vd/my_ws/install/py_srvcli/lib/py_srvcli
[0.905s] Installing server script to /home/vd/my_ws/install/py_srvcli/lib/py_srvcli
[0.905s] writing list of installed files to '/home/vd/my_ws/build/py_srvcli/install.log'
[0.942s] Invoked command in '/home/vd/my_ws/src/py_srvcli' returned '0': PYTHONPATH=/home/vd/my_ws/build/py_srvcli/prefix_override:/usr/lib/python3/dist-packages/colcon_core/task/python/colcon_distutils_commands:/home/vd/my_ws/install/py_srvcli/lib/python3.10/site-packages:${PYTHONPATH} /usr/bin/python3 -W ignore:setup.py install is deprecated -W ignore:easy_install command is deprecated setup.py egg_info --egg-base ../../build/py_srvcli build --build-base /home/vd/my_ws/build/py_srvcli/build install --record /home/vd/my_ws/build/py_srvcli/install.log --single-version-externally-managed install_data
