-- Found ament_cmake: 1.3.10 (/opt/ros/humble/share/ament_cmake/cmake)
-- Found rosidl_default_generators: 1.2.0 (/opt/ros/humble/share/rosidl_default_generators/cmake)
-- Using all available rosidl_typesupport_c: rosidl_typesupport_fastrtps_c;rosidl_typesupport_introspection_c
-- Found rosidl_adapter: 3.1.5 (/opt/ros/humble/share/rosidl_adapter/cmake)
-- Using all available rosidl_typesupport_cpp: rosidl_typesupport_fastrtps_cpp;rosidl_typesupport_introspection_cpp
-- Found ament_cmake_ros: 0.10.0 (/opt/ros/humble/share/ament_cmake_ros/cmake)
-- Using all available rosidl_typesupport_c: rosidl_typesupport_fastrtps_c;rosidl_typesupport_introspection_c
-- Using all available rosidl_typesupport_cpp: rosidl_typesupport_fastrtps_cpp;rosidl_typesupport_introspection_cpp
-- Found python_cmake_module: 0.10.0 (/opt/ros/humble/share/python_cmake_module/cmake)
-- Using PYTHON_EXECUTABLE: /usr/bin/python3
-- Using PYTHON_INCLUDE_DIRS: /usr/include/python3.10
-- Using PYTHON_LIBRARIES: /usr/lib/x86_64-linux-gnu/libpython3.10.so
-- Configuring done
-- Generating done
-- Build files have been written to: /home/vd/my_ws/build/sensor_cpp_interface
[35m[1mConsolidate compiler generated dependencies of target sensor_cpp_interface__rosidl_generator_c[0m
[ 10%] Built target sensor_cpp_interface__rosidl_generator_c
[ 12%] Built target sensor_cpp_interface__cpp
[ 12%] Built target ament_cmake_python_copy_sensor_cpp_interface
[35m[1mConsolidate compiler generated dependencies of target sensor_cpp_interface__rosidl_typesupport_introspection_c[0m
[35m[1mConsolidate compiler generated dependencies of target sensor_cpp_interface__rosidl_typesupport_fastrtps_c[0m
[35m[1mConsolidate compiler generated dependencies of target sensor_cpp_interface__rosidl_typesupport_c[0m
[ 23%] Built target sensor_cpp_interface__rosidl_typesupport_c
[ 34%] Built target sensor_cpp_interface__rosidl_typesupport_fastrtps_c
[35m[1mConsolidate compiler generated dependencies of target sensor_cpp_interface__rosidl_typesupport_fastrtps_cpp[0m
[ 44%] Built target sensor_cpp_interface__rosidl_typesupport_introspection_c
[35m[1mConsolidate compiler generated dependencies of target sensor_cpp_interface__rosidl_typesupport_introspection_cpp[0m
[ 55%] Built target sensor_cpp_interface__rosidl_typesupport_fastrtps_cpp
[35m[1mConsolidate compiler generated dependencies of target sensor_cpp_interface__rosidl_typesupport_cpp[0m
[ 65%] Built target sensor_cpp_interface__rosidl_typesupport_introspection_cpp
[ 76%] Built target sensor_cpp_interface__rosidl_typesupport_cpp
[ 76%] Built target sensor_cpp_interface
[ 78%] Built target sensor_cpp_interface__py
[35m[1mConsolidate compiler generated dependencies of target sensor_cpp_interface__rosidl_generator_py[0m
[ 87%] Built target sensor_cpp_interface__rosidl_generator_py
[35m[1mConsolidate compiler generated dependencies of target sensor_cpp_interface__rosidl_typesupport_introspection_c__pyext[0m
[35m[1mConsolidate compiler generated dependencies of target sensor_cpp_interface__rosidl_typesupport_c__pyext[0m
[35m[1mConsolidate compiler generated dependencies of target sensor_cpp_interface__rosidl_typesupport_fastrtps_c__pyext[0m
[ 91%] Built target sensor_cpp_interface__rosidl_typesupport_introspection_c__pyext
[ 95%] Built target sensor_cpp_interface__rosidl_typesupport_fastrtps_c__pyext
[100%] Built target sensor_cpp_interface__rosidl_typesupport_c__pyext
running egg_info
writing sensor_cpp_interface.egg-info/PKG-INFO
writing dependency_links to sensor_cpp_interface.egg-info/dependency_links.txt
writing top-level names to sensor_cpp_interface.egg-info/top_level.txt
reading manifest file 'sensor_cpp_interface.egg-info/SOURCES.txt'
writing manifest file 'sensor_cpp_interface.egg-info/SOURCES.txt'
[100%] Built target ament_cmake_python_build_sensor_cpp_interface_egg
-- Install configuration: ""
-- Up-to-date: /home/vd/my_ws/install/sensor_cpp_interface/share/ament_index/resource_index/rosidl_interfaces/sensor_cpp_interface
-- Up-to-date: /home/vd/my_ws/install/sensor_cpp_interface/include/sensor_cpp_interface/sensor_cpp_interface
-- Up-to-date: /home/vd/my_ws/install/sensor_cpp_interface/include/sensor_cpp_interface/sensor_cpp_interface/action
-- Up-to-date: /home/vd/my_ws/install/sensor_cpp_interface/include/sensor_cpp_interface/sensor_cpp_interface/action/detail
-- Up-to-date: /home/vd/my_ws/install/sensor_cpp_interface/include/sensor_cpp_interface/sensor_cpp_interface/action/detail/fib__struct.h
-- Up-to-date: /home/vd/my_ws/install/sensor_cpp_interface/include/sensor_cpp_interface/sensor_cpp_interface/action/detail/fib__type_support.h
-- Up-to-date: /home/vd/my_ws/install/sensor_cpp_interface/include/sensor_cpp_interface/sensor_cpp_interface/action/detail/fib__functions.h
-- Up-to-date: /home/vd/my_ws/install/sensor_cpp_interface/include/sensor_cpp_interface/sensor_cpp_interface/action/detail/fib__functions.c
-- Up-to-date: /home/vd/my_ws/install/sensor_cpp_interface/include/sensor_cpp_interface/sensor_cpp_interface/action/fib.h
-- Up-to-date: /home/vd/my_ws/install/sensor_cpp_interface/include/sensor_cpp_interface/sensor_cpp_interface/msg
-- Up-to-date: /home/vd/my_ws/install/sensor_cpp_interface/include/sensor_cpp_interface/sensor_cpp_interface/msg/rosidl_generator_c__visibility_control.h
-- Up-to-date: /home/vd/my_ws/install/sensor_cpp_interface/include/sensor_cpp_interface/sensor_cpp_interface/msg/sensor_data.h
-- Up-to-date: /home/vd/my_ws/install/sensor_cpp_interface/include/sensor_cpp_interface/sensor_cpp_interface/msg/detail
-- Up-to-date: /home/vd/my_ws/install/sensor_cpp_interface/include/sensor_cpp_interface/sensor_cpp_interface/msg/detail/sensor_data__functions.c
-- Up-to-date: /home/vd/my_ws/install/sensor_cpp_interface/include/sensor_cpp_interface/sensor_cpp_interface/msg/detail/sensor_data__struct.h
-- Up-to-date: /home/vd/my_ws/install/sensor_cpp_interface/include/sensor_cpp_interface/sensor_cpp_interface/msg/detail/sensor_data__type_support.h
-- Up-to-date: /home/vd/my_ws/install/sensor_cpp_interface/include/sensor_cpp_interface/sensor_cpp_interface/msg/detail/sensor_data__functions.h
-- Up-to-date: /home/vd/my_ws/install/sensor_cpp_interface/include/sensor_cpp_interface/sensor_cpp_interface/srv
-- Up-to-date: /home/vd/my_ws/install/sensor_cpp_interface/include/sensor_cpp_interface/sensor_cpp_interface/srv/addition.h
-- Up-to-date: /home/vd/my_ws/install/sensor_cpp_interface/include/sensor_cpp_interface/sensor_cpp_interface/srv/detail
-- Up-to-date: /home/vd/my_ws/install/sensor_cpp_interface/include/sensor_cpp_interface/sensor_cpp_interface/srv/detail/addition__type_support.h
-- Up-to-date: /home/vd/my_ws/install/sensor_cpp_interface/include/sensor_cpp_interface/sensor_cpp_interface/srv/detail/addition__functions.c
-- Up-to-date: /home/vd/my_ws/install/sensor_cpp_interface/include/sensor_cpp_interface/sensor_cpp_interface/srv/detail/addition__functions.h
-- Up-to-date: /home/vd/my_ws/install/sensor_cpp_interface/include/sensor_cpp_interface/sensor_cpp_interface/srv/detail/addition__struct.h
-- Up-to-date: /home/vd/my_ws/install/sensor_cpp_interface/share/sensor_cpp_interface/environment/library_path.sh
-- Installing: /home/vd/my_ws/install/sensor_cpp_interface/share/sensor_cpp_interface/environment/library_path.dsv
-- Up-to-date: /home/vd/my_ws/install/sensor_cpp_interface/lib/libsensor_cpp_interface__rosidl_generator_c.so
-- Up-to-date: /home/vd/my_ws/install/sensor_cpp_interface/include/sensor_cpp_interface/sensor_cpp_interface
-- Up-to-date: /home/vd/my_ws/install/sensor_cpp_interface/include/sensor_cpp_interface/sensor_cpp_interface/action
-- Up-to-date: /home/vd/my_ws/install/sensor_cpp_interface/include/sensor_cpp_interface/sensor_cpp_interface/action/detail
-- Up-to-date: /home/vd/my_ws/install/sensor_cpp_interface/include/sensor_cpp_interface/sensor_cpp_interface/action/detail/fib__rosidl_typesupport_fastrtps_c.h
-- Up-to-date: /home/vd/my_ws/install/sensor_cpp_interface/include/sensor_cpp_interface/sensor_cpp_interface/msg
-- Up-to-date: /home/vd/my_ws/install/sensor_cpp_interface/include/sensor_cpp_interface/sensor_cpp_interface/msg/rosidl_typesupport_fastrtps_c__visibility_control.h
-- Up-to-date: /home/vd/my_ws/install/sensor_cpp_interface/include/sensor_cpp_interface/sensor_cpp_interface/msg/detail
-- Up-to-date: /home/vd/my_ws/install/sensor_cpp_interface/include/sensor_cpp_interface/sensor_cpp_interface/msg/detail/sensor_data__rosidl_typesupport_fastrtps_c.h
-- Up-to-date: /home/vd/my_ws/install/sensor_cpp_interface/include/sensor_cpp_interface/sensor_cpp_interface/srv
-- Up-to-date: /home/vd/my_ws/install/sensor_cpp_interface/include/sensor_cpp_interface/sensor_cpp_interface/srv/detail
-- Up-to-date: /home/vd/my_ws/install/sensor_cpp_interface/include/sensor_cpp_interface/sensor_cpp_interface/srv/detail/addition__rosidl_typesupport_fastrtps_c.h
-- Up-to-date: /home/vd/my_ws/install/sensor_cpp_interface/lib/libsensor_cpp_interface__rosidl_typesupport_fastrtps_c.so
-- Up-to-date: /home/vd/my_ws/install/sensor_cpp_interface/include/sensor_cpp_interface/sensor_cpp_interface
-- Up-to-date: /home/vd/my_ws/install/sensor_cpp_interface/include/sensor_cpp_interface/sensor_cpp_interface/action
-- Up-to-date: /home/vd/my_ws/install/sensor_cpp_interface/include/sensor_cpp_interface/sensor_cpp_interface/action/detail
-- Up-to-date: /home/vd/my_ws/install/sensor_cpp_interface/include/sensor_cpp_interface/sensor_cpp_interface/action/detail/fib__rosidl_typesupport_introspection_c.h
-- Up-to-date: /home/vd/my_ws/install/sensor_cpp_interface/include/sensor_cpp_interface/sensor_cpp_interface/action/detail/fib__type_support.c
-- Up-to-date: /home/vd/my_ws/install/sensor_cpp_interface/include/sensor_cpp_interface/sensor_cpp_interface/msg
-- Up-to-date: /home/vd/my_ws/install/sensor_cpp_interface/include/sensor_cpp_interface/sensor_cpp_interface/msg/rosidl_typesupport_introspection_c__visibility_control.h
-- Up-to-date: /home/vd/my_ws/install/sensor_cpp_interface/include/sensor_cpp_interface/sensor_cpp_interface/msg/detail
-- Up-to-date: /home/vd/my_ws/install/sensor_cpp_interface/include/sensor_cpp_interface/sensor_cpp_interface/msg/detail/sensor_data__rosidl_typesupport_introspection_c.h
-- Up-to-date: /home/vd/my_ws/install/sensor_cpp_interface/include/sensor_cpp_interface/sensor_cpp_interface/msg/detail/sensor_data__type_support.c
-- Up-to-date: /home/vd/my_ws/install/sensor_cpp_interface/include/sensor_cpp_interface/sensor_cpp_interface/srv
-- Up-to-date: /home/vd/my_ws/install/sensor_cpp_interface/include/sensor_cpp_interface/sensor_cpp_interface/srv/detail
-- Up-to-date: /home/vd/my_ws/install/sensor_cpp_interface/include/sensor_cpp_interface/sensor_cpp_interface/srv/detail/addition__rosidl_typesupport_introspection_c.h
-- Up-to-date: /home/vd/my_ws/install/sensor_cpp_interface/include/sensor_cpp_interface/sensor_cpp_interface/srv/detail/addition__type_support.c
-- Up-to-date: /home/vd/my_ws/install/sensor_cpp_interface/lib/libsensor_cpp_interface__rosidl_typesupport_introspection_c.so
-- Up-to-date: /home/vd/my_ws/install/sensor_cpp_interface/lib/libsensor_cpp_interface__rosidl_typesupport_c.so
-- Up-to-date: /home/vd/my_ws/install/sensor_cpp_interface/include/sensor_cpp_interface/sensor_cpp_interface
-- Up-to-date: /home/vd/my_ws/install/sensor_cpp_interface/include/sensor_cpp_interface/sensor_cpp_interface/action
-- Up-to-date: /home/vd/my_ws/install/sensor_cpp_interface/include/sensor_cpp_interface/sensor_cpp_interface/action/fib.hpp
-- Up-to-date: /home/vd/my_ws/install/sensor_cpp_interface/include/sensor_cpp_interface/sensor_cpp_interface/action/detail
-- Up-to-date: /home/vd/my_ws/install/sensor_cpp_interface/include/sensor_cpp_interface/sensor_cpp_interface/action/detail/fib__builder.hpp
-- Up-to-date: /home/vd/my_ws/install/sensor_cpp_interface/include/sensor_cpp_interface/sensor_cpp_interface/action/detail/fib__traits.hpp
-- Up-to-date: /home/vd/my_ws/install/sensor_cpp_interface/include/sensor_cpp_interface/sensor_cpp_interface/action/detail/fib__struct.hpp
-- Up-to-date: /home/vd/my_ws/install/sensor_cpp_interface/include/sensor_cpp_interface/sensor_cpp_interface/msg
-- Up-to-date: /home/vd/my_ws/install/sensor_cpp_interface/include/sensor_cpp_interface/sensor_cpp_interface/msg/detail
-- Up-to-date: /home/vd/my_ws/install/sensor_cpp_interface/include/sensor_cpp_interface/sensor_cpp_interface/msg/detail/sensor_data__struct.hpp
-- Up-to-date: /home/vd/my_ws/install/sensor_cpp_interface/include/sensor_cpp_interface/sensor_cpp_interface/msg/detail/sensor_data__traits.hpp
-- Up-to-date: /home/vd/my_ws/install/sensor_cpp_interface/include/sensor_cpp_interface/sensor_cpp_interface/msg/detail/sensor_data__builder.hpp
-- Up-to-date: /home/vd/my_ws/install/sensor_cpp_interface/include/sensor_cpp_interface/sensor_cpp_interface/msg/sensor_data.hpp
-- Up-to-date: /home/vd/my_ws/install/sensor_cpp_interface/include/sensor_cpp_interface/sensor_cpp_interface/srv
-- Up-to-date: /home/vd/my_ws/install/sensor_cpp_interface/include/sensor_cpp_interface/sensor_cpp_interface/srv/addition.hpp
-- Up-to-date: /home/vd/my_ws/install/sensor_cpp_interface/include/sensor_cpp_interface/sensor_cpp_interface/srv/detail
-- Up-to-date: /home/vd/my_ws/install/sensor_cpp_interface/include/sensor_cpp_interface/sensor_cpp_interface/srv/detail/addition__builder.hpp
-- Up-to-date: /home/vd/my_ws/install/sensor_cpp_interface/include/sensor_cpp_interface/sensor_cpp_interface/srv/detail/addition__struct.hpp
-- Up-to-date: /home/vd/my_ws/install/sensor_cpp_interface/include/sensor_cpp_interface/sensor_cpp_interface/srv/detail/addition__traits.hpp
-- Up-to-date: /home/vd/my_ws/install/sensor_cpp_interface/include/sensor_cpp_interface/sensor_cpp_interface
-- Up-to-date: /home/vd/my_ws/install/sensor_cpp_interface/include/sensor_cpp_interface/sensor_cpp_interface/action
-- Up-to-date: /home/vd/my_ws/install/sensor_cpp_interface/include/sensor_cpp_interface/sensor_cpp_interface/action/detail
-- Up-to-date: /home/vd/my_ws/install/sensor_cpp_interface/include/sensor_cpp_interface/sensor_cpp_interface/action/detail/dds_fastrtps
-- Up-to-date: /home/vd/my_ws/install/sensor_cpp_interface/include/sensor_cpp_interface/sensor_cpp_interface/action/detail/fib__rosidl_typesupport_fastrtps_cpp.hpp
-- Up-to-date: /home/vd/my_ws/install/sensor_cpp_interface/include/sensor_cpp_interface/sensor_cpp_interface/msg
-- Up-to-date: /home/vd/my_ws/install/sensor_cpp_interface/include/sensor_cpp_interface/sensor_cpp_interface/msg/rosidl_typesupport_fastrtps_cpp__visibility_control.h
-- Up-to-date: /home/vd/my_ws/install/sensor_cpp_interface/include/sensor_cpp_interface/sensor_cpp_interface/msg/detail
-- Up-to-date: /home/vd/my_ws/install/sensor_cpp_interface/include/sensor_cpp_interface/sensor_cpp_interface/msg/detail/dds_fastrtps
-- Up-to-date: /home/vd/my_ws/install/sensor_cpp_interface/include/sensor_cpp_interface/sensor_cpp_interface/msg/detail/sensor_data__rosidl_typesupport_fastrtps_cpp.hpp
-- Up-to-date: /home/vd/my_ws/install/sensor_cpp_interface/include/sensor_cpp_interface/sensor_cpp_interface/srv
-- Up-to-date: /home/vd/my_ws/install/sensor_cpp_interface/include/sensor_cpp_interface/sensor_cpp_interface/srv/detail
-- Up-to-date: /home/vd/my_ws/install/sensor_cpp_interface/include/sensor_cpp_interface/sensor_cpp_interface/srv/detail/dds_fastrtps
-- Up-to-date: /home/vd/my_ws/install/sensor_cpp_interface/include/sensor_cpp_interface/sensor_cpp_interface/srv/detail/addition__rosidl_typesupport_fastrtps_cpp.hpp
-- Up-to-date: /home/vd/my_ws/install/sensor_cpp_interface/lib/libsensor_cpp_interface__rosidl_typesupport_fastrtps_cpp.so
-- Up-to-date: /home/vd/my_ws/install/sensor_cpp_interface/include/sensor_cpp_interface/sensor_cpp_interface
-- Up-to-date: /home/vd/my_ws/install/sensor_cpp_interface/include/sensor_cpp_interface/sensor_cpp_interface/action
-- Up-to-date: /home/vd/my_ws/install/sensor_cpp_interface/include/sensor_cpp_interface/sensor_cpp_interface/action/detail
-- Up-to-date: /home/vd/my_ws/install/sensor_cpp_interface/include/sensor_cpp_interface/sensor_cpp_interface/action/detail/fib__rosidl_typesupport_introspection_cpp.hpp
-- Up-to-date: /home/vd/my_ws/install/sensor_cpp_interface/include/sensor_cpp_interface/sensor_cpp_interface/action/detail/fib__type_support.cpp
-- Up-to-date: /home/vd/my_ws/install/sensor_cpp_interface/include/sensor_cpp_interface/sensor_cpp_interface/msg
-- Up-to-date: /home/vd/my_ws/install/sensor_cpp_interface/include/sensor_cpp_interface/sensor_cpp_interface/msg/detail
-- Up-to-date: /home/vd/my_ws/install/sensor_cpp_interface/include/sensor_cpp_interface/sensor_cpp_interface/msg/detail/sensor_data__rosidl_typesupport_introspection_cpp.hpp
-- Up-to-date: /home/vd/my_ws/install/sensor_cpp_interface/include/sensor_cpp_interface/sensor_cpp_interface/msg/detail/sensor_data__type_support.cpp
-- Up-to-date: /home/vd/my_ws/install/sensor_cpp_interface/include/sensor_cpp_interface/sensor_cpp_interface/srv
-- Up-to-date: /home/vd/my_ws/install/sensor_cpp_interface/include/sensor_cpp_interface/sensor_cpp_interface/srv/detail
-- Up-to-date: /home/vd/my_ws/install/sensor_cpp_interface/include/sensor_cpp_interface/sensor_cpp_interface/srv/detail/addition__rosidl_typesupport_introspection_cpp.hpp
-- Up-to-date: /home/vd/my_ws/install/sensor_cpp_interface/include/sensor_cpp_interface/sensor_cpp_interface/srv/detail/addition__type_support.cpp
-- Up-to-date: /home/vd/my_ws/install/sensor_cpp_interface/lib/libsensor_cpp_interface__rosidl_typesupport_introspection_cpp.so
-- Up-to-date: /home/vd/my_ws/install/sensor_cpp_interface/lib/libsensor_cpp_interface__rosidl_typesupport_cpp.so
-- Up-to-date: /home/vd/my_ws/install/sensor_cpp_interface/share/sensor_cpp_interface/environment/pythonpath.sh
-- Installing: /home/vd/my_ws/install/sensor_cpp_interface/share/sensor_cpp_interface/environment/pythonpath.dsv
-- Up-to-date: /home/vd/my_ws/install/sensor_cpp_interface/local/lib/python3.10/dist-packages/sensor_cpp_interface-0.0.0-py3.10.egg-info
-- Installing: /home/vd/my_ws/install/sensor_cpp_interface/local/lib/python3.10/dist-packages/sensor_cpp_interface-0.0.0-py3.10.egg-info/SOURCES.txt
-- Installing: /home/vd/my_ws/install/sensor_cpp_interface/local/lib/python3.10/dist-packages/sensor_cpp_interface-0.0.0-py3.10.egg-info/PKG-INFO
-- Installing: /home/vd/my_ws/install/sensor_cpp_interface/local/lib/python3.10/dist-packages/sensor_cpp_interface-0.0.0-py3.10.egg-info/top_level.txt
-- Installing: /home/vd/my_ws/install/sensor_cpp_interface/local/lib/python3.10/dist-packages/sensor_cpp_interface-0.0.0-py3.10.egg-info/dependency_links.txt
-- Up-to-date: /home/vd/my_ws/install/sensor_cpp_interface/local/lib/python3.10/dist-packages/sensor_cpp_interface
-- Up-to-date: /home/vd/my_ws/install/sensor_cpp_interface/local/lib/python3.10/dist-packages/sensor_cpp_interface/sensor_cpp_interface_s__rosidl_typesupport_c.cpython-310-x86_64-linux-gnu.so
-- Up-to-date: /home/vd/my_ws/install/sensor_cpp_interface/local/lib/python3.10/dist-packages/sensor_cpp_interface/sensor_cpp_interface_s__rosidl_typesupport_introspection_c.cpython-310-x86_64-linux-gnu.so
-- Up-to-date: /home/vd/my_ws/install/sensor_cpp_interface/local/lib/python3.10/dist-packages/sensor_cpp_interface/_sensor_cpp_interface_s.ep.rosidl_typesupport_c.c
-- Up-to-date: /home/vd/my_ws/install/sensor_cpp_interface/local/lib/python3.10/dist-packages/sensor_cpp_interface/_sensor_cpp_interface_s.ep.rosidl_typesupport_fastrtps_c.c
-- Up-to-date: /home/vd/my_ws/install/sensor_cpp_interface/local/lib/python3.10/dist-packages/sensor_cpp_interface/libsensor_cpp_interface__rosidl_generator_py.so
-- Up-to-date: /home/vd/my_ws/install/sensor_cpp_interface/local/lib/python3.10/dist-packages/sensor_cpp_interface/_sensor_cpp_interface_s.ep.rosidl_typesupport_introspection_c.c
-- Up-to-date: /home/vd/my_ws/install/sensor_cpp_interface/local/lib/python3.10/dist-packages/sensor_cpp_interface/action
-- Up-to-date: /home/vd/my_ws/install/sensor_cpp_interface/local/lib/python3.10/dist-packages/sensor_cpp_interface/action/_fib_s.c
-- Up-to-date: /home/vd/my_ws/install/sensor_cpp_interface/local/lib/python3.10/dist-packages/sensor_cpp_interface/action/__init__.py
-- Up-to-date: /home/vd/my_ws/install/sensor_cpp_interface/local/lib/python3.10/dist-packages/sensor_cpp_interface/action/_fib.py
-- Installing: /home/vd/my_ws/install/sensor_cpp_interface/local/lib/python3.10/dist-packages/sensor_cpp_interface/__init__.py
-- Up-to-date: /home/vd/my_ws/install/sensor_cpp_interface/local/lib/python3.10/dist-packages/sensor_cpp_interface/msg
-- Up-to-date: /home/vd/my_ws/install/sensor_cpp_interface/local/lib/python3.10/dist-packages/sensor_cpp_interface/msg/_sensor_data_s.c
-- Up-to-date: /home/vd/my_ws/install/sensor_cpp_interface/local/lib/python3.10/dist-packages/sensor_cpp_interface/msg/_sensor_data.py
-- Up-to-date: /home/vd/my_ws/install/sensor_cpp_interface/local/lib/python3.10/dist-packages/sensor_cpp_interface/msg/__init__.py
-- Up-to-date: /home/vd/my_ws/install/sensor_cpp_interface/local/lib/python3.10/dist-packages/sensor_cpp_interface/sensor_cpp_interface_s__rosidl_typesupport_fastrtps_c.cpython-310-x86_64-linux-gnu.so
-- Up-to-date: /home/vd/my_ws/install/sensor_cpp_interface/local/lib/python3.10/dist-packages/sensor_cpp_interface/srv
-- Up-to-date: /home/vd/my_ws/install/sensor_cpp_interface/local/lib/python3.10/dist-packages/sensor_cpp_interface/srv/_addition_s.c
-- Up-to-date: /home/vd/my_ws/install/sensor_cpp_interface/local/lib/python3.10/dist-packages/sensor_cpp_interface/srv/__init__.py
-- Up-to-date: /home/vd/my_ws/install/sensor_cpp_interface/local/lib/python3.10/dist-packages/sensor_cpp_interface/srv/_addition.py
Listing '/home/vd/my_ws/install/sensor_cpp_interface/local/lib/python3.10/dist-packages/sensor_cpp_interface'...
Compiling '/home/vd/my_ws/install/sensor_cpp_interface/local/lib/python3.10/dist-packages/sensor_cpp_interface/__init__.py'...
Listing '/home/vd/my_ws/install/sensor_cpp_interface/local/lib/python3.10/dist-packages/sensor_cpp_interface/action'...
Listing '/home/vd/my_ws/install/sensor_cpp_interface/local/lib/python3.10/dist-packages/sensor_cpp_interface/msg'...
Listing '/home/vd/my_ws/install/sensor_cpp_interface/local/lib/python3.10/dist-packages/sensor_cpp_interface/srv'...
-- Up-to-date: /home/vd/my_ws/install/sensor_cpp_interface/local/lib/python3.10/dist-packages/sensor_cpp_interface/sensor_cpp_interface_s__rosidl_typesupport_fastrtps_c.cpython-310-x86_64-linux-gnu.so
-- Up-to-date: /home/vd/my_ws/install/sensor_cpp_interface/local/lib/python3.10/dist-packages/sensor_cpp_interface/sensor_cpp_interface_s__rosidl_typesupport_introspection_c.cpython-310-x86_64-linux-gnu.so
-- Up-to-date: /home/vd/my_ws/install/sensor_cpp_interface/local/lib/python3.10/dist-packages/sensor_cpp_interface/sensor_cpp_interface_s__rosidl_typesupport_c.cpython-310-x86_64-linux-gnu.so
-- Up-to-date: /home/vd/my_ws/install/sensor_cpp_interface/lib/libsensor_cpp_interface__rosidl_generator_py.so
-- Up-to-date: /home/vd/my_ws/install/sensor_cpp_interface/share/sensor_cpp_interface/msg/SensorData.idl
-- Up-to-date: /home/vd/my_ws/install/sensor_cpp_interface/share/sensor_cpp_interface/srv/Addition.idl
-- Up-to-date: /home/vd/my_ws/install/sensor_cpp_interface/share/sensor_cpp_interface/action/Fib.idl
-- Up-to-date: /home/vd/my_ws/install/sensor_cpp_interface/share/sensor_cpp_interface/msg/SensorData.msg
-- Installing: /home/vd/my_ws/install/sensor_cpp_interface/share/sensor_cpp_interface/srv/Addition.srv
-- Up-to-date: /home/vd/my_ws/install/sensor_cpp_interface/share/sensor_cpp_interface/srv/Addition_Request.msg
-- Up-to-date: /home/vd/my_ws/install/sensor_cpp_interface/share/sensor_cpp_interface/srv/Addition_Response.msg
-- Up-to-date: /home/vd/my_ws/install/sensor_cpp_interface/share/sensor_cpp_interface/action/Fib.action
-- Up-to-date: /home/vd/my_ws/install/sensor_cpp_interface/share/ament_index/resource_index/package_run_dependencies/sensor_cpp_interface
-- Up-to-date: /home/vd/my_ws/install/sensor_cpp_interface/share/ament_index/resource_index/parent_prefix_path/sensor_cpp_interface
-- Up-to-date: /home/vd/my_ws/install/sensor_cpp_interface/share/sensor_cpp_interface/environment/ament_prefix_path.sh
-- Installing: /home/vd/my_ws/install/sensor_cpp_interface/share/sensor_cpp_interface/environment/ament_prefix_path.dsv
-- Up-to-date: /home/vd/my_ws/install/sensor_cpp_interface/share/sensor_cpp_interface/environment/path.sh
-- Installing: /home/vd/my_ws/install/sensor_cpp_interface/share/sensor_cpp_interface/environment/path.dsv
-- Up-to-date: /home/vd/my_ws/install/sensor_cpp_interface/share/sensor_cpp_interface/local_setup.bash
-- Up-to-date: /home/vd/my_ws/install/sensor_cpp_interface/share/sensor_cpp_interface/local_setup.sh
-- Up-to-date: /home/vd/my_ws/install/sensor_cpp_interface/share/sensor_cpp_interface/local_setup.zsh
-- Installing: /home/vd/my_ws/install/sensor_cpp_interface/share/sensor_cpp_interface/local_setup.dsv
-- Installing: /home/vd/my_ws/install/sensor_cpp_interface/share/sensor_cpp_interface/package.dsv
-- Up-to-date: /home/vd/my_ws/install/sensor_cpp_interface/share/ament_index/resource_index/packages/sensor_cpp_interface
-- Up-to-date: /home/vd/my_ws/install/sensor_cpp_interface/share/sensor_cpp_interface/cmake/export_sensor_cpp_interface__rosidl_generator_cExport.cmake
-- Up-to-date: /home/vd/my_ws/install/sensor_cpp_interface/share/sensor_cpp_interface/cmake/export_sensor_cpp_interface__rosidl_generator_cExport-noconfig.cmake
-- Up-to-date: /home/vd/my_ws/install/sensor_cpp_interface/share/sensor_cpp_interface/cmake/export_sensor_cpp_interface__rosidl_typesupport_fastrtps_cExport.cmake
-- Up-to-date: /home/vd/my_ws/install/sensor_cpp_interface/share/sensor_cpp_interface/cmake/export_sensor_cpp_interface__rosidl_typesupport_fastrtps_cExport-noconfig.cmake
-- Up-to-date: /home/vd/my_ws/install/sensor_cpp_interface/share/sensor_cpp_interface/cmake/sensor_cpp_interface__rosidl_typesupport_introspection_cExport.cmake
-- Up-to-date: /home/vd/my_ws/install/sensor_cpp_interface/share/sensor_cpp_interface/cmake/sensor_cpp_interface__rosidl_typesupport_introspection_cExport-noconfig.cmake
-- Up-to-date: /home/vd/my_ws/install/sensor_cpp_interface/share/sensor_cpp_interface/cmake/sensor_cpp_interface__rosidl_typesupport_cExport.cmake
-- Up-to-date: /home/vd/my_ws/install/sensor_cpp_interface/share/sensor_cpp_interface/cmake/sensor_cpp_interface__rosidl_typesupport_cExport-noconfig.cmake
-- Up-to-date: /home/vd/my_ws/install/sensor_cpp_interface/share/sensor_cpp_interface/cmake/export_sensor_cpp_interface__rosidl_generator_cppExport.cmake
-- Up-to-date: /home/vd/my_ws/install/sensor_cpp_interface/share/sensor_cpp_interface/cmake/export_sensor_cpp_interface__rosidl_typesupport_fastrtps_cppExport.cmake
-- Up-to-date: /home/vd/my_ws/install/sensor_cpp_interface/share/sensor_cpp_interface/cmake/export_sensor_cpp_interface__rosidl_typesupport_fastrtps_cppExport-noconfig.cmake
-- Up-to-date: /home/vd/my_ws/install/sensor_cpp_interface/share/sensor_cpp_interface/cmake/sensor_cpp_interface__rosidl_typesupport_introspection_cppExport.cmake
-- Up-to-date: /home/vd/my_ws/install/sensor_cpp_interface/share/sensor_cpp_interface/cmake/sensor_cpp_interface__rosidl_typesupport_introspection_cppExport-noconfig.cmake
-- Up-to-date: /home/vd/my_ws/install/sensor_cpp_interface/share/sensor_cpp_interface/cmake/sensor_cpp_interface__rosidl_typesupport_cppExport.cmake
-- Up-to-date: /home/vd/my_ws/install/sensor_cpp_interface/share/sensor_cpp_interface/cmake/sensor_cpp_interface__rosidl_typesupport_cppExport-noconfig.cmake
-- Up-to-date: /home/vd/my_ws/install/sensor_cpp_interface/share/sensor_cpp_interface/cmake/export_sensor_cpp_interface__rosidl_generator_pyExport.cmake
-- Up-to-date: /home/vd/my_ws/install/sensor_cpp_interface/share/sensor_cpp_interface/cmake/export_sensor_cpp_interface__rosidl_generator_pyExport-noconfig.cmake
-- Up-to-date: /home/vd/my_ws/install/sensor_cpp_interface/share/sensor_cpp_interface/cmake/rosidl_cmake-extras.cmake
-- Up-to-date: /home/vd/my_ws/install/sensor_cpp_interface/share/sensor_cpp_interface/cmake/ament_cmake_export_dependencies-extras.cmake
-- Up-to-date: /home/vd/my_ws/install/sensor_cpp_interface/share/sensor_cpp_interface/cmake/ament_cmake_export_include_directories-extras.cmake
-- Up-to-date: /home/vd/my_ws/install/sensor_cpp_interface/share/sensor_cpp_interface/cmake/ament_cmake_export_libraries-extras.cmake
-- Up-to-date: /home/vd/my_ws/install/sensor_cpp_interface/share/sensor_cpp_interface/cmake/ament_cmake_export_targets-extras.cmake
-- Up-to-date: /home/vd/my_ws/install/sensor_cpp_interface/share/sensor_cpp_interface/cmake/rosidl_cmake_export_typesupport_targets-extras.cmake
-- Up-to-date: /home/vd/my_ws/install/sensor_cpp_interface/share/sensor_cpp_interface/cmake/rosidl_cmake_export_typesupport_libraries-extras.cmake
-- Up-to-date: /home/vd/my_ws/install/sensor_cpp_interface/share/sensor_cpp_interface/cmake/sensor_cpp_interfaceConfig.cmake
-- Up-to-date: /home/vd/my_ws/install/sensor_cpp_interface/share/sensor_cpp_interface/cmake/sensor_cpp_interfaceConfig-version.cmake
-- Up-to-date: /home/vd/my_ws/install/sensor_cpp_interface/share/sensor_cpp_interface/package.xml
